<?xml version='1.0' encoding='UTF-8' ?>
<testsuites>
  <testsuite errors="7" failures="0" name="com.dashwire.feature.fctnl.test.TestingAllFeatures2Test" package="com.dashwire.feature.fctnl.test" tests="8" time="6515.757" timestamp="1970-08-17T21:54:41">
    <testcase classname="com.dashwire.feature.fctnl.test.TestingAllFeatures2Test" name="testAllNotifications" time="936.981">
      <error>java.lang.StackOverflowError
	at com.dashwire.feature.fctnl.test.TestingAllFeatures2Test.waitTillFeaturesConfigured(TestingAllFeatures2Test.java:215)
	at com.dashwire.feature.fctnl.test.TestingAllFeatures2Test.waitTillFeaturesConfigured(TestingAllFeatures2Test.java:224)
	at com.dashwire.feature.fctnl.test.TestingAllFeatures2Test.waitTillFeaturesConfigured(TestingAllFeatures2Test.java:224)
	at com.dashwire.feature.fctnl.test.TestingAllFeatures2Test.waitTillFeaturesConfigured(TestingAllFeatures2Test.java:224)
	at com.dashwire.feature.fctnl.test.TestingAllFeatures2Test.waitTillFeaturesConfigured(TestingAllFeatures2Test.java:224)
	at com.dashwire.feature.fctnl.test.TestingAllFeatures2Test.waitTillFeaturesConfigured(TestingAllFeatures2Test.java:224)
	at com.dashwire.feature.fctnl.test.TestingAllFeatures2Test.waitTillFeaturesConfigured(TestingAllFeatures2Test.java:224)
	at com.dashwire.feature.fctnl.test.TestingAllFeatures2Test.waitTillFeaturesConfigured(TestingAllFeatures2Test.java:224)
	at com.dashwire.feature.fctnl.test.TestingAllFeatures2Test.waitTillFeaturesConfigured(TestingAllFeatures2Test.java:224)
	at com.dashwire.feature.fctnl.test.TestingAllFeatures2Test.waitTillFeaturesConfigured(TestingAllFeatures2Test.java:224)
	at com.dashwire.feature.fctnl.test.TestingAllFeatures2Test.waitTillFeaturesConfigured(TestingAllFeatures2Test.java:224)
	at com.dashwire.feature.fctnl.test.TestingAllFeatures2Test.waitTillFeaturesConfigured(TestingAllFeatures2Test.java:224)
	at com.dashwire.feature.fctnl.test.TestingAllFeatures2Test.waitTillFeaturesConfigured(TestingAllFeatures2Test.java:224)
	at com.dashwire.feature.fctnl.test.TestingAllFeatures2Test.waitTillFeaturesConfigured(TestingAllFeatures2Test.java:224)
	at com.dashwire.feature.fctnl.test.TestingAllFeatures2Test.waitTillFeaturesConfigured(TestingAllFeatures2Test.java:224)
	at com.dashwire.feature.fctnl.test.TestingAllFeatures2Test.waitTillFeaturesConfigured(TestingAllFeatures2Test.java:224)
	at com.dashwire.feature.fctnl.test.TestingAllFeatures2Test.waitTillFeaturesConfigured(TestingAllFeatures2Test.java:224)
	at com.dashwire.feature.fctnl.test.TestingAllFeatures2Test.waitTillFeaturesConfigured(TestingAllFeatures2Test.java:224)
	at com.dashwire.feature.fctnl.test.TestingAllFeatures2Test.waitTillFeaturesConfigured(TestingAllFeatures2Test.java:224)
	at com.dashwire.feature.fctnl.test.TestingAllFeatures2Test.waitTillFeaturesConfigured(TestingAllFeatures2Test.java:224)
	at com.dashwire.feature.fctnl.test.TestingAllFeatures2Test.waitTillFeaturesConfigured(TestingAllFeatures2Test.java:224)
	at com.dashwire.feature.fctnl.test.TestingAllFeatures2Test.waitTillFeaturesConfigured(TestingAllFeatures2Test.java:224)
	at com.dashwire.feature.fctnl.test.TestingAllFeatures2Test.waitTillFeaturesConfigured(TestingAllFeatures2Test.java:224)
	at com.dashwire.feature.fctnl.test.TestingAllFeatures2Test.waitTillFeaturesConfigured(TestingAllFeatures2Test.java:224)
	at com.dashwire.feature.fctnl.test.TestingAllFeatures2Test.waitTillFeaturesConfigured(TestingAllFeatures2Test.java:224)
	at com.dashwire.feature.fctnl.test.TestingAllFeatures2Test.waitTillFeaturesConfigured(TestingAllFeatures2Test.java:224)
	at com.dashwire.feature.fctnl.test.TestingAllFeatures2Test.waitTillFeaturesConfigured(TestingAllFeatures2Test.java:224)
	at com.dashwire.feature.fctnl.test.TestingAllFeatures2Test.waitTillFeaturesConfigured(TestingAllFeatures2Test.java:224)
	at com.dashwire.feature.fctnl.test.TestingAllFeatures2Test.waitTillFeaturesConfigured(TestingAllFeatures2Test.java:224)
	at com.dashwire.feature.fctnl.test.TestingAllFeatures2Test.waitTillFeaturesConfigured(TestingAllFeatures2Test.java:224)
	at com.dashwire.feature.fctnl.test.TestingAllFeatures2Test.waitTillFeaturesConfigured(TestingAllFeatures2Test.java:224)
	at com.dashwire.feature.fctnl.test.TestingAllFeatures2Test.waitTillFeaturesConfigured(TestingAllFeatures2Test.java:224)
	at com.dashwire.feature.fctnl.test.TestingAllFeatures2Test.waitTillFeaturesConfigured(TestingAllFeatures2Test.java:224)
	at com.dashwire.feature.fctnl.test.TestingAllFeatures2Test.waitTillFeaturesConfigured(TestingAllFeatures2Test.java:224)
	at com.dashwire.feature.fctnl.test.TestingAllFeatures2Test.waitTillFeaturesConfigured(TestingAllFeatures2Test.java:224)
	at com.dashwire.feature.fctnl.test.TestingAllFeatures2Test.waitTillFeaturesConfigured(TestingAllFeatures2Test.java:224)
	at com.dashwire.feature.fctnl.test.TestingAllFeatures2Test.waitTillFeaturesConfigured(TestingAllFeatures2Test.java:224)
	at com.dashwire.feature.fctnl.test.TestingAllFeatures2Test.waitTillFeaturesConfigured(TestingAllFeatures2Test.java:224)
	at com.dashwire.feature.fctnl.test.TestingAllFeatures2Test.waitTillFeaturesConfigured(TestingAllFeatures2Test.java:224)
	at com.dashwire.feature.fctnl.test.TestingAllFeatures2Test.waitTillFeaturesConfigured(TestingAllFeatures2Test.java:224)
	at com.dashwire.feature.fctnl.test.TestingAllFeatures2Test.waitTillFeaturesConfigured(TestingAllFeatures2Test.java:224)
	at com.dashwire.feature.fctnl.test.TestingAllFeatures2Test.waitTillFeaturesConfigured(TestingAllFeatures2Test.java:224)
	at com.dashwire.feature.fctnl.test.TestingAllFeatures2Test.waitTillFeaturesConfigured(TestingAllFeatures2Test.java:224)
	at com.dashwire.feature.fctnl.test.TestingAllFeatures2Test.waitTillFeaturesConfigured(TestingAllFeatures2Test.java:224)
	at com.dashwire.feature.fctnl.test.TestingAllFeatures2Test.waitTillFeaturesConfigured(TestingAllFeatures2Test.java:224)
	at com.dashwire.feature.fctnl.test.TestingAllFeatures2Test.waitTillFeaturesConfigured(TestingAllFeatures2Test.java:224)
	at com.dashwire.feature.fctnl.test.TestingAllFeatures2Test.waitTillFeaturesConfigured(TestingAllFeatures2Test.java:224)
	at com.dashwire.feature.fctnl.test.TestingAllFeatures2Test.waitTillFeaturesConfigured(TestingAllFeatures2Test.java:224)
	at com.dashwire.feature.fctnl.test.TestingAllFeatures2Test.waitTillFeaturesConfigured(TestingAllFeatures2Test.java:224)
	at com.dashwire.feature.fctnl.test.TestingAllFeatures2Test.waitTillFeaturesConfigured(TestingAllFeatures2Test.java:224)
	at com.dashwire.feature.fctnl.test.TestingAllFeatures2Test.waitTillFeaturesConfigured(TestingAllFeatures2Test.java:224)
	at com.dashwire.feature.fctnl.test.TestingAllFeatures2Test.waitTillFeaturesConfigured(TestingAllFeatures2Test.java:224)
	at com.dashwire.feature.fctnl.test.TestingAllFeatures2Test.waitTillFeaturesConfigured(TestingAllFeatures2Test.java:224)
	at com.dashwire.feature.fctnl.test.TestingAllFeatures2Test.waitTillFeaturesConfigured(TestingAllFeatures2Test.java:224)
	at com.dashwire.feature.fctnl.test.TestingAllFeatures2Test.waitTillFeaturesConfigured(TestingAllFeatures2Test.java:224)
	at com.dashwire.feature.fctnl.test.TestingAllFeatures2Test.waitTillFeaturesConfigured(TestingAllFeatures2Test.java:224)
	at com.dashwire.feature.fctnl.test.TestingAllFeatures2Test.waitTillFeaturesConfigured(TestingAllFeatures2Test.java:224)
	at com.dashwire.feature.fctnl.test.TestingAllFeatures2Test.waitTillFeaturesConfigured(TestingAllFeatures2Test.java:224)
	at com.dashwire.feature.fctnl.test.TestingAllFeatures2Test.waitTillFeaturesConfigured(TestingAllFeatures2Test.java:224)
	at com.dashwire.feature.fctnl.test.TestingAllFeatures2Test.waitTillFeaturesConfigured(TestingAllFeatures2Test.java:224)
	at com.dashwire.feature.fctnl.test.TestingAllFeatures2Test.waitTillFeaturesConfigured(TestingAllFeatures2Test.java:224)
	at com.dashwire.feature.fctnl.test.TestingAllFeatures2Test.waitTillFeaturesConfigured(TestingAllFeatures2Test.java:224)
	at com.dashwire.feature.fctnl.test.TestingAllFeatures2Test.waitTillFeaturesConfigured(TestingAllFeatures2Test.java:224)
	at com.dashwire.feature.fctnl.test.TestingAllFeatures2Test.waitTillFeaturesConfigured(TestingAllFeatures2Test.java:224)
	at com.dashwire.feature.fctnl.test.TestingAllFeatures2Test.waitTillFeaturesConfigured(TestingAllFeatures2Test.java:224)
	at com.dashwire.feature.fctnl.test.TestingAllFeatures2Test.waitTillFeaturesConfigured(TestingAllFeatures2Test.java:224)
	at com.dashwire.feature.fctnl.test.TestingAllFeatures2Test.waitTillFeaturesConfigured(TestingAllFeatures2Test.java:224)
	at com.dashwire.feature.fctnl.test.TestingAllFeatures2Test.waitTillFeaturesConfigured(TestingAllFeatures2Test.java:224)
	at com.dashwire.feature.fctnl.test.TestingAllFeatures2Test.waitTillFeaturesConfigured(TestingAllFeatures2Test.java:224)
	at com.dashwire.feature.fctnl.test.TestingAllFeatures2Test.waitTillFeaturesConfigured(TestingAllFeatures2Test.java:224)
	at com.dashwire.feature.fctnl.test.TestingAllFeatures2Test.waitTillFeaturesConfigured(TestingAllFeatures2Test.java:224)
	at com.dashwire.feature.fctnl.test.TestingAllFeatures2Test.waitTillFeaturesConfigured(TestingAllFeatures2Test.java:224)
	at com.dashwire.feature.fctnl.test.TestingAllFeatures2Test.waitTillFeaturesConfigured(TestingAllFeatures2Test.java:224)
	at com.dashwire.feature.fctnl.test.TestingAllFeatures2Test.waitTillFeaturesConfigured(TestingAllFeatures2Test.java:224)
	at com.dashwire.feature.fctnl.test.TestingAllFeatures2Test.waitTillFeaturesConfigured(TestingAllFeatures2Test.java:224)
	at com.dashwire.feature.fctnl.test.TestingAllFeatures2Test.waitTillFeaturesConfigured(TestingAllFeatures2Test.java:224)
	at com.dashwire.feature.fctnl.test.TestingAllFeatures2Test.waitTillFeaturesConfigured(TestingAllFeatures2Test.java:224)
	at com.dashwire.feature.fctnl.test.TestingAllFeatures2Test.waitTillFeaturesConfigured(TestingAllFeatures2Test.java:224)
	at com.dashwire.feature.fctnl.test.TestingAllFeatures2Test.waitTillFeaturesConfigured(TestingAllFeatures2Test.java:224)
	at com.dashwire.feature.fctnl.test.TestingAllFeatures2Test.waitTillFeaturesConfigured(TestingAllFeatures2Test.java:224)
	at com.dashwire.feature.fctnl.test.TestingAllFeatures2Test.waitTillFeaturesConfigured(TestingAllFeatures2Test.java:224)
	at com.dashwire.feature.fctnl.test.TestingAllFeatures2Test.waitTillFeaturesConfigured(TestingAllFeatures2Test.java:224)
	at com.dashwire.feature.fctnl.test.TestingAllFeatures2Test.waitTillFeaturesConfigured(TestingAllFeatures2Test.java:224)
	at com.dashwire.feature.fctnl.test.TestingAllFeatures2Test.waitTillFeaturesConfigured(TestingAllFeatures2Test.java:224)
	at com.dashwire.feature.fctnl.test.TestingAllFeatures2Test.waitTillFeaturesConfigured(TestingAllFeatures2Test.java:224)
	at com.dashwire.feature.fctnl.test.TestingAllFeatures2Test.waitTillFeaturesConfigured(TestingAllFeatures2Test.java:224)
	at com.dashwire.feature.fctnl.test.TestingAllFeatures2Test.waitTillFeaturesConfigured(TestingAllFeatures2Test.java:224)
	at com.dashwire.feature.fctnl.test.TestingAllFeatures2Test.waitTillFeaturesConfigured(TestingAllFeatures2Test.java:224)
	at com.dashwire.feature.fctnl.test.TestingAllFeatures2Test.waitTillFeaturesConfigured(TestingAllFeatures2Test.java:224)
	at com.dashwire.feature.fctnl.test.TestingAllFeatures2Test.waitTillFeaturesConfigured(TestingAllFeatures2Test.java:224)
	at com.dashwire.feature.fctnl.test.TestingAllFeatures2Test.waitTillFeaturesConfigured(TestingAllFeatures2Test.java:224)
	at com.dashwire.feature.fctnl.test.TestingAllFeatures2Test.waitTillFeaturesConfigured(TestingAllFeatures2Test.java:224)
	at com.dashwire.feature.fctnl.test.TestingAllFeatures2Test.waitTillFeaturesConfigured(TestingAllFeatures2Test.java:224)
	at com.dashwire.feature.fctnl.test.TestingAllFeatures2Test.waitTillFeaturesConfigured(TestingAllFeatures2Test.java:224)
	at com.dashwire.feature.fctnl.test.TestingAllFeatures2Test.waitTillFeaturesConfigured(TestingAllFeatures2Test.java:224)
	at com.dashwire.feature.fctnl.test.TestingAllFeatures2Test.waitTillFeaturesConfigured(TestingAllFeatures2Test.java:224)
	at com.dashwire.feature.fctnl.test.TestingAllFeatures2Test.waitTillFeaturesConfigured(TestingAllFeatures2Test.java:224)
	at com.dashwire.feature.fctnl.test.TestingAllFeatures2Test.waitTillFeaturesConfigured(TestingAllFeatures2Test.java:224)
	at com.dashwire.feature.fctnl.test.TestingAllFeatures2Test.waitTillFeaturesConfigured(TestingAllFeatures2Test.java:224)
	at com.dashwire.feature.fctnl.test.TestingAllFeatures2Test.waitTillFeaturesConfigured(TestingAllFeatures2Test.java:224)
	at com.dashwire.feature.fctnl.test.TestingAllFeatures2Test.waitTillFeaturesConfigured(TestingAllFeatures2Test.java:224)
	at com.dashwire.feature.fctnl.test.TestingAllFeatures2Test.waitTillFeaturesConfigured(TestingAllFeatures2Test.java:224)
	at com.dashwire.feature.fctnl.test.TestingAllFeatures2Test.waitTillFeaturesConfigured(TestingAllFeatures2Test.java:224)
	at com.dashwire.feature.fctnl.test.TestingAllFeatures2Test.waitTillFeaturesConfigured(TestingAllFeatures2Test.java:224)
	at com.dashwire.feature.fctnl.test.TestingAllFeatures2Test.waitTillFeaturesConfigured(TestingAllFeatures2Test.java:224)
	at com.dashwire.feature.fctnl.test.TestingAllFeatures2Test.waitTillFeaturesConfigured(TestingAllFeatures2Test.java:224)
	at com.dashwire.feature.fctnl.test.TestingAllFeatures2Test.waitTillFeaturesConfigured(TestingAllFeatures2Test.java:224)
	at com.dashwire.feature.fctnl.test.TestingAllFeatures2Test.waitTillFeaturesConfigured(TestingAllFeatures2Test.java:224)
	at com.dashwire.feature.fctnl.test.TestingAllFeatures2Test.waitTillFeaturesConfigured(TestingAllFeatures2Test.java:224)
	at com.dashwire.feature.fctnl.test.TestingAllFeatures2Test.waitTillFeaturesConfigured(TestingAllFeatures2Test.java:224)
	at com.dashwire.feature.fctnl.test.TestingAllFeatures2Test.waitTillFeaturesConfigured(TestingAllFeatures2Test.java:224)
	at com.dashwire.feature.fctnl.test.TestingAllFeatures2Test.waitTillFeaturesConfigured(TestingAllFeatures2Test.java:224)
	at com.dashwire.feature.fctnl.test.TestingAllFeatures2Test.waitTillFeaturesConfigured(TestingAllFeatures2Test.java:224)
	at com.dashwire.feature.fctnl.test.TestingAllFeatures2Test.waitTillFeaturesConfigured(TestingAllFeatures2Test.java:224)
	at com.dashwire.feature.fctnl.test.TestingAllFeatures2Test.waitTillFeaturesConfigured(TestingAllFeatures2Test.java:224)
	at com.dashwire.feature.fctnl.test.TestingAllFeatures2Test.waitTillFeaturesConfigured(TestingAllFeatures2Test.java:224)
	at com.dashwire.feature.fctnl.test.TestingAllFeatures2Test.waitTillFeaturesConfigured(TestingAllFeatures2Test.java:224)
	at com.dashwire.feature.fctnl.test.TestingAllFeatures2Test.waitTillFeaturesConfigured(TestingAllFeatures2Test.java:224)
	at com.dashwire.feature.fctnl.test.TestingAllFeatures2Test.waitTillFeaturesConfigured(TestingAllFeatures2Test.java:224)
	at com.dashwire.feature.fctnl.test.TestingAllFeatures2Test.waitTillFeaturesConfigured(TestingAllFeatures2Test.java:224)
	at com.dashwire.feature.fctnl.test.TestingAllFeatures2Test.waitTillFeaturesConfigured(TestingAllFeatures2Test.java:224)
	at com.dashwire.feature.fctnl.test.TestingAllFeatures2Test.waitTillFeaturesConfigured(TestingAllFeatures2Test.java:224)
	at com.dashwire.feature.fctnl.test.TestingAllFeatures2Test.waitTillFeaturesConfigured(TestingAllFeatures2Test.java:224)
	at com.dashwire.feature.fctnl.test.TestingAllFeatures2Test.waitTillFeaturesConfigured(TestingAllFeatures2Test.java:224)
	at com.dashwire.feature.fctnl.test.TestingAllFeatures2Test.waitTillFeaturesConfigured(TestingAllFeatures2Test.java:224)
	at com.dashwire.feature.fctnl.test.TestingAllFeatures2Test.waitTillFeaturesConfigured(TestingAllFeatures2Test.java:224)
	at com.dashwire.feature.fctnl.test.TestingAllFeatures2Test.waitTillFeaturesConfigured(TestingAllFeatures2Test.java:224)
	at com.dashwire.feature.fctnl.test.TestingAllFeatures2Test.waitTillFeaturesConfigured(TestingAllFeatures2Test.java:224)
	at com.dashwire.feature.fctnl.test.TestingAllFeatures2Test.waitTillFeaturesConfigured(TestingAllFeatures2Test.java:224)
	at com.dashwire.feature.fctnl.test.TestingAllFeatures2Test.waitTillFeaturesConfigured(TestingAllFeatures2Test.java:224)
	at com.dashwire.feature.fctnl.test.TestingAllFeatures2Test.waitTillFeaturesConfigured(TestingAllFeatures2Test.java:224)
	at com.dashwire.feature.fctnl.test.TestingAllFeatures2Test.waitTillFeaturesConfigured(TestingAllFeatures2Test.java:224)
	at com.dashwire.feature.fctnl.test.TestingAllFeatures2Test.waitTillFeaturesConfigured(TestingAllFeatures2Test.java:224)
	at com.dashwire.feature.fctnl.test.TestingAllFeatures2Test.waitTillFeaturesConfigured(TestingAllFeatures2Test.java:224)
	at com.dashwire.feature.fctnl.test.TestingAllFeatures2Test.waitTillFeaturesConfigured(TestingAllFeatures2Test.java:224)
	at com.dashwire.feature.fctnl.test.TestingAllFeatures2Test.waitTillFeaturesConfigured(TestingAllFeatures2Test.java:224)
	at com.dashwire.feature.fctnl.test.TestingAllFeatures2Test.waitTillFeaturesConfigured(TestingAllFeatures2Test.java:224)
	at com.dashwire.feature.fctnl.test.TestingAllFeatures2Test.waitTillFeaturesConfigured(TestingAllFeatures2Test.java:224)
	at com.dashwire.feature.fctnl.test.TestingAllFeatures2Test.waitTillFeaturesConfigured(TestingAllFeatures2Test.java:224)
	at com.dashwire.feature.fctnl.test.TestingAllFeatures2Test.waitTillFeaturesConfigured(TestingAllFeatures2Test.java:224)
	at com.dashwire.feature.fctnl.test.TestingAllFeatures2Test.waitTillFeaturesConfigured(TestingAllFeatures2Test.java:224)
	at com.dashwire.feature.fctnl.test.TestingAllFeatures2Test.waitTillFeaturesConfigured(TestingAllFeatures2Test.java:224)
	at com.dashwire.feature.fctnl.test.TestingAllFeatures2Test.waitTillFeaturesConfigured(TestingAllFeatures2Test.java:224)
	at com.dashwire.feature.fctnl.test.TestingAllFeatures2Test.waitTillFeaturesConfigured(TestingAllFeatures2Test.java:224)
	at com.dashwire.feature.fctnl.test.TestingAllFeatures2Test.waitTillFeaturesConfigured(TestingAllFeatures2Test.java:224)
	at com.dashwire.feature.fctnl.test.TestingAllFeatures2Test.waitTillFeaturesConfigured(TestingAllFeatures2Test.java:224)
	at com.dashwire.feature.fctnl.test.TestingAllFeatures2Test.waitTillFeaturesConfigured(TestingAllFeatures2Test.java:224)
	at com.dashwire.feature.fctnl.test.TestingAllFeatures2Test.waitTillFeaturesConfigured(TestingAllFeatures2Test.java:224)
	at com.dashwire.feature.fctnl.test.TestingAllFeatures2Test.waitTillFeaturesConfigured(TestingAllFeatures2Test.java:224)
	at com.dashwire.feature.fctnl.test.TestingAllFeatures2Test.waitTillFeaturesConfigured(TestingAllFeatures2Test.java:224)
	at com.dashwire.feature.fctnl.test.TestingAllFeatures2Test.waitTillFeaturesConfigured(TestingAllFeatures2Test.java:224)
	at com.dashwire.feature.fctnl.test.TestingAllFeatures2Test.waitTillFeaturesConfigured(TestingAllFeatures2Test.java:224)
	at com.dashwire.feature.fctnl.test.TestingAllFeatures2Test.waitTillFeaturesConfigured(TestingAllFeatures2Test.java:224)
	at com.dashwire.feature.fctnl.test.TestingAllFeatures2Test.waitTillFeaturesConfigured(TestingAllFeatures2Test.java:224)
	at com.dashwire.feature.fctnl.test.TestingAllFeatures2Test.waitTillFeaturesConfigured(TestingAllFeatures2Test.java:224)
	at com.dashwire.feature.fctnl.test.TestingAllFeatures2Test.waitTillFeaturesConfigured(TestingAllFeatures2Test.java:224)
	at com.dashwire.feature.fctnl.test.TestingAllFeatures2Test.waitTillFeaturesConfigured(TestingAllFeatures2Test.java:224)
	at com.dashwire.feature.fctnl.test.TestingAllFeatures2Test.waitTillFeaturesConfigured(TestingAllFeatures2Test.java:224)
	at com.dashwire.feature.fctnl.test.TestingAllFeatures2Test.waitTillFeaturesConfigured(TestingAllFeatures2Test.java:224)
	at com.dashwire.feature.fctnl.test.TestingAllFeatures2Test.waitTillFeaturesConfigured(TestingAllFeatures2Test.java:224)
	at com.dashwire.feature.fctnl.test.TestingAllFeatures2Test.waitTillFeaturesConfigured(TestingAllFeatures2Test.java:224)
	at com.dashwire.feature.fctnl.test.TestingAllFeatures2Test.waitTillFeaturesConfigured(TestingAllFeatures2Test.java:224)
	at com.dashwire.feature.fctnl.test.TestingAllFeatures2Test.waitTillFeaturesConfigured(TestingAllFeatures2Test.java:224)
	at com.dashwire.feature.fctnl.test.TestingAllFeatures2Test.waitTillFeaturesConfigured(TestingAllFeatures2Test.java:224)
	at com.dashwire.feature.fctnl.test.TestingAllFeatures2Test.waitTillFeaturesConfigured(TestingAllFeatures2Test.java:224)
	at com.dashwire.feature.fctnl.test.TestingAllFeatures2Test.waitTillFeaturesConfigured(TestingAllFeatures2Test.java:224)
	at com.dashwire.feature.fctnl.test.TestingAllFeatures2Test.waitTillFeaturesConfigured(TestingAllFeatures2Test.java:224)
	at com.dashwire.feature.fctnl.test.TestingAllFeatures2Test.waitTillFeaturesConfigured(TestingAllFeatures2Test.java:224)
	at com.dashwire.feature.fctnl.test.TestingAllFeatures2Test.waitTillFeaturesConfigured(TestingAllFeatures2Test.java:224)
	at com.dashwire.feature.fctnl.test.TestingAllFeatures2Test.waitTillFeaturesConfigured(TestingAllFeatures2Test.java:224)
	at com.dashwire.feature.fctnl.test.TestingAllFeatures2Test.waitTillFeaturesConfigured(TestingAllFeatures2Test.java:224)
	at com.dashwire.feature.fctnl.test.TestingAllFeatures2Test.waitTillFeaturesConfigured(TestingAllFeatures2Test.java:224)
	at com.dashwire.feature.fctnl.test.TestingAllFeatures2Test.waitTillFeaturesConfigured(TestingAllFeatures2Test.java:224)
	at com.dashwire.feature.fctnl.test.TestingAllFeatures2Test.waitTillFeaturesConfigured(TestingAllFeatures2Test.java:224)
	at com.dashwire.feature.fctnl.test.TestingAllFeatures2Test.waitTillFeaturesConfigured(TestingAllFeatures2Test.java:224)
	at com.dashwire.feature.fctnl.test.TestingAllFeatures2Test.waitTillFeaturesConfigured(TestingAllFeatures2Test.java:224)
	at com.dashwire.feature.fctnl.test.TestingAllFeatures2Test.waitTillFeaturesConfigured(TestingAllFeatures2Test.java:224)
	at com.dashwire.feature.fctnl.test.TestingAllFeatures2Test.waitTillFeaturesConfigured(TestingAllFeatures2Test.java:224)
	at com.dashwire.feature.fctnl.test.TestingAllFeatures2Test.waitTillFeaturesConfigured(TestingAllFeatures2Test.java:224)
	at com.dashwire.feature.fctnl.test.TestingAllFeatures2Test.waitTillFeaturesConfigured(TestingAllFeatures2Test.java:224)
	at com.dashwire.feature.fctnl.test.TestingAllFeatures2Test.waitTillFeaturesConfigured(TestingAllFeatures2Test.java:224)
	at com.dashwire.feature.fctnl.test.TestingAllFeatures2Test.waitTillFeaturesConfigured(TestingAllFeatures2Test.java:224)
	at com.dashwire.feature.fctnl.test.TestingAllFeatures2Test.waitTillFeaturesConfigured(TestingAllFeatures2Test.java:224)
	at com.dashwire.feature.fctnl.test.TestingAllFeatures2Test.waitTillFeaturesConfigured(TestingAllFeatures2Test.java:224)
	at com.dashwire.feature.fctnl.test.TestingAllFeatures2Test.waitTillFeaturesConfigured(TestingAllFeatures2Test.java:224)
	at com.dashwire.feature.fctnl.test.TestingAllFeatures2Test.waitTillFeaturesConfigured(TestingAllFeatures2Test.java:224)
	at com.dashwire.feature.fctnl.test.TestingAllFeatures2Test.waitTillFeaturesConfigured(TestingAllFeatures2Test.java:224)
	at com.dashwire.feature.fctnl.test.TestingAllFeatures2Test.waitTillFeaturesConfigured(TestingAllFeatures2Test.java:224)
	at com.dashwire.feature.fctnl.test.TestingAllFeatures2Test.waitTillFeaturesConfigured(TestingAllFeatures2Test.java:224)
	at com.dashwire.feature.fctnl.test.TestingAllFeatures2Test.waitTillFeaturesConfigured(TestingAllFeatures2Test.java:224)
	at com.dashwire.feature.fctnl.test.TestingAllFeatures2Test.waitTillFeaturesConfigured(TestingAllFeatures2Test.java:224)
	at com.dashwire.feature.fctnl.test.TestingAllFeatures2Test.waitTillFeaturesConfigured(TestingAllFeatures2Test.java:224)
	at com.dashwire.feature.fctnl.test.TestingAllFeatures2Test.waitTillFeaturesConfigured(TestingAllFeatures2Test.java:224)
	at com.dashwire.feature.fctnl.test.TestingAllFeatures2Test.waitTillFeaturesConfigured(TestingAllFeatures2Test.java:224)
	at com.dashwire.feature.fctnl.test.TestingAllFeatures2Test.waitTillFeaturesConfigured(TestingAllFeatures2Test.java:224)
	at com.dashwire.feature.fctnl.test.TestingAllFeatures2Test.waitTillFeaturesConfigured(TestingAllFeatures2Test.java:224)
	at com.dashwire.feature.fctnl.test.TestingAllFeatures2Test.waitTillFeaturesConfigured(TestingAllFeatures2Test.java:224)
	at com.dashwire.feature.fctnl.test.TestingAllFeatures2Test.waitTillFeaturesConfigured(TestingAllFeatures2Test.java:224)
	at com.dashwire.feature.fctnl.test.TestingAllFeatures2Test.waitTillFeaturesConfigured(TestingAllFeatures2Test.java:224)
	at com.dashwire.feature.fctnl.test.TestingAllFeatures2Test.waitTillFeaturesConfigured(TestingAllFeatures2Test.java:224)
	at com.dashwire.feature.fctnl.test.TestingAllFeatures2Test.waitTillFeaturesConfigured(TestingAllFeatures2Test.java:224)
	at com.dashwire.feature.fctnl.test.TestingAllFeatures2Test.waitTillFeaturesConfigured(TestingAllFeatures2Test.java:224)
	at com.dashwire.feature.fctnl.test.TestingAllFeatures2Test.waitTillFeaturesConfigured(TestingAllFeatures2Test.java:224)
	at com.dashwire.feature.fctnl.test.TestingAllFeatures2Test.waitTillFeaturesConfigured(TestingAllFeatures2Test.java:224)
	at com.dashwire.feature.fctnl.test.TestingAllFeatures2Test.waitTillFeaturesConfigured(TestingAllFeatures2Test.java:224)
	at com.dashwire.feature.fctnl.test.TestingAllFeatures2Test.waitTillFeaturesConfigured(TestingAllFeatures2Test.java:224)
	at com.dashwire.feature.fctnl.test.TestingAllFeatures2Test.waitTillFeaturesConfigured(TestingAllFeatures2Test.java:224)
	at com.dashwire.feature.fctnl.test.TestingAllFeatures2Test.waitTillFeaturesConfigured(TestingAllFeatures2Test.java:224)
	at com.dashwire.feature.fctnl.test.TestingAllFeatures2Test.waitTillFeaturesConfigured(TestingAllFeatures2Test.java:224)
	at com.dashwire.feature.fctnl.test.TestingAllFeatures2Test.waitTillFeaturesConfigured(TestingAllFeatures2Test.java:224)
	at com.dashwire.feature.fctnl.test.TestingAllFeatures2Test.waitTillFeaturesConfigured(TestingAllFeatures2Test.java:224)
	at com.dashwire.feature.fctnl.test.TestingAllFeatures2Test.waitTillFeaturesConfigured(TestingAllFeatures2Test.java:224)
	at com.dashwire.feature.fctnl.test.TestingAllFeatures2Test.waitTillFeaturesConfigured(TestingAllFeatures2Test.java:224)
	at com.dashwire.feature.fctnl.test.TestingAllFeatures2Test.waitTillFeaturesConfigured(TestingAllFeatures2Test.java:224)
	at com.dashwire.feature.fctnl.test.TestingAllFeatures2Test.waitTillFeaturesConfigured(TestingAllFeatures2Test.java:224)
	at com.dashwire.feature.fctnl.test.TestingAllFeatures2Test.waitTillFeaturesConfigured(TestingAllFeatures2Test.java:224)
	at com.dashwire.feature.fctnl.test.TestingAllFeatures2Test.waitTillFeaturesConfigured(TestingAllFeatures2Test.java:224)
	at com.dashwire.feature.fctnl.test.TestingAllFeatures2Test.waitTillFeaturesConfigured(TestingAllFeatures2Test.java:224)
	at com.dashwire.feature.fctnl.test.TestingAllFeatures2Test.waitTillFeaturesConfigured(TestingAllFeatures2Test.java:224)
	at com.dashwire.feature.fctnl.test.TestingAllFeatures2Test.waitTillFeaturesConfigured(TestingAllFeatures2Test.java:224)
	at com.dashwire.feature.fctnl.test.TestingAllFeatures2Test.waitTillFeaturesConfigured(TestingAllFeatures2Test.java:224)
	at com.dashwire.feature.fctnl.test.TestingAllFeatures2Test.waitTillFeaturesConfigured(TestingAllFeatures2Test.java:224)
	at com.dashwire.feature.fctnl.test.TestingAllFeatures2Test.waitTillFeaturesConfigured(TestingAllFeatures2Test.java:224)
	at com.dashwire.feature.fctnl.test.TestingAllFeatures2Test.waitTillFeaturesConfigured(TestingAllFeatures2Test.java:224)
	at com.dashwire.feature.fctnl.test.TestingAllFeatures2Test.waitTillFeaturesConfigured(TestingAllFeatures2Test.java:224)
	at com.dashwire.feature.fctnl.test.TestingAllFeatures2Test.waitTillFeaturesConfigured(TestingAllFeatures2Test.java:224)
	at com.dashwire.feature.fctnl.test.TestingAllFeatures2Test.waitTillFeaturesConfigured(TestingAllFeatures2Test.java:224)
	at com.dashwire.feature.fctnl.test.TestingAllFeatures2Test.waitTillFeaturesConfigured(TestingAllFeatures2Test.java:224)
	at com.dashwire.feature.fctnl.test.TestingAllFeatures2Test.waitTillFeaturesConfigured(TestingAllFeatures2Test.java:224)
	at com.dashwire.feature.fctnl.test.TestingAllFeatures2Test.waitTillFeaturesConfigured(TestingAllFeatures2Test.java:224)
	at com.dashwire.feature.fctnl.test.TestingAllFeatures2Test.waitTillFeaturesConfigured(TestingAllFeatures2Test.java:224)
	at com.dashwire.feature.fctnl.test.TestingAllFeatures2Test.waitTillFeaturesConfigured(TestingAllFeatures2Test.java:224)
	at com.dashwire.feature.fctnl.test.TestingAllFeatures2Test.waitTillFeaturesConfigured(TestingAllFeatures2Test.java:224)
	at com.dashwire.feature.fctnl.test.TestingAllFeatures2Test.waitTillFeaturesConfigured(TestingAllFeatures2Test.java:224)
	at com.dashwire.feature.fctnl.test.TestingAllFeatures2Test.waitTillFeaturesConfigured(TestingAllFeatures2Test.java:224)
	at com.dashwire.feature.fctnl.test.TestingAllFeatures2Test.waitTillFeaturesConfigured(TestingAllFeatures2Test.java:224)
	at com.dashwire.feature.fctnl.test.TestingAllFeatures2Test.waitTillFeaturesConfigured(TestingAllFeatures2Test.java:224)
	at com.dashwire.feature.fctnl.test.TestingAllFeatures2Test.waitTillFeaturesConfigured(TestingAllFeatures2Test.java:224)
	at com.dashwire.feature.fctnl.test.TestingAllFeatures2Test.waitTillFeaturesConfigured(TestingAllFeatures2Test.java:224)
	at com.dashwire.feature.fctnl.test.TestingAllFeatures2Test.waitTillFeaturesConfigured(TestingAllFeatures2Test.java:224)
	at com.dashwire.feature.fctnl.test.TestingAllFeatures2Test.waitTillFeaturesConfigured(TestingAllFeatures2Test.java:224)
	at com.dashwire.feature.fctnl.test.TestingAllFeatures2Test.waitTillFeaturesConfigured(TestingAllFeatures2Test.java:224)
	at com.dashwire.feature.fctnl.test.TestingAllFeatures2Test.waitTillFeaturesConfigured(TestingAllFeatures2Test.java:224)
	at com.dashwire.feature.fctnl.test.TestingAllFeatures2Test.waitTillFeaturesConfigured(TestingAllFeatures2Test.java:224)
	at com.dashwire.feature.fctnl.test.TestingAllFeatures2Test.waitTillFeaturesConfigured(TestingAllFeatures2Test.java:224)
	at com.dashwire.feature.fctnl.test.TestingAllFeatures2Test.waitTillFeaturesConfigured(TestingAllFeatures2Test.java:224)
	at com.dashwire.feature.fctnl.test.TestingAllFeatures2Test.waitTillFeaturesConfigured(TestingAllFeatures2Test.java:224)
	at com.dashwire.feature.fctnl.test.TestingAllFeatures2Test.waitTillFeaturesConfigured(TestingAllFeatures2Test.java:224)
	at com.dashwire.feature.fctnl.test.TestingAllFeatures2Test.waitTillFeaturesConfigured(TestingAllFeatures2Test.java:224)
	at com.dashwire.feature.fctnl.test.TestingAllFeatures2Test.waitTillFeaturesConfigured(TestingAllFeatures2Test.java:224)
	at com.dashwire.feature.fctnl.test.TestingAllFeatures2Test.waitTillFeaturesConfigured(TestingAllFeatures2Test.java:224)
	at com.dashwire.feature.fctnl.test.TestingAllFeatures2Test.waitTillFeaturesConfigured(TestingAllFeatures2Test.java:224)
	at com.dashwire.feature.fctnl.test.TestingAllFeatures2Test.waitTillFeaturesConfigured(TestingAllFeatures2Test.java:224)
	at com.dashwire.feature.fctnl.test.TestingAllFeatures2Test.waitTillFeaturesConfigured(TestingAllFeatures2Test.java:224)
	at com.dashwire.feature.fctnl.test.TestingAllFeatures2Test.waitTillFeaturesConfigured(TestingAllFeatures2Test.java:224)
	at com.dashwire.feature.fctnl.test.TestingAllFeatures2Test.waitTillFeaturesConfigured(TestingAllFeatures2Test.java:224)
	at com.dashwire.feature.fctnl.test.TestingAllFeatures2Test.waitTillFeaturesConfigured(TestingAllFeatures2Test.java:224)
	at com.dashwire.feature.fctnl.test.TestingAllFeatures2Test.waitTillFeaturesConfigured(TestingAllFeatures2Test.java:224)
	at com.dashwire.feature.fctnl.test.TestingAllFeatures2Test.waitTillFeaturesConfigured(TestingAllFeatures2Test.java:224)
	at com.dashwire.feature.fctnl.test.TestingAllFeatures2Test.waitTillFeaturesConfigured(TestingAllFeatures2Test.java:224)
	at com.dashwire.feature.fctnl.test.TestingAllFeatures2Test.waitTillFeaturesConfigured(TestingAllFeatures2Test.java:224)
	at com.dashwire.feature.fctnl.test.TestingAllFeatures2Test.waitTillFeaturesConfigured(TestingAllFeatures2Test.java:224)
	at com.dashwire.feature.fctnl.test.TestingAllFeatures2Test.waitTillFeaturesConfigured(TestingAllFeatures2Test.java:224)
	at com.dashwire.feature.fctnl.test.TestingAllFeatures2Test.waitTillFeaturesConfigured(TestingAllFeatures2Test.java:224)
	at com.dashwire.feature.fctnl.test.TestingAllFeatures2Test.waitTillFeaturesConfigured(TestingAllFeatures2Test.java:224)
	at com.dashwire.feature.fctnl.test.TestingAllFeatures2Test.waitTillFeaturesConfigured(TestingAllFeatures2Test.java:224)
	at com.dashwire.feature.fctnl.test.TestingAllFeatures2Test.waitTillFeaturesConfigured(TestingAllFeatures2Test.java:224)
	at com.dashwire.feature.fctnl.test.TestingAllFeatures2Test.waitTillFeaturesConfigured(TestingAllFeatures2Test.java:224)
	at com.dashwire.feature.fctnl.test.TestingAllFeatures2Test.waitTillFeaturesConfigured(TestingAllFeatures2Test.java:224)
	at com.dashwire.feature.fctnl.test.TestingAllFeatures2Test.waitTillFeaturesConfigured(TestingAllFeatures2Test.java:224)
	at com.dashwire.feature.fctnl.test.TestingAllFeatures2Test.waitTillFeaturesConfigured(TestingAllFeatures2Test.java:224)
	at com.dashwire.feature.fctnl.test.TestingAllFeatures2Test.waitTillFeaturesConfigured(TestingAllFeatures2Test.java:224)
	at com.dashwire.feature.fctnl.test.TestingAllFeatures2Test.waitTillFeaturesConfigured(TestingAllFeatures2Test.java:224)
	at com.dashwire.feature.fctnl.test.TestingAllFeatures2Test.waitTillFeaturesConfigured(TestingAllFeatures2Test.java:224)
	at com.dashwire.feature.fctnl.test.TestingAllFeatures2Test.waitTillFeaturesConfigured(TestingAllFeatures2Test.java:224)
	at com.dashwire.feature.fctnl.test.TestingAllFeatures2Test.waitTillFeaturesConfigured(TestingAllFeatures2Test.java:224)
	at com.dashwire.feature.fctnl.test.TestingAllFeatures2Test.waitTillFeaturesConfigured(TestingAllFeatures2Test.java:224)
	at com.dashwire.feature.fctnl.test.TestingAllFeatures2Test.waitTillFeaturesConfigured(TestingAllFeatures2Test.java:224)
	at com.dashwire.feature.fctnl.test.TestingAllFeatures2Test.waitTillFeaturesConfigured(TestingAllFeatures2Test.java:224)
	at com.dashwire.feature.fctnl.test.TestingAllFeatures2Test.waitTillFeaturesConfigured(TestingAllFeatures2Test.java:224)
	at com.dashwire.feature.fctnl.test.TestingAllFeatures2Test.waitTillFeaturesConfigured(TestingAllFeatures2Test.java:224)
	at com.dashwire.feature.fctnl.test.TestingAllFeatures2Test.waitTillFeaturesConfigured(TestingAllFeatures2Test.java:224)
	at com.dashwire.feature.fctnl.test.TestingAllFeatures2Test.waitTillFeaturesConfigured(TestingAllFeatures2Test.java:224)
	at com.dashwire.feature.fctnl.test.TestingAllFeatures2Test.waitTillFeaturesConfigured(TestingAllFeatures2Test.java:224)
	at com.dashwire.feature.fctnl.test.TestingAllFeatures2Test.waitTillFeaturesConfigured(TestingAllFeatures2Test.java:224)
	at com.dashwire.feature.fctnl.test.TestingAllFeatures2Test.waitTillFeaturesConfigured(TestingAllFeatures2Test.java:224)
	at com.dashwire.feature.fctnl.test.TestingAllFeatures2Test.waitTillFeaturesConfigured(TestingAllFeatures2Test.java:224)
	at com.dashwire.feature.fctnl.test.TestingAllFeatures2Test.waitTillFeaturesConfigured(TestingAllFeatures2Test.java:224)
	at com.dashwire.feature.fctnl.test.TestingAllFeatures2Test.waitTillFeaturesConfigured(TestingAllFeatures2Test.java:224)
	at com.dashwire.feature.fctnl.test.TestingAllFeatures2Test.waitTillFeaturesConfigured(TestingAllFeatures2Test.java:224)
	at com.dashwire.feature.fctnl.test.TestingAllFeatures2Test.waitTillFeaturesConfigured(TestingAllFeatures2Test.java:224)
	at com.dashwire.feature.fctnl.test.TestingAllFeatures2Test.waitTillFeaturesConfigured(TestingAllFeatures2Test.java:224)
	at com.dashwire.feature.fctnl.test.TestingAllFeatures2Test.waitTillFeaturesConfigured(TestingAllFeatures2Test.java:224)
	at com.dashwire.feature.fctnl.test.TestingAllFeatures2Test.waitTillFeaturesConfigured(TestingAllFeatures2Test.java:224)
	at com.dashwire.feature.fctnl.test.TestingAllFeatures2Test.waitTillFeaturesConfigured(TestingAllFeatures2Test.java:224)
	at com.dashwire.feature.fctnl.test.TestingAllFeatures2Test.waitTillFeaturesConfigured(TestingAllFeatures2Test.java:224)
	at com.dashwire.feature.fctnl.test.TestingAllFeatures2Test.waitTillFeaturesConfigured(TestingAllFeatures2Test.java:224)
	at com.dashwire.feature.fctnl.test.TestingAllFeatures2Test.waitTillFeaturesConfigured(TestingAllFeatures2Test.java:224)
	at com.dashwire.feature.fctnl.test.TestingAllFeatures2Test.waitTillFeaturesConfigured(TestingAllFeatures2Test.java:224)
	at com.dashwire.feature.fctnl.test.TestingAllFeatures2Test.waitTillFeaturesConfigured(TestingAllFeatures2Test.java:224)
	at com.dashwire.feature.fctnl.test.TestingAllFeatures2Test.waitTillFeaturesConfigured(TestingAllFeatures2Test.java:224)
	at com.dashwire.feature.fctnl.test.TestingAllFeatures2Test.waitTillFeaturesConfigured(TestingAllFeatures2Test.java:224)
	at com.dashwire.feature.fctnl.test.TestingAllFeatures2Test.waitTillFeaturesConfigured(TestingAllFeatures2Test.java:224)
	at com.dashwire.feature.fctnl.test.TestingAllFeatures2Test.waitTillFeaturesConfigured(TestingAllFeatures2Test.java:224)
	at com.dashwire.feature.fctnl.test.TestingAllFeatures2Test.waitTillFeaturesConfigured(TestingAllFeatures2Test.java:224)
	at com.dashwire.feature.fctnl.test.TestingAllFeatures2Test.waitTillFeaturesConfigured(TestingAllFeatures2Test.java:224)
	at com.dashwire.feature.fctnl.test.TestingAllFeatures2Test.waitTillFeaturesConfigured(TestingAllFeatures2Test.java:224)
	at com.dashwire.feature.fctnl.test.TestingAllFeatures2Test.waitTillFeaturesConfigured(TestingAllFeatures2Test.java:224)
	at com.dashwire.feature.fctnl.test.TestingAllFeatures2Test.waitTillFeaturesConfigured(TestingAllFeatures2Test.java:224)
	at com.dashwire.feature.fctnl.test.TestingAllFeatures2Test.waitTillFeaturesConfigured(TestingAllFeatures2Test.java:224)
	at com.dashwire.feature.fctnl.test.TestingAllFeatures2Test.waitTillFeaturesConfigured(TestingAllFeatures2Test.java:224)
	at com.dashwire.feature.fctnl.test.TestingAllFeatures2Test.waitTillFeaturesConfigured(TestingAllFeatures2Test.java:224)
	at com.dashwire.feature.fctnl.test.TestingAllFeatures2Test.waitTillFeaturesConfigured(TestingAllFeatures2Test.java:224)
	at com.dashwire.feature.fctnl.test.TestingAllFeatures2Test.waitTillFeaturesConfigured(TestingAllFeatures2Test.java:224)
	at com.dashwire.feature.fctnl.test.TestingAllFeatures2Test.waitTillFeaturesConfigured(TestingAllFeatures2Test.java:224)
	at com.dashwire.feature.fctnl.test.TestingAllFeatures2Test.waitTillFeaturesConfigured(TestingAllFeatures2Test.java:224)
	at com.dashwire.feature.fctnl.test.TestingAllFeatures2Test.waitTillFeaturesConfigured(TestingAllFeatures2Test.java:224)
	at com.dashwire.feature.fctnl.test.TestingAllFeatures2Test.waitTillFeaturesConfigured(TestingAllFeatures2Test.java:224)
	at com.dashwire.feature.fctnl.test.TestingAllFeatures2Test.waitTillFeaturesConfigured(TestingAllFeatures2Test.java:224)
	at com.dashwire.feature.fctnl.test.TestingAllFeatures2Test.waitTillFeaturesConfigured(TestingAllFeatures2Test.java:224)
	at com.dashwire.feature.fctnl.test.TestingAllFeatures2Test.waitTillFeaturesConfigured(TestingAllFeatures2Test.java:224)
	at com.dashwire.feature.fctnl.test.TestingAllFeatures2Test.waitTillFeaturesConfigured(TestingAllFeatures2Test.java:224)
	at com.dashwire.feature.fctnl.test.TestingAllFeatures2Test.waitTillFeaturesConfigured(TestingAllFeatures2Test.java:224)
	at com.dashwire.feature.fctnl.test.TestingAllFeatures2Test.waitTillFeaturesConfigured(TestingAllFeatures2Test.java:224)
	at com.dashwire.feature.fctnl.test.TestingAllFeatures2Test.waitTillFeaturesConfigured(TestingAllFeatures2Test.java:224)
	at com.dashwire.feature.fctnl.test.TestingAllFeatures2Test.waitTillFeaturesConfigured(TestingAllFeatures2Test.java:224)
	at com.dashwire.feature.fctnl.test.TestingAllFeatures2Test.waitTillFeaturesConfigured(TestingAllFeatures2Test.java:224)
	at com.dashwire.feature.fctnl.test.TestingAllFeatures2Test.waitTillFeaturesConfigured(TestingAllFeatures2Test.java:224)
	at com.dashwire.feature.fctnl.test.TestingAllFeatures2Test.waitTillFeaturesConfigured(TestingAllFeatures2Test.java:224)
	at com.dashwire.feature.fctnl.test.TestingAllFeatures2Test.waitTillFeaturesConfigured(TestingAllFeatures2Test.java:224)
	at com.dashwire.feature.fctnl.test.TestingAllFeatures2Test.waitTillFeaturesConfigured(TestingAllFeatures2Test.java:224)
	at com.dashwire.feature.fctnl.test.TestingAllFeatures2Test.waitTillFeaturesConfigured(TestingAllFeatures2Test.java:224)
	at com.dashwire.feature.fctnl.test.TestingAllFeatures2Test.waitTillFeaturesConfigured(TestingAllFeatures2Test.java:224)
	at com.dashwire.feature.fctnl.test.TestingAllFeatures2Test.waitTillFeaturesConfigured(TestingAllFeatures2Test.java:224)
	at com.dashwire.feature.fctnl.test.TestingAllFeatures2Test.waitTillFeaturesConfigured(TestingAllFeatures2Test.java:224)
	at com.dashwire.feature.fctnl.test.TestingAllFeatures2Test.waitTillFeaturesConfigured(TestingAllFeatures2Test.java:224)
	at com.dashwire.feature.fctnl.test.TestingAllFeatures2Test.waitTillFeaturesConfigured(TestingAllFeatures2Test.java:224)
	at com.dashwire.feature.fctnl.test.TestingAllFeatures2Test.waitTillFeaturesConfigured(TestingAllFeatures2Test.java:224)
	at com.dashwire.feature.fctnl.test.TestingAllFeatures2Test.waitTillFeaturesConfigured(TestingAllFeatures2Test.java:224)
	at com.dashwire.feature.fctnl.test.TestingAllFeatures2Test.waitTillFeaturesConfigured(TestingAllFeatures2Test.java:224)
	at com.dashwire.feature.fctnl.test.TestingAllFeatures2Test.waitTillFeaturesConfigured(TestingAllFeatures2Test.java:224)
	at com.dashwire.feature.fctnl.test.TestingAllFeatures2Test.waitTillFeaturesConfigured(TestingAllFeatures2Test.java:224)
	at com.dashwire.feature.fctnl.test.TestingAllFeatures2Test.waitTillFeaturesConfigured(TestingAllFeatures2Test.java:224)
	at com.dashwire.feature.fctnl.test.TestingAllFeatures2Test.waitTillFeaturesConfigured(TestingAllFeatures2Test.java:224)
	at com.dashwire.feature.fctnl.test.TestingAllFeatures2Test.waitTillFeaturesConfigured(TestingAllFeatures2Test.java:224)
	at com.dashwire.feature.fctnl.test.TestingAllFeatures2Test.waitTillFeaturesConfigured(TestingAllFeatures2Test.java:224)
	at com.dashwire.feature.fctnl.test.TestingAllFeatures2Test.waitTillFeaturesConfigured(TestingAllFeatures2Test.java:224)
	at com.dashwire.feature.fctnl.test.TestingAllFeatures2Test.waitTillFeaturesConfigured(TestingAllFeatures2Test.java:224)
	at com.dashwire.feature.fctnl.test.TestingAllFeatures2Test.waitTillFeaturesConfigured(TestingAllFeatures2Test.java:224)
	at com.dashwire.feature.fctnl.test.TestingAllFeatures2Test.waitTillFeaturesConfigured(TestingAllFeatures2Test.java:224)
	at com.dashwire.feature.fctnl.test.TestingAllFeatures2Test.waitTillFeaturesConfigured(TestingAllFeatures2Test.java:224)
	at com.dashwire.feature.fctnl.test.TestingAllFeatures2Test.waitTillFeaturesConfigured(TestingAllFeatures2Test.java:224)
	at com.dashwire.feature.fctnl.test.TestingAllFeatures2Test.waitTillFeaturesConfigured(TestingAllFeatures2Test.java:224)
	at com.dashwire.feature.fctnl.test.TestingAllFeatures2Test.waitTillFeaturesConfigured(TestingAllFeatures2Test.java:224)
	at com.dashwire.feature.fctnl.test.TestingAllFeatures2Test.waitTillFeaturesConfigured(TestingAllFeatures2Test.java:224)
	at com.dashwire.feature.fctnl.test.TestingAllFeatures2Test.waitTillFeaturesConfigured(TestingAllFeatures2Test.java:224)
	at com.dashwire.feature.fctnl.test.TestingAllFeatures2Test.waitTillFeaturesConfigured(TestingAllFeatures2Test.java:224)
	at com.dashwire.feature.fctnl.test.TestingAllFeatures2Test.waitTillFeaturesConfigured(TestingAllFeatures2Test.java:224)
	at com.dashwire.feature.fctnl.test.TestingAllFeatures2Test.waitTillFeaturesConfigured(TestingAllFeatures2Test.java:224)
	at com.dashwire.feature.fctnl.test.TestingAllFeatures2Test.waitTillFeaturesConfigured(TestingAllFeatures2Test.java:224)
	at com.dashwire.feature.fctnl.test.TestingAllFeatures2Test.waitTillFeaturesConfigured(TestingAllFeatures2Test.java:224)
	at com.dashwire.feature.fctnl.test.TestingAllFeatures2Test.waitTillFeaturesConfigured(TestingAllFeatures2Test.java:224)
	at com.dashwire.feature.fctnl.test.TestingAllFeatures2Test.waitTillFeaturesConfigured(TestingAllFeatures2Test.java:224)
	at com.dashwire.feature.fctnl.test.TestingAllFeatures2Test.waitTillFeaturesConfigured(TestingAllFeatures2Test.java:224)
	at com.dashwire.feature.fctnl.test.TestingAllFeatures2Test.waitTillFeaturesConfigured(TestingAllFeatures2Test.java:224)
	at com.dashwire.feature.fctnl.test.TestingAllFeatures2Test.waitTillFeaturesConfigured(TestingAllFeatures2Test.java:224)
	at com.dashwire.feature.fctnl.test.TestingAllFeatures2Test.waitTillFeaturesConfigured(TestingAllFeatures2Test.java:224)
	at com.dashwire.feature.fctnl.test.TestingAllFeatures2Test.waitTillFeaturesConfigured(TestingAllFeatures2Test.java:224)
	at com.dashwire.feature.fctnl.test.TestingAllFeatures2Test.waitTillFeaturesConfigured(TestingAllFeatures2Test.java:224)
	at com.dashwire.feature.fctnl.test.TestingAllFeatures2Test.waitTillFeaturesConfigured(TestingAllFeatures2Test.java:224)
	at com.dashwire.feature.fctnl.test.TestingAllFeatures2Test.waitTillFeaturesConfigured(TestingAllFeatures2Test.java:224)
	at com.dashwire.feature.fctnl.test.TestingAllFeatures2Test.waitTillFeaturesConfigured(TestingAllFeatures2Test.java:224)
	at com.dashwire.feature.fctnl.test.TestingAllFeatures2Test.waitTillFeaturesConfigured(TestingAllFeatures2Test.java:224)
	at com.dashwire.feature.fctnl.test.TestingAllFeatures2Test.waitTillFeaturesConfigured(TestingAllFeatures2Test.java:224)
	at com.dashwire.feature.fctnl.test.TestingAllFeatures2Test.waitTillFeaturesConfigured(TestingAllFeatures2Test.java:224)
	at com.dashwire.feature.fctnl.test.TestingAllFeatures2Test.waitTillFeaturesConfigured(TestingAllFeatures2Test.java:224)
	at com.dashwire.feature.fctnl.test.TestingAllFeatures2Test.waitTillFeaturesConfigured(TestingAllFeatures2Test.java:224)
	at com.dashwire.feature.fctnl.test.TestingAllFeatures2Test.waitTillFeaturesConfigured(TestingAllFeatures2Test.java:224)
	at com.dashwire.feature.fctnl.test.TestingAllFeatures2Test.waitTillFeaturesConfigured(TestingAllFeatures2Test.java:224)
	at com.dashwire.feature.fctnl.test.TestingAllFeatures2Test.waitTillFeaturesConfigured(TestingAllFeatures2Test.java:224)
	at com.dashwire.feature.fctnl.test.TestingAllFeatures2Test.waitTillFeaturesConfigured(TestingAllFeatures2Test.java:224)
	at com.dashwire.feature.fctnl.test.TestingAllFeatures2Test.waitTillFeaturesConfigured(TestingAllFeatures2Test.java:224)
	at com.dashwire.feature.fctnl.test.TestingAllFeatures2Test.waitTillFeaturesConfigured(TestingAllFeatures2Test.java:224)
	at com.dashwire.feature.fctnl.test.TestingAllFeatures2Test.waitTillFeaturesConfigured(TestingAllFeatures2Test.java:224)
	at com.dashwire.feature.fctnl.test.TestingAllFeatures2Test.waitTillFeaturesConfigured(TestingAllFeatures2Test.java:224)
	at com.dashwire.feature.fctnl.test.TestingAllFeatures2Test.waitTillFeaturesConfigured(TestingAllFeatures2Test.java:224)
	at com.dashwire.feature.fctnl.test.TestingAllFeatures2Test.waitTillFeaturesConfigured(TestingAllFeatures2Test.java:224)
	at com.dashwire.feature.fctnl.test.TestingAllFeatures2Test.waitTillFeaturesConfigured(TestingAllFeatures2Test.java:224)
	at com.dashwire.feature.fctnl.test.TestingAllFeatures2Test.waitTillFeaturesConfigured(TestingAllFeatures2Test.java:224)
	at com.dashwire.feature.fctnl.test.TestingAllFeatures2Test.waitTillFeaturesConfigured(TestingAllFeatures2Test.java:224)
	at com.dashwire.feature.fctnl.test.TestingAllFeatures2Test.waitTillFeaturesConfigured(TestingAllFeatures2Test.java:224)
	at com.dashwire.feature.fctnl.test.TestingAllFeatures2Test.waitTillFeaturesConfigured(TestingAllFeatures2Test.java:224)
	at com.dashwire.feature.fctnl.test.TestingAllFeatures2Test.waitTillFeaturesConfigured(TestingAllFeatures2Test.java:224)
	at com.dashwire.feature.fctnl.test.TestingAllFeatures2Test.waitTillFeaturesConfigured(TestingAllFeatures2Test.java:224)
	at com.dashwire.feature.fctnl.test.TestingAllFeatures2Test.waitTillFeaturesConfigured(TestingAllFeatures2Test.java:224)
	at com.dashwire.feature.fctnl.test.TestingAllFeatures2Test.waitTillFeaturesConfigured(TestingAllFeatures2Test.java:224)
	at com.dashwire.feature.fctnl.test.TestingAllFeatures2Test.waitTillFeaturesConfigured(TestingAllFeatures2Test.java:224)
	at com.dashwire.feature.fctnl.test.TestingAllFeatures2Test.waitTillFeaturesConfigured(TestingAllFeatures2Test.java:224)
	at com.dashwire.feature.fctnl.test.TestingAllFeatures2Test.waitTillFeaturesConfigured(TestingAllFeatures2Test.java:224)
	at com.dashwire.feature.fctnl.test.TestingAllFeatures2Test.waitTillFeaturesConfigured(TestingAllFeatures2Test.java:224)
	at com.dashwire.feature.fctnl.test.TestingAllFeatures2Test.waitTillFeaturesConfigured(TestingAllFeatures2Test.java:224)
	at com.dashwire.feature.fctnl.test.TestingAllFeatures2Test.waitTillFeaturesConfigured(TestingAllFeatures2Test.java:224)
	at com.dashwire.feature.fctnl.test.TestingAllFeatures2Test.waitTillFeaturesConfigured(TestingAllFeatures2Test.java:224)
	at com.dashwire.feature.fctnl.test.TestingAllFeatures2Test.waitTillFeaturesConfigured(TestingAllFeatures2Test.java:224)
	at com.dashwire.feature.fctnl.test.TestingAllFeatures2Test.waitTillFeaturesConfigured(TestingAllFeatures2Test.java:224)
	at com.dashwire.feature.fctnl.test.TestingAllFeatures2Test.waitTillFeaturesConfigured(TestingAllFeatures2Test.java:224)
	at com.dashwire.feature.fctnl.test.TestingAllFeatures2Test.waitTillFeaturesConfigured(TestingAllFeatures2Test.java:224)
	at com.dashwire.feature.fctnl.test.TestingAllFeatures2Test.waitTillFeaturesConfigured(TestingAllFeatures2Test.java:224)
	at com.dashwire.feature.fctnl.test.TestingAllFeatures2Test.waitTillFeaturesConfigured(TestingAllFeatures2Test.java:224)
	at com.dashwire.feature.fctnl.test.TestingAllFeatures2Test.waitTillFeaturesConfigured(TestingAllFeatures2Test.java:224)
	at com.dashwire.feature.fctnl.test.TestingAllFeatures2Test.waitTillFeaturesConfigured(TestingAllFeatures2Test.java:224)
	at com.dashwire.feature.fctnl.test.TestingAllFeatures2Test.waitTillFeaturesConfigured(TestingAllFeatures2Test.java:224)
	at com.dashwire.feature.fctnl.test.TestingAllFeatures2Test.waitTillFeaturesConfigured(TestingAllFeatures2Test.java:224)
	at com.dashwire.feature.fctnl.test.TestingAllFeatures2Test.waitTillFeaturesConfigured(TestingAllFeatures2Test.java:224)
	at com.dashwire.feature.fctnl.test.TestingAllFeatures2Test.waitTillFeaturesConfigured(TestingAllFeatures2Test.java:224)
	at com.dashwire.feature.fctnl.test.TestingAllFeatures2Test.waitTillFeaturesConfigured(TestingAllFeatures2Test.java:224)
	at com.dashwire.feature.fctnl.test.TestingAllFeatures2Test.waitTillFeaturesConfigured(TestingAllFeatures2Test.java:224)
	at com.dashwire.feature.fctnl.test.TestingAllFeatures2Test.waitTillFeaturesConfigured(TestingAllFeatures2Test.java:224)
	at com.dashwire.feature.fctnl.test.TestingAllFeatures2Test.waitTillFeaturesConfigured(TestingAllFeatures2Test.java:224)
	at com.dashwire.feature.fctnl.test.TestingAllFeatures2Test.waitTillFeaturesConfigured(TestingAllFeatures2Test.java:224)
	at com.dashwire.feature.fctnl.test.TestingAllFeatures2Test.waitTillFeaturesConfigured(TestingAllFeatures2Test.java:224)
	at com.dashwire.feature.fctnl.test.TestingAllFeatures2Test.waitTillFeaturesConfigured(TestingAllFeatures2Test.java:224)
	at com.dashwire.feature.fctnl.test.TestingAllFeatures2Test.waitTillFeaturesConfigured(TestingAllFeatures2Test.java:224)
	at com.dashwire.feature.fctnl.test.TestingAllFeatures2Test.waitTillFeaturesConfigured(TestingAllFeatures2Test.java:224)
	at com.dashwire.feature.fctnl.test.TestingAllFeatures2Test.waitTillFeaturesConfigured(TestingAllFeatures2Test.java:224)
	at com.dashwire.feature.fctnl.test.TestingAllFeatures2Test.waitTillFeaturesConfigured(TestingAllFeatures2Test.java:224)
	at com.dashwire.feature.fctnl.test.TestingAllFeatures2Test.waitTillFeaturesConfigured(TestingAllFeatures2Test.java:224)
	at com.dashwire.feature.fctnl.test.TestingAllFeatures2Test.waitTillFeaturesConfigured(TestingAllFeatures2Test.java:224)
	at com.dashwire.feature.fctnl.test.TestingAllFeatures2Test.waitTillFeaturesConfigured(TestingAllFeatures2Test.java:224)
	at com.dashwire.feature.fctnl.test.TestingAllFeatures2Test.waitTillFeaturesConfigured(TestingAllFeatures2Test.java:224)
	at com.dashwire.feature.fctnl.test.TestingAllFeatures2Test.waitTillFeaturesConfigured(TestingAllFeatures2Test.java:224)
	at com.dashwire.feature.fctnl.test.TestingAllFeatures2Test.waitTillFeaturesConfigured(TestingAllFeatures2Test.java:224)
	at com.dashwire.feature.fctnl.test.TestingAllFeatures2Test.waitTillFeaturesConfigured(TestingAllFeatures2Test.java:224)
	at com.dashwire.feature.fctnl.test.TestingAllFeatures2Test.waitTillFeaturesConfigured(TestingAllFeatures2Test.java:224)
	at com.dashwire.feature.fctnl.test.TestingAllFeatures2Test.waitTillFeaturesConfigured(TestingAllFeatures2Test.java:224)
	at com.dashwire.feature.fctnl.test.TestingAllFeatures2Test.waitTillFeaturesConfigured(TestingAllFeatures2Test.java:224)
	at com.dashwire.feature.fctnl.test.TestingAllFeatures2Test.waitTillFeaturesConfigured(TestingAllFeatures2Test.java:224)
	at com.dashwire.feature.fctnl.test.TestingAllFeatures2Test.waitTillFeaturesConfigured(TestingAllFeatures2Test.java:224)
	at com.dashwire.feature.fctnl.test.TestingAllFeatures2Test.waitTillFeaturesConfigured(TestingAllFeatures2Test.java:224)
	at com.dashwire.feature.fctnl.test.TestingAllFeatures2Test.waitTillFeaturesConfigured(TestingAllFeatures2Test.java:224)
	at com.dashwire.feature.fctnl.test.TestingAllFeatures2Test.waitTillFeaturesConfigured(TestingAllFeatures2Test.java:224)
	at com.dashwire.feature.fctnl.test.TestingAllFeatures2Test.waitTillFeaturesConfigured(TestingAllFeatures2Test.java:224)
	at com.dashwire.feature.fctnl.test.TestingAllFeatures2Test.waitTillFeaturesConfigured(TestingAllFeatures2Test.java:224)
	at com.dashwire.feature.fctnl.test.TestingAllFeatures2Test.waitTillFeaturesConfigured(TestingAllFeatures2Test.java:224)
	at com.dashwire.feature.fctnl.test.TestingAllFeatures2Test.waitTillFeaturesConfigured(TestingAllFeatures2Test.java:224)
	at com.dashwire.feature.fctnl.test.TestingAllFeatures2Test.waitTillFeaturesConfigured(TestingAllFeatures2Test.java:224)
	at com.dashwire.feature.fctnl.test.TestingAllFeatures2Test.waitTillFeaturesConfigured(TestingAllFeatures2Test.java:224)
	at com.dashwire.feature.fctnl.test.TestingAllFeatures2Test.waitTillFeaturesConfigured(TestingAllFeatures2Test.java:224)
	at com.dashwire.feature.fctnl.test.TestingAllFeatures2Test.waitTillFeaturesConfigured(TestingAllFeatures2Test.java:224)
	at com.dashwire.feature.fctnl.test.TestingAllFeatures2Test.waitTillFeaturesConfigured(TestingAllFeatures2Test.java:224)
	at com.dashwire.feature.fctnl.test.TestingAllFeatures2Test.waitTillFeaturesConfigured(TestingAllFeatures2Test.java:224)
	at com.dashwire.feature.fctnl.test.TestingAllFeatures2Test.waitTillFeaturesConfigured(TestingAllFeatures2Test.java:224)
	at com.dashwire.feature.fctnl.test.TestingAllFeatures2Test.waitTillFeaturesConfigured(TestingAllFeatures2Test.java:224)
	at com.dashwire.feature.fctnl.test.TestingAllFeatures2Test.waitTillFeaturesConfigured(TestingAllFeatures2Test.java:224)
	at com.dashwire.feature.fctnl.test.TestingAllFeatures2Test.waitTillFeaturesConfigured(TestingAllFeatures2Test.java:224)
	at com.dashwire.feature.fctnl.test.TestingAllFeatures2Test.waitTillFeaturesConfigured(TestingAllFeatures2Test.java:224)
	at com.dashwire.feature.fctnl.test.TestingAllFeatures2Test.waitTillFeaturesConfigured(TestingAllFeatures2Test.java:224)
	at com.dashwire.feature.fctnl.test.TestingAllFeatures2Test.waitTillFeaturesConfigured(TestingAllFeatures2Test.java:224)
	at com.dashwire.feature.fctnl.test.TestingAllFeatures2Test.waitTillFeaturesConfigured(TestingAllFeatures2Test.java:224)
	at com.dashwire.feature.fctnl.test.TestingAllFeatures2Test.waitTillFeaturesConfigured(TestingAllFeatures2Test.java:224)
	at com.dashwire.feature.fctnl.test.TestingAllFeatures2Test.waitTillFeaturesConfigured(TestingAllFeatures2Test.java:224)
	at com.dashwire.feature.fctnl.test.TestingAllFeatures2Test.waitTillFeaturesConfigured(TestingAllFeatures2Test.java:224)
	at com.dashwire.feature.fctnl.test.TestingAllFeatures2Test.waitTillFeaturesConfigured(TestingAllFeatures2Test.java:224)
	at com.dashwire.feature.fctnl.test.TestingAllFeatures2Test.waitTillFeaturesConfigured(TestingAllFeatures2Test.java:224)
	at com.dashwire.feature.fctnl.test.TestingAllFeatures2Test.testingFeatures(TestingAllFeatures2Test.java:184)
	at com.dashwire.feature.fctnl.test.TestingAllFeatures2Test.testAllNotifications(TestingAllFeatures2Test.java:114)
	at java.lang.reflect.Method.invokeNative(Native Method)
	at java.lang.reflect.Method.invoke(Method.java:511)
	at junit.framework.TestCase.runTest(TestCase.java:168)
	at junit.framework.TestCase.runBare(TestCase.java:134)
	at junit.framework.TestResult$1.protect(TestResult.java:115)
	at junit.framework.TestResult.runProtected(TestResult.java:133)
	at junit.framework.TestResult.run(TestResult.java:118)
	at junit.framework.TestCase.run(TestCase.java:124)
	at android.test.AndroidTestRunner.runTest(AndroidTestRunner.java:190)
	at android.test.AndroidTestRunner.runTest(AndroidTestRunner.java:175)
	at android.test.InstrumentationTestRunner.onStart(InstrumentationTestRunner.java:555)
	at android.app.Instrumentation$InstrumentationThread.run(Instrumentation.java:1614)
</error>
    </testcase>
    <testcase classname="com.dashwire.feature.fctnl.test.TestingAllFeatures2Test" name="testAllRingtones" time="935.632">
      <error>java.lang.StackOverflowError
	at com.dashwire.feature.fctnl.test.TestingAllFeatures2Test.isFeatureControllerReady(TestingAllFeatures2Test.java:229)
	at com.dashwire.feature.fctnl.test.TestingAllFeatures2Test.isFeatureControllerReady(TestingAllFeatures2Test.java:237)
	at com.dashwire.feature.fctnl.test.TestingAllFeatures2Test.isFeatureControllerReady(TestingAllFeatures2Test.java:237)
	at com.dashwire.feature.fctnl.test.TestingAllFeatures2Test.isFeatureControllerReady(TestingAllFeatures2Test.java:237)
	at com.dashwire.feature.fctnl.test.TestingAllFeatures2Test.isFeatureControllerReady(TestingAllFeatures2Test.java:237)
	at com.dashwire.feature.fctnl.test.TestingAllFeatures2Test.isFeatureControllerReady(TestingAllFeatures2Test.java:237)
	at com.dashwire.feature.fctnl.test.TestingAllFeatures2Test.isFeatureControllerReady(TestingAllFeatures2Test.java:237)
	at com.dashwire.feature.fctnl.test.TestingAllFeatures2Test.isFeatureControllerReady(TestingAllFeatures2Test.java:237)
	at com.dashwire.feature.fctnl.test.TestingAllFeatures2Test.isFeatureControllerReady(TestingAllFeatures2Test.java:237)
	at com.dashwire.feature.fctnl.test.TestingAllFeatures2Test.isFeatureControllerReady(TestingAllFeatures2Test.java:237)
	at com.dashwire.feature.fctnl.test.TestingAllFeatures2Test.isFeatureControllerReady(TestingAllFeatures2Test.java:237)
	at com.dashwire.feature.fctnl.test.TestingAllFeatures2Test.isFeatureControllerReady(TestingAllFeatures2Test.java:237)
	at com.dashwire.feature.fctnl.test.TestingAllFeatures2Test.isFeatureControllerReady(TestingAllFeatures2Test.java:237)
	at com.dashwire.feature.fctnl.test.TestingAllFeatures2Test.isFeatureControllerReady(TestingAllFeatures2Test.java:237)
	at com.dashwire.feature.fctnl.test.TestingAllFeatures2Test.isFeatureControllerReady(TestingAllFeatures2Test.java:237)
	at com.dashwire.feature.fctnl.test.TestingAllFeatures2Test.isFeatureControllerReady(TestingAllFeatures2Test.java:237)
	at com.dashwire.feature.fctnl.test.TestingAllFeatures2Test.isFeatureControllerReady(TestingAllFeatures2Test.java:237)
	at com.dashwire.feature.fctnl.test.TestingAllFeatures2Test.isFeatureControllerReady(TestingAllFeatures2Test.java:237)
	at com.dashwire.feature.fctnl.test.TestingAllFeatures2Test.isFeatureControllerReady(TestingAllFeatures2Test.java:237)
	at com.dashwire.feature.fctnl.test.TestingAllFeatures2Test.isFeatureControllerReady(TestingAllFeatures2Test.java:237)
	at com.dashwire.feature.fctnl.test.TestingAllFeatures2Test.isFeatureControllerReady(TestingAllFeatures2Test.java:237)
	at com.dashwire.feature.fctnl.test.TestingAllFeatures2Test.isFeatureControllerReady(TestingAllFeatures2Test.java:237)
	at com.dashwire.feature.fctnl.test.TestingAllFeatures2Test.isFeatureControllerReady(TestingAllFeatures2Test.java:237)
	at com.dashwire.feature.fctnl.test.TestingAllFeatures2Test.isFeatureControllerReady(TestingAllFeatures2Test.java:237)
	at com.dashwire.feature.fctnl.test.TestingAllFeatures2Test.isFeatureControllerReady(TestingAllFeatures2Test.java:237)
	at com.dashwire.feature.fctnl.test.TestingAllFeatures2Test.isFeatureControllerReady(TestingAllFeatures2Test.java:237)
	at com.dashwire.feature.fctnl.test.TestingAllFeatures2Test.isFeatureControllerReady(TestingAllFeatures2Test.java:237)
	at com.dashwire.feature.fctnl.test.TestingAllFeatures2Test.isFeatureControllerReady(TestingAllFeatures2Test.java:237)
	at com.dashwire.feature.fctnl.test.TestingAllFeatures2Test.isFeatureControllerReady(TestingAllFeatures2Test.java:237)
	at com.dashwire.feature.fctnl.test.TestingAllFeatures2Test.isFeatureControllerReady(TestingAllFeatures2Test.java:237)
	at com.dashwire.feature.fctnl.test.TestingAllFeatures2Test.isFeatureControllerReady(TestingAllFeatures2Test.java:237)
	at com.dashwire.feature.fctnl.test.TestingAllFeatures2Test.isFeatureControllerReady(TestingAllFeatures2Test.java:237)
	at com.dashwire.feature.fctnl.test.TestingAllFeatures2Test.isFeatureControllerReady(TestingAllFeatures2Test.java:237)
	at com.dashwire.feature.fctnl.test.TestingAllFeatures2Test.isFeatureControllerReady(TestingAllFeatures2Test.java:237)
	at com.dashwire.feature.fctnl.test.TestingAllFeatures2Test.isFeatureControllerReady(TestingAllFeatures2Test.java:237)
	at com.dashwire.feature.fctnl.test.TestingAllFeatures2Test.isFeatureControllerReady(TestingAllFeatures2Test.java:237)
	at com.dashwire.feature.fctnl.test.TestingAllFeatures2Test.isFeatureControllerReady(TestingAllFeatures2Test.java:237)
	at com.dashwire.feature.fctnl.test.TestingAllFeatures2Test.isFeatureControllerReady(TestingAllFeatures2Test.java:237)
	at com.dashwire.feature.fctnl.test.TestingAllFeatures2Test.isFeatureControllerReady(TestingAllFeatures2Test.java:237)
	at com.dashwire.feature.fctnl.test.TestingAllFeatures2Test.isFeatureControllerReady(TestingAllFeatures2Test.java:237)
	at com.dashwire.feature.fctnl.test.TestingAllFeatures2Test.isFeatureControllerReady(TestingAllFeatures2Test.java:237)
	at com.dashwire.feature.fctnl.test.TestingAllFeatures2Test.isFeatureControllerReady(TestingAllFeatures2Test.java:237)
	at com.dashwire.feature.fctnl.test.TestingAllFeatures2Test.isFeatureControllerReady(TestingAllFeatures2Test.java:237)
	at com.dashwire.feature.fctnl.test.TestingAllFeatures2Test.isFeatureControllerReady(TestingAllFeatures2Test.java:237)
	at com.dashwire.feature.fctnl.test.TestingAllFeatures2Test.isFeatureControllerReady(TestingAllFeatures2Test.java:237)
	at com.dashwire.feature.fctnl.test.TestingAllFeatures2Test.isFeatureControllerReady(TestingAllFeatures2Test.java:237)
	at com.dashwire.feature.fctnl.test.TestingAllFeatures2Test.isFeatureControllerReady(TestingAllFeatures2Test.java:237)
	at com.dashwire.feature.fctnl.test.TestingAllFeatures2Test.isFeatureControllerReady(TestingAllFeatures2Test.java:237)
	at com.dashwire.feature.fctnl.test.TestingAllFeatures2Test.isFeatureControllerReady(TestingAllFeatures2Test.java:237)
	at com.dashwire.feature.fctnl.test.TestingAllFeatures2Test.isFeatureControllerReady(TestingAllFeatures2Test.java:237)
	at com.dashwire.feature.fctnl.test.TestingAllFeatures2Test.isFeatureControllerReady(TestingAllFeatures2Test.java:237)
	at com.dashwire.feature.fctnl.test.TestingAllFeatures2Test.isFeatureControllerReady(TestingAllFeatures2Test.java:237)
	at com.dashwire.feature.fctnl.test.TestingAllFeatures2Test.isFeatureControllerReady(TestingAllFeatures2Test.java:237)
	at com.dashwire.feature.fctnl.test.TestingAllFeatures2Test.isFeatureControllerReady(TestingAllFeatures2Test.java:237)
	at com.dashwire.feature.fctnl.test.TestingAllFeatures2Test.isFeatureControllerReady(TestingAllFeatures2Test.java:237)
	at com.dashwire.feature.fctnl.test.TestingAllFeatures2Test.isFeatureControllerReady(TestingAllFeatures2Test.java:237)
	at com.dashwire.feature.fctnl.test.TestingAllFeatures2Test.isFeatureControllerReady(TestingAllFeatures2Test.java:237)
	at com.dashwire.feature.fctnl.test.TestingAllFeatures2Test.isFeatureControllerReady(TestingAllFeatures2Test.java:237)
	at com.dashwire.feature.fctnl.test.TestingAllFeatures2Test.isFeatureControllerReady(TestingAllFeatures2Test.java:237)
	at com.dashwire.feature.fctnl.test.TestingAllFeatures2Test.isFeatureControllerReady(TestingAllFeatures2Test.java:237)
	at com.dashwire.feature.fctnl.test.TestingAllFeatures2Test.isFeatureControllerReady(TestingAllFeatures2Test.java:237)
	at com.dashwire.feature.fctnl.test.TestingAllFeatures2Test.isFeatureControllerReady(TestingAllFeatures2Test.java:237)
	at com.dashwire.feature.fctnl.test.TestingAllFeatures2Test.isFeatureControllerReady(TestingAllFeatures2Test.java:237)
	at com.dashwire.feature.fctnl.test.TestingAllFeatures2Test.isFeatureControllerReady(TestingAllFeatures2Test.java:237)
	at com.dashwire.feature.fctnl.test.TestingAllFeatures2Test.isFeatureControllerReady(TestingAllFeatures2Test.java:237)
	at com.dashwire.feature.fctnl.test.TestingAllFeatures2Test.isFeatureControllerReady(TestingAllFeatures2Test.java:237)
	at com.dashwire.feature.fctnl.test.TestingAllFeatures2Test.isFeatureControllerReady(TestingAllFeatures2Test.java:237)
	at com.dashwire.feature.fctnl.test.TestingAllFeatures2Test.isFeatureControllerReady(TestingAllFeatures2Test.java:237)
	at com.dashwire.feature.fctnl.test.TestingAllFeatures2Test.isFeatureControllerReady(TestingAllFeatures2Test.java:237)
	at com.dashwire.feature.fctnl.test.TestingAllFeatures2Test.isFeatureControllerReady(TestingAllFeatures2Test.java:237)
	at com.dashwire.feature.fctnl.test.TestingAllFeatures2Test.isFeatureControllerReady(TestingAllFeatures2Test.java:237)
	at com.dashwire.feature.fctnl.test.TestingAllFeatures2Test.isFeatureControllerReady(TestingAllFeatures2Test.java:237)
	at com.dashwire.feature.fctnl.test.TestingAllFeatures2Test.isFeatureControllerReady(TestingAllFeatures2Test.java:237)
	at com.dashwire.feature.fctnl.test.TestingAllFeatures2Test.isFeatureControllerReady(TestingAllFeatures2Test.java:237)
	at com.dashwire.feature.fctnl.test.TestingAllFeatures2Test.isFeatureControllerReady(TestingAllFeatures2Test.java:237)
	at com.dashwire.feature.fctnl.test.TestingAllFeatures2Test.isFeatureControllerReady(TestingAllFeatures2Test.java:237)
	at com.dashwire.feature.fctnl.test.TestingAllFeatures2Test.isFeatureControllerReady(TestingAllFeatures2Test.java:237)
	at com.dashwire.feature.fctnl.test.TestingAllFeatures2Test.isFeatureControllerReady(TestingAllFeatures2Test.java:237)
	at com.dashwire.feature.fctnl.test.TestingAllFeatures2Test.isFeatureControllerReady(TestingAllFeatures2Test.java:237)
	at com.dashwire.feature.fctnl.test.TestingAllFeatures2Test.isFeatureControllerReady(TestingAllFeatures2Test.java:237)
	at com.dashwire.feature.fctnl.test.TestingAllFeatures2Test.isFeatureControllerReady(TestingAllFeatures2Test.java:237)
	at com.dashwire.feature.fctnl.test.TestingAllFeatures2Test.isFeatureControllerReady(TestingAllFeatures2Test.java:237)
	at com.dashwire.feature.fctnl.test.TestingAllFeatures2Test.isFeatureControllerReady(TestingAllFeatures2Test.java:237)
	at com.dashwire.feature.fctnl.test.TestingAllFeatures2Test.isFeatureControllerReady(TestingAllFeatures2Test.java:237)
	at com.dashwire.feature.fctnl.test.TestingAllFeatures2Test.isFeatureControllerReady(TestingAllFeatures2Test.java:237)
	at com.dashwire.feature.fctnl.test.TestingAllFeatures2Test.isFeatureControllerReady(TestingAllFeatures2Test.java:237)
	at com.dashwire.feature.fctnl.test.TestingAllFeatures2Test.isFeatureControllerReady(TestingAllFeatures2Test.java:237)
	at com.dashwire.feature.fctnl.test.TestingAllFeatures2Test.isFeatureControllerReady(TestingAllFeatures2Test.java:237)
	at com.dashwire.feature.fctnl.test.TestingAllFeatures2Test.isFeatureControllerReady(TestingAllFeatures2Test.java:237)
	at com.dashwire.feature.fctnl.test.TestingAllFeatures2Test.isFeatureControllerReady(TestingAllFeatures2Test.java:237)
	at com.dashwire.feature.fctnl.test.TestingAllFeatures2Test.isFeatureControllerReady(TestingAllFeatures2Test.java:237)
	at com.dashwire.feature.fctnl.test.TestingAllFeatures2Test.isFeatureControllerReady(TestingAllFeatures2Test.java:237)
	at com.dashwire.feature.fctnl.test.TestingAllFeatures2Test.isFeatureControllerReady(TestingAllFeatures2Test.java:237)
	at com.dashwire.feature.fctnl.test.TestingAllFeatures2Test.isFeatureControllerReady(TestingAllFeatures2Test.java:237)
	at com.dashwire.feature.fctnl.test.TestingAllFeatures2Test.isFeatureControllerReady(TestingAllFeatures2Test.java:237)
	at com.dashwire.feature.fctnl.test.TestingAllFeatures2Test.isFeatureControllerReady(TestingAllFeatures2Test.java:237)
	at com.dashwire.feature.fctnl.test.TestingAllFeatures2Test.isFeatureControllerReady(TestingAllFeatures2Test.java:237)
	at com.dashwire.feature.fctnl.test.TestingAllFeatures2Test.isFeatureControllerReady(TestingAllFeatures2Test.java:237)
	at com.dashwire.feature.fctnl.test.TestingAllFeatures2Test.isFeatureControllerReady(TestingAllFeatures2Test.java:237)
	at com.dashwire.feature.fctnl.test.TestingAllFeatures2Test.isFeatureControllerReady(TestingAllFeatures2Test.java:237)
	at com.dashwire.feature.fctnl.test.TestingAllFeatures2Test.isFeatureControllerReady(TestingAllFeatures2Test.java:237)
	at com.dashwire.feature.fctnl.test.TestingAllFeatures2Test.isFeatureControllerReady(TestingAllFeatures2Test.java:237)
	at com.dashwire.feature.fctnl.test.TestingAllFeatures2Test.isFeatureControllerReady(TestingAllFeatures2Test.java:237)
	at com.dashwire.feature.fctnl.test.TestingAllFeatures2Test.isFeatureControllerReady(TestingAllFeatures2Test.java:237)
	at com.dashwire.feature.fctnl.test.TestingAllFeatures2Test.isFeatureControllerReady(TestingAllFeatures2Test.java:237)
	at com.dashwire.feature.fctnl.test.TestingAllFeatures2Test.isFeatureControllerReady(TestingAllFeatures2Test.java:237)
	at com.dashwire.feature.fctnl.test.TestingAllFeatures2Test.isFeatureControllerReady(TestingAllFeatures2Test.java:237)
	at com.dashwire.feature.fctnl.test.TestingAllFeatures2Test.isFeatureControllerReady(TestingAllFeatures2Test.java:237)
	at com.dashwire.feature.fctnl.test.TestingAllFeatures2Test.isFeatureControllerReady(TestingAllFeatures2Test.java:237)
	at com.dashwire.feature.fctnl.test.TestingAllFeatures2Test.isFeatureControllerReady(TestingAllFeatures2Test.java:237)
	at com.dashwire.feature.fctnl.test.TestingAllFeatures2Test.isFeatureControllerReady(TestingAllFeatures2Test.java:237)
	at com.dashwire.feature.fctnl.test.TestingAllFeatures2Test.isFeatureControllerReady(TestingAllFeatures2Test.java:237)
	at com.dashwire.feature.fctnl.test.TestingAllFeatures2Test.isFeatureControllerReady(TestingAllFeatures2Test.java:237)
	at com.dashwire.feature.fctnl.test.TestingAllFeatures2Test.isFeatureControllerReady(TestingAllFeatures2Test.java:237)
	at com.dashwire.feature.fctnl.test.TestingAllFeatures2Test.isFeatureControllerReady(TestingAllFeatures2Test.java:237)
	at com.dashwire.feature.fctnl.test.TestingAllFeatures2Test.isFeatureControllerReady(TestingAllFeatures2Test.java:237)
	at com.dashwire.feature.fctnl.test.TestingAllFeatures2Test.isFeatureControllerReady(TestingAllFeatures2Test.java:237)
	at com.dashwire.feature.fctnl.test.TestingAllFeatures2Test.isFeatureControllerReady(TestingAllFeatures2Test.java:237)
	at com.dashwire.feature.fctnl.test.TestingAllFeatures2Test.isFeatureControllerReady(TestingAllFeatures2Test.java:237)
	at com.dashwire.feature.fctnl.test.TestingAllFeatures2Test.isFeatureControllerReady(TestingAllFeatures2Test.java:237)
	at com.dashwire.feature.fctnl.test.TestingAllFeatures2Test.isFeatureControllerReady(TestingAllFeatures2Test.java:237)
	at com.dashwire.feature.fctnl.test.TestingAllFeatures2Test.isFeatureControllerReady(TestingAllFeatures2Test.java:237)
	at com.dashwire.feature.fctnl.test.TestingAllFeatures2Test.isFeatureControllerReady(TestingAllFeatures2Test.java:237)
	at com.dashwire.feature.fctnl.test.TestingAllFeatures2Test.isFeatureControllerReady(TestingAllFeatures2Test.java:237)
	at com.dashwire.feature.fctnl.test.TestingAllFeatures2Test.isFeatureControllerReady(TestingAllFeatures2Test.java:237)
	at com.dashwire.feature.fctnl.test.TestingAllFeatures2Test.isFeatureControllerReady(TestingAllFeatures2Test.java:237)
	at com.dashwire.feature.fctnl.test.TestingAllFeatures2Test.isFeatureControllerReady(TestingAllFeatures2Test.java:237)
	at com.dashwire.feature.fctnl.test.TestingAllFeatures2Test.isFeatureControllerReady(TestingAllFeatures2Test.java:237)
	at com.dashwire.feature.fctnl.test.TestingAllFeatures2Test.isFeatureControllerReady(TestingAllFeatures2Test.java:237)
	at com.dashwire.feature.fctnl.test.TestingAllFeatures2Test.isFeatureControllerReady(TestingAllFeatures2Test.java:237)
	at com.dashwire.feature.fctnl.test.TestingAllFeatures2Test.isFeatureControllerReady(TestingAllFeatures2Test.java:237)
	at com.dashwire.feature.fctnl.test.TestingAllFeatures2Test.isFeatureControllerReady(TestingAllFeatures2Test.java:237)
	at com.dashwire.feature.fctnl.test.TestingAllFeatures2Test.isFeatureControllerReady(TestingAllFeatures2Test.java:237)
	at com.dashwire.feature.fctnl.test.TestingAllFeatures2Test.isFeatureControllerReady(TestingAllFeatures2Test.java:237)
	at com.dashwire.feature.fctnl.test.TestingAllFeatures2Test.isFeatureControllerReady(TestingAllFeatures2Test.java:237)
	at com.dashwire.feature.fctnl.test.TestingAllFeatures2Test.isFeatureControllerReady(TestingAllFeatures2Test.java:237)
	at com.dashwire.feature.fctnl.test.TestingAllFeatures2Test.isFeatureControllerReady(TestingAllFeatures2Test.java:237)
	at com.dashwire.feature.fctnl.test.TestingAllFeatures2Test.isFeatureControllerReady(TestingAllFeatures2Test.java:237)
	at com.dashwire.feature.fctnl.test.TestingAllFeatures2Test.isFeatureControllerReady(TestingAllFeatures2Test.java:237)
	at com.dashwire.feature.fctnl.test.TestingAllFeatures2Test.isFeatureControllerReady(TestingAllFeatures2Test.java:237)
	at com.dashwire.feature.fctnl.test.TestingAllFeatures2Test.isFeatureControllerReady(TestingAllFeatures2Test.java:237)
	at com.dashwire.feature.fctnl.test.TestingAllFeatures2Test.isFeatureControllerReady(TestingAllFeatures2Test.java:237)
	at com.dashwire.feature.fctnl.test.TestingAllFeatures2Test.isFeatureControllerReady(TestingAllFeatures2Test.java:237)
	at com.dashwire.feature.fctnl.test.TestingAllFeatures2Test.isFeatureControllerReady(TestingAllFeatures2Test.java:237)
	at com.dashwire.feature.fctnl.test.TestingAllFeatures2Test.isFeatureControllerReady(TestingAllFeatures2Test.java:237)
	at com.dashwire.feature.fctnl.test.TestingAllFeatures2Test.isFeatureControllerReady(TestingAllFeatures2Test.java:237)
	at com.dashwire.feature.fctnl.test.TestingAllFeatures2Test.isFeatureControllerReady(TestingAllFeatures2Test.java:237)
	at com.dashwire.feature.fctnl.test.TestingAllFeatures2Test.isFeatureControllerReady(TestingAllFeatures2Test.java:237)
	at com.dashwire.feature.fctnl.test.TestingAllFeatures2Test.isFeatureControllerReady(TestingAllFeatures2Test.java:237)
	at com.dashwire.feature.fctnl.test.TestingAllFeatures2Test.isFeatureControllerReady(TestingAllFeatures2Test.java:237)
	at com.dashwire.feature.fctnl.test.TestingAllFeatures2Test.isFeatureControllerReady(TestingAllFeatures2Test.java:237)
	at com.dashwire.feature.fctnl.test.TestingAllFeatures2Test.isFeatureControllerReady(TestingAllFeatures2Test.java:237)
	at com.dashwire.feature.fctnl.test.TestingAllFeatures2Test.isFeatureControllerReady(TestingAllFeatures2Test.java:237)
	at com.dashwire.feature.fctnl.test.TestingAllFeatures2Test.isFeatureControllerReady(TestingAllFeatures2Test.java:237)
	at com.dashwire.feature.fctnl.test.TestingAllFeatures2Test.isFeatureControllerReady(TestingAllFeatures2Test.java:237)
	at com.dashwire.feature.fctnl.test.TestingAllFeatures2Test.isFeatureControllerReady(TestingAllFeatures2Test.java:237)
	at com.dashwire.feature.fctnl.test.TestingAllFeatures2Test.isFeatureControllerReady(TestingAllFeatures2Test.java:237)
	at com.dashwire.feature.fctnl.test.TestingAllFeatures2Test.isFeatureControllerReady(TestingAllFeatures2Test.java:237)
	at com.dashwire.feature.fctnl.test.TestingAllFeatures2Test.isFeatureControllerReady(TestingAllFeatures2Test.java:237)
	at com.dashwire.feature.fctnl.test.TestingAllFeatures2Test.isFeatureControllerReady(TestingAllFeatures2Test.java:237)
	at com.dashwire.feature.fctnl.test.TestingAllFeatures2Test.isFeatureControllerReady(TestingAllFeatures2Test.java:237)
	at com.dashwire.feature.fctnl.test.TestingAllFeatures2Test.isFeatureControllerReady(TestingAllFeatures2Test.java:237)
	at com.dashwire.feature.fctnl.test.TestingAllFeatures2Test.isFeatureControllerReady(TestingAllFeatures2Test.java:237)
	at com.dashwire.feature.fctnl.test.TestingAllFeatures2Test.isFeatureControllerReady(TestingAllFeatures2Test.java:237)
	at com.dashwire.feature.fctnl.test.TestingAllFeatures2Test.isFeatureControllerReady(TestingAllFeatures2Test.java:237)
	at com.dashwire.feature.fctnl.test.TestingAllFeatures2Test.isFeatureControllerReady(TestingAllFeatures2Test.java:237)
	at com.dashwire.feature.fctnl.test.TestingAllFeatures2Test.isFeatureControllerReady(TestingAllFeatures2Test.java:237)
	at com.dashwire.feature.fctnl.test.TestingAllFeatures2Test.isFeatureControllerReady(TestingAllFeatures2Test.java:237)
	at com.dashwire.feature.fctnl.test.TestingAllFeatures2Test.isFeatureControllerReady(TestingAllFeatures2Test.java:237)
	at com.dashwire.feature.fctnl.test.TestingAllFeatures2Test.isFeatureControllerReady(TestingAllFeatures2Test.java:237)
	at com.dashwire.feature.fctnl.test.TestingAllFeatures2Test.isFeatureControllerReady(TestingAllFeatures2Test.java:237)
	at com.dashwire.feature.fctnl.test.TestingAllFeatures2Test.isFeatureControllerReady(TestingAllFeatures2Test.java:237)
	at com.dashwire.feature.fctnl.test.TestingAllFeatures2Test.isFeatureControllerReady(TestingAllFeatures2Test.java:237)
	at com.dashwire.feature.fctnl.test.TestingAllFeatures2Test.isFeatureControllerReady(TestingAllFeatures2Test.java:237)
	at com.dashwire.feature.fctnl.test.TestingAllFeatures2Test.isFeatureControllerReady(TestingAllFeatures2Test.java:237)
	at com.dashwire.feature.fctnl.test.TestingAllFeatures2Test.isFeatureControllerReady(TestingAllFeatures2Test.java:237)
	at com.dashwire.feature.fctnl.test.TestingAllFeatures2Test.isFeatureControllerReady(TestingAllFeatures2Test.java:237)
	at com.dashwire.feature.fctnl.test.TestingAllFeatures2Test.isFeatureControllerReady(TestingAllFeatures2Test.java:237)
	at com.dashwire.feature.fctnl.test.TestingAllFeatures2Test.isFeatureControllerReady(TestingAllFeatures2Test.java:237)
	at com.dashwire.feature.fctnl.test.TestingAllFeatures2Test.isFeatureControllerReady(TestingAllFeatures2Test.java:237)
	at com.dashwire.feature.fctnl.test.TestingAllFeatures2Test.isFeatureControllerReady(TestingAllFeatures2Test.java:237)
	at com.dashwire.feature.fctnl.test.TestingAllFeatures2Test.isFeatureControllerReady(TestingAllFeatures2Test.java:237)
	at com.dashwire.feature.fctnl.test.TestingAllFeatures2Test.isFeatureControllerReady(TestingAllFeatures2Test.java:237)
	at com.dashwire.feature.fctnl.test.TestingAllFeatures2Test.isFeatureControllerReady(TestingAllFeatures2Test.java:237)
	at com.dashwire.feature.fctnl.test.TestingAllFeatures2Test.isFeatureControllerReady(TestingAllFeatures2Test.java:237)
	at com.dashwire.feature.fctnl.test.TestingAllFeatures2Test.isFeatureControllerReady(TestingAllFeatures2Test.java:237)
[...]
	at com.dashwire.feature.fctnl.test.TestingAllFeatures2Test.isFeatureControllerReady(TestingAllFeatures2Test.java:237)
	at com.dashwire.feature.fctnl.test.TestingAllFeatures2Test.isFeatureControllerReady(TestingAllFeatures2Test.java:237)
	at com.dashwire.feature.fctnl.test.TestingAllFeatures2Test.isFeatureControllerReady(TestingAllFeatures2Test.java:237)
	at com.dashwire.feature.fctnl.test.TestingAllFeatures2Test.isFeatureControllerReady(TestingAllFeatures2Test.java:237)
	at com.dashwire.feature.fctnl.test.TestingAllFeatures2Test.isFeatureControllerReady(TestingAllFeatures2Test.java:237)
	at com.dashwire.feature.fctnl.test.TestingAllFeatures2Test.isFeatureControllerReady(TestingAllFeatures2Test.java:237)
	at com.dashwire.feature.fctnl.test.TestingAllFeatures2Test.isFeatureControllerReady(TestingAllFeatures2Test.java:237)
	at com.dashwire.feature.fctnl.test.TestingAllFeatures2Test.isFeatureControllerReady(TestingAllFeatures2Test.java:237)
	at com.dashwire.feature.fctnl.test.TestingAllFeatures2Test.isFeatureControllerReady(TestingAllFeatures2Test.java:237)
	at com.dashwire.feature.fctnl.test.TestingAllFeatures2Test.isFeatureControllerReady(TestingAllFeatures2Test.java:237)
	at com.dashwire.feature.fctnl.test.TestingAllFeatures2Test.isFeatureControllerReady(TestingAllFeatures2Test.java:237)
	at com.dashwire.feature.fctnl.test.TestingAllFeatures2Test.isFeatureControllerReady(TestingAllFeatures2Test.java:237)
	at com.dashwire.feature.fctnl.test.TestingAllFeatures2Test.isFeatureControllerReady(TestingAllFeatures2Test.java:237)
	at com.dashwire.feature.fctnl.test.TestingAllFeatures2Test.isFeatureControllerReady(TestingAllFeatures2Test.java:237)
	at com.dashwire.feature.fctnl.test.TestingAllFeatures2Test.isFeatureControllerReady(TestingAllFeatures2Test.java:237)
	at com.dashwire.feature.fctnl.test.TestingAllFeatures2Test.isFeatureControllerReady(TestingAllFeatures2Test.java:237)
	at com.dashwire.feature.fctnl.test.TestingAllFeatures2Test.isFeatureControllerReady(TestingAllFeatures2Test.java:237)
	at com.dashwire.feature.fctnl.test.TestingAllFeatures2Test.isFeatureControllerReady(TestingAllFeatures2Test.java:237)
	at com.dashwire.feature.fctnl.test.TestingAllFeatures2Test.isFeatureControllerReady(TestingAllFeatures2Test.java:237)
	at com.dashwire.feature.fctnl.test.TestingAllFeatures2Test.isFeatureControllerReady(TestingAllFeatures2Test.java:237)
	at com.dashwire.feature.fctnl.test.TestingAllFeatures2Test.isFeatureControllerReady(TestingAllFeatures2Test.java:237)
	at com.dashwire.feature.fctnl.test.TestingAllFeatures2Test.isFeatureControllerReady(TestingAllFeatures2Test.java:237)
	at com.dashwire.feature.fctnl.test.TestingAllFeatures2Test.isFeatureControllerReady(TestingAllFeatures2Test.java:237)
	at com.dashwire.feature.fctnl.test.TestingAllFeatures2Test.isFeatureControllerReady(TestingAllFeatures2Test.java:237)
	at com.dashwire.feature.fctnl.test.TestingAllFeatures2Test.isFeatureControllerReady(TestingAllFeatures2Test.java:237)
	at com.dashwire.feature.fctnl.test.TestingAllFeatures2Test.isFeatureControllerReady(TestingAllFeatures2Test.java:237)
	at com.dashwire.feature.fctnl.test.TestingAllFeatures2Test.isFeatureControllerReady(TestingAllFeatures2Test.java:237)
	at com.dashwire.feature.fctnl.test.TestingAllFeatures2Test.isFeatureControllerReady(TestingAllFeatures2Test.java:237)
	at com.dashwire.feature.fctnl.test.TestingAllFeatures2Test.isFeatureControllerReady(TestingAllFeatures2Test.java:237)
	at com.dashwire.feature.fctnl.test.TestingAllFeatures2Test.isFeatureControllerReady(TestingAllFeatures2Test.java:237)
	at com.dashwire.feature.fctnl.test.TestingAllFeatures2Test.isFeatureControllerReady(TestingAllFeatures2Test.java:237)
	at com.dashwire.feature.fctnl.test.TestingAllFeatures2Test.isFeatureControllerReady(TestingAllFeatures2Test.java:237)
	at com.dashwire.feature.fctnl.test.TestingAllFeatures2Test.isFeatureControllerReady(TestingAllFeatures2Test.java:237)
	at com.dashwire.feature.fctnl.test.TestingAllFeatures2Test.isFeatureControllerReady(TestingAllFeatures2Test.java:237)
	at com.dashwire.feature.fctnl.test.TestingAllFeatures2Test.isFeatureControllerReady(TestingAllFeatures2Test.java:237)
	at com.dashwire.feature.fctnl.test.TestingAllFeatures2Test.isFeatureControllerReady(TestingAllFeatures2Test.java:237)
	at com.dashwire.feature.fctnl.test.TestingAllFeatures2Test.isFeatureControllerReady(TestingAllFeatures2Test.java:237)
	at com.dashwire.feature.fctnl.test.TestingAllFeatures2Test.isFeatureControllerReady(TestingAllFeatures2Test.java:237)
	at com.dashwire.feature.fctnl.test.TestingAllFeatures2Test.isFeatureControllerReady(TestingAllFeatures2Test.java:237)
	at com.dashwire.feature.fctnl.test.TestingAllFeatures2Test.isFeatureControllerReady(TestingAllFeatures2Test.java:237)
	at com.dashwire.feature.fctnl.test.TestingAllFeatures2Test.isFeatureControllerReady(TestingAllFeatures2Test.java:237)
	at com.dashwire.feature.fctnl.test.TestingAllFeatures2Test.isFeatureControllerReady(TestingAllFeatures2Test.java:237)
	at com.dashwire.feature.fctnl.test.TestingAllFeatures2Test.isFeatureControllerReady(TestingAllFeatures2Test.java:237)
	at com.dashwire.feature.fctnl.test.TestingAllFeatures2Test.isFeatureControllerReady(TestingAllFeatures2Test.java:237)
	at com.dashwire.feature.fctnl.test.TestingAllFeatures2Test.isFeatureControllerReady(TestingAllFeatures2Test.java:237)
	at com.dashwire.feature.fctnl.test.TestingAllFeatures2Test.isFeatureControllerReady(TestingAllFeatures2Test.java:237)
	at com.dashwire.feature.fctnl.test.TestingAllFeatures2Test.isFeatureControllerReady(TestingAllFeatures2Test.java:237)
	at com.dashwire.feature.fctnl.test.TestingAllFeatures2Test.isFeatureControllerReady(TestingAllFeatures2Test.java:237)
	at com.dashwire.feature.fctnl.test.TestingAllFeatures2Test.isFeatureControllerReady(TestingAllFeatures2Test.java:237)
	at com.dashwire.feature.fctnl.test.TestingAllFeatures2Test.isFeatureControllerReady(TestingAllFeatures2Test.java:237)
	at com.dashwire.feature.fctnl.test.TestingAllFeatures2Test.isFeatureControllerReady(TestingAllFeatures2Test.java:237)
	at com.dashwire.feature.fctnl.test.TestingAllFeatures2Test.isFeatureControllerReady(TestingAllFeatures2Test.java:237)
	at com.dashwire.feature.fctnl.test.TestingAllFeatures2Test.isFeatureControllerReady(TestingAllFeatures2Test.java:237)
	at com.dashwire.feature.fctnl.test.TestingAllFeatures2Test.isFeatureControllerReady(TestingAllFeatures2Test.java:237)
	at com.dashwire.feature.fctnl.test.TestingAllFeatures2Test.isFeatureControllerReady(TestingAllFeatures2Test.java:237)
	at com.dashwire.feature.fctnl.test.TestingAllFeatures2Test.isFeatureControllerReady(TestingAllFeatures2Test.java:237)
	at com.dashwire.feature.fctnl.test.TestingAllFeatures2Test.isFeatureControllerReady(TestingAllFeatures2Test.java:237)
	at com.dashwire.feature.fctnl.test.TestingAllFeatures2Test.isFeatureControllerReady(TestingAllFeatures2Test.java:237)
	at com.dashwire.feature.fctnl.test.TestingAllFeatures2Test.isFeatureControllerReady(TestingAllFeatures2Test.java:237)
	at com.dashwire.feature.fctnl.test.TestingAllFeatures2Test.isFeatureControllerReady(TestingAllFeatures2Test.java:237)
	at com.dashwire.feature.fctnl.test.TestingAllFeatures2Test.isFeatureControllerReady(TestingAllFeatures2Test.java:237)
	at com.dashwire.feature.fctnl.test.TestingAllFeatures2Test.isFeatureControllerReady(TestingAllFeatures2Test.java:237)
	at com.dashwire.feature.fctnl.test.TestingAllFeatures2Test.isFeatureControllerReady(TestingAllFeatures2Test.java:237)
	at com.dashwire.feature.fctnl.test.TestingAllFeatures2Test.isFeatureControllerReady(TestingAllFeatures2Test.java:237)
	at com.dashwire.feature.fctnl.test.TestingAllFeatures2Test.isFeatureControllerReady(TestingAllFeatures2Test.java:237)
	at com.dashwire.feature.fctnl.test.TestingAllFeatures2Test.isFeatureControllerReady(TestingAllFeatures2Test.java:237)
	at com.dashwire.feature.fctnl.test.TestingAllFeatures2Test.isFeatureControllerReady(TestingAllFeatures2Test.java:237)
	at com.dashwire.feature.fctnl.test.TestingAllFeatures2Test.isFeatureControllerReady(TestingAllFeatures2Test.java:237)
	at com.dashwire.feature.fctnl.test.TestingAllFeatures2Test.isFeatureControllerReady(TestingAllFeatures2Test.java:237)
	at com.dashwire.feature.fctnl.test.TestingAllFeatures2Test.isFeatureControllerReady(TestingAllFeatures2Test.java:237)
	at com.dashwire.feature.fctnl.test.TestingAllFeatures2Test.isFeatureControllerReady(TestingAllFeatures2Test.java:237)
	at com.dashwire.feature.fctnl.test.TestingAllFeatures2Test.isFeatureControllerReady(TestingAllFeatures2Test.java:237)
	at com.dashwire.feature.fctnl.test.TestingAllFeatures2Test.isFeatureControllerReady(TestingAllFeatures2Test.java:237)
	at com.dashwire.feature.fctnl.test.TestingAllFeatures2Test.isFeatureControllerReady(TestingAllFeatures2Test.java:237)
	at com.dashwire.feature.fctnl.test.TestingAllFeatures2Test.isFeatureControllerReady(TestingAllFeatures2Test.java:237)
	at com.dashwire.feature.fctnl.test.TestingAllFeatures2Test.isFeatureControllerReady(TestingAllFeatures2Test.java:237)
	at com.dashwire.feature.fctnl.test.TestingAllFeatures2Test.isFeatureControllerReady(TestingAllFeatures2Test.java:237)
	at com.dashwire.feature.fctnl.test.TestingAllFeatures2Test.isFeatureControllerReady(TestingAllFeatures2Test.java:237)
	at com.dashwire.feature.fctnl.test.TestingAllFeatures2Test.isFeatureControllerReady(TestingAllFeatures2Test.java:237)
	at com.dashwire.feature.fctnl.test.TestingAllFeatures2Test.isFeatureControllerReady(TestingAllFeatures2Test.java:237)
	at com.dashwire.feature.fctnl.test.TestingAllFeatures2Test.isFeatureControllerReady(TestingAllFeatures2Test.java:237)
	at com.dashwire.feature.fctnl.test.TestingAllFeatures2Test.isFeatureControllerReady(TestingAllFeatures2Test.java:237)
	at com.dashwire.feature.fctnl.test.TestingAllFeatures2Test.isFeatureControllerReady(TestingAllFeatures2Test.java:237)
	at com.dashwire.feature.fctnl.test.TestingAllFeatures2Test.isFeatureControllerReady(TestingAllFeatures2Test.java:237)
	at com.dashwire.feature.fctnl.test.TestingAllFeatures2Test.isFeatureControllerReady(TestingAllFeatures2Test.java:237)
	at com.dashwire.feature.fctnl.test.TestingAllFeatures2Test.isFeatureControllerReady(TestingAllFeatures2Test.java:237)
	at com.dashwire.feature.fctnl.test.TestingAllFeatures2Test.isFeatureControllerReady(TestingAllFeatures2Test.java:237)
	at com.dashwire.feature.fctnl.test.TestingAllFeatures2Test.isFeatureControllerReady(TestingAllFeatures2Test.java:237)
	at com.dashwire.feature.fctnl.test.TestingAllFeatures2Test.isFeatureControllerReady(TestingAllFeatures2Test.java:237)
	at com.dashwire.feature.fctnl.test.TestingAllFeatures2Test.isFeatureControllerReady(TestingAllFeatures2Test.java:237)
	at com.dashwire.feature.fctnl.test.TestingAllFeatures2Test.isFeatureControllerReady(TestingAllFeatures2Test.java:237)
	at com.dashwire.feature.fctnl.test.TestingAllFeatures2Test.isFeatureControllerReady(TestingAllFeatures2Test.java:237)
	at com.dashwire.feature.fctnl.test.TestingAllFeatures2Test.isFeatureControllerReady(TestingAllFeatures2Test.java:237)
	at com.dashwire.feature.fctnl.test.TestingAllFeatures2Test.isFeatureControllerReady(TestingAllFeatures2Test.java:237)
	at com.dashwire.feature.fctnl.test.TestingAllFeatures2Test.isFeatureControllerReady(TestingAllFeatures2Test.java:237)
	at com.dashwire.feature.fctnl.test.TestingAllFeatures2Test.isFeatureControllerReady(TestingAllFeatures2Test.java:237)
	at com.dashwire.feature.fctnl.test.TestingAllFeatures2Test.isFeatureControllerReady(TestingAllFeatures2Test.java:237)
	at com.dashwire.feature.fctnl.test.TestingAllFeatures2Test.isFeatureControllerReady(TestingAllFeatures2Test.java:237)
	at com.dashwire.feature.fctnl.test.TestingAllFeatures2Test.isFeatureControllerReady(TestingAllFeatures2Test.java:237)
	at com.dashwire.feature.fctnl.test.TestingAllFeatures2Test.isFeatureControllerReady(TestingAllFeatures2Test.java:237)
	at com.dashwire.feature.fctnl.test.TestingAllFeatures2Test.isFeatureControllerReady(TestingAllFeatures2Test.java:237)
	at com.dashwire.feature.fctnl.test.TestingAllFeatures2Test.isFeatureControllerReady(TestingAllFeatures2Test.java:237)
	at com.dashwire.feature.fctnl.test.TestingAllFeatures2Test.isFeatureControllerReady(TestingAllFeatures2Test.java:237)
	at com.dashwire.feature.fctnl.test.TestingAllFeatures2Test.isFeatureControllerReady(TestingAllFeatures2Test.java:237)
	at com.dashwire.feature.fctnl.test.TestingAllFeatures2Test.isFeatureControllerReady(TestingAllFeatures2Test.java:237)
	at com.dashwire.feature.fctnl.test.TestingAllFeatures2Test.isFeatureControllerReady(TestingAllFeatures2Test.java:237)
	at com.dashwire.feature.fctnl.test.TestingAllFeatures2Test.isFeatureControllerReady(TestingAllFeatures2Test.java:237)
	at com.dashwire.feature.fctnl.test.TestingAllFeatures2Test.isFeatureControllerReady(TestingAllFeatures2Test.java:237)
	at com.dashwire.feature.fctnl.test.TestingAllFeatures2Test.isFeatureControllerReady(TestingAllFeatures2Test.java:237)
	at com.dashwire.feature.fctnl.test.TestingAllFeatures2Test.isFeatureControllerReady(TestingAllFeatures2Test.java:237)
	at com.dashwire.feature.fctnl.test.TestingAllFeatures2Test.isFeatureControllerReady(TestingAllFeatures2Test.java:237)
	at com.dashwire.feature.fctnl.test.TestingAllFeatures2Test.isFeatureControllerReady(TestingAllFeatures2Test.java:237)
	at com.dashwire.feature.fctnl.test.TestingAllFeatures2Test.isFeatureControllerReady(TestingAllFeatures2Test.java:237)
	at com.dashwire.feature.fctnl.test.TestingAllFeatures2Test.isFeatureControllerReady(TestingAllFeatures2Test.java:237)
	at com.dashwire.feature.fctnl.test.TestingAllFeatures2Test.isFeatureControllerReady(TestingAllFeatures2Test.java:237)
	at com.dashwire.feature.fctnl.test.TestingAllFeatures2Test.isFeatureControllerReady(TestingAllFeatures2Test.java:237)
	at com.dashwire.feature.fctnl.test.TestingAllFeatures2Test.isFeatureControllerReady(TestingAllFeatures2Test.java:237)
	at com.dashwire.feature.fctnl.test.TestingAllFeatures2Test.isFeatureControllerReady(TestingAllFeatures2Test.java:237)
	at com.dashwire.feature.fctnl.test.TestingAllFeatures2Test.isFeatureControllerReady(TestingAllFeatures2Test.java:237)
	at com.dashwire.feature.fctnl.test.TestingAllFeatures2Test.isFeatureControllerReady(TestingAllFeatures2Test.java:237)
	at com.dashwire.feature.fctnl.test.TestingAllFeatures2Test.isFeatureControllerReady(TestingAllFeatures2Test.java:237)
	at com.dashwire.feature.fctnl.test.TestingAllFeatures2Test.isFeatureControllerReady(TestingAllFeatures2Test.java:237)
	at com.dashwire.feature.fctnl.test.TestingAllFeatures2Test.isFeatureControllerReady(TestingAllFeatures2Test.java:237)
	at com.dashwire.feature.fctnl.test.TestingAllFeatures2Test.isFeatureControllerReady(TestingAllFeatures2Test.java:237)
	at com.dashwire.feature.fctnl.test.TestingAllFeatures2Test.isFeatureControllerReady(TestingAllFeatures2Test.java:237)
	at com.dashwire.feature.fctnl.test.TestingAllFeatures2Test.isFeatureControllerReady(TestingAllFeatures2Test.java:237)
	at com.dashwire.feature.fctnl.test.TestingAllFeatures2Test.isFeatureControllerReady(TestingAllFeatures2Test.java:237)
	at com.dashwire.feature.fctnl.test.TestingAllFeatures2Test.isFeatureControllerReady(TestingAllFeatures2Test.java:237)
	at com.dashwire.feature.fctnl.test.TestingAllFeatures2Test.isFeatureControllerReady(TestingAllFeatures2Test.java:237)
	at com.dashwire.feature.fctnl.test.TestingAllFeatures2Test.isFeatureControllerReady(TestingAllFeatures2Test.java:237)
	at com.dashwire.feature.fctnl.test.TestingAllFeatures2Test.isFeatureControllerReady(TestingAllFeatures2Test.java:237)
	at com.dashwire.feature.fctnl.test.TestingAllFeatures2Test.isFeatureControllerReady(TestingAllFeatures2Test.java:237)
	at com.dashwire.feature.fctnl.test.TestingAllFeatures2Test.isFeatureControllerReady(TestingAllFeatures2Test.java:237)
	at com.dashwire.feature.fctnl.test.TestingAllFeatures2Test.isFeatureControllerReady(TestingAllFeatures2Test.java:237)
	at com.dashwire.feature.fctnl.test.TestingAllFeatures2Test.isFeatureControllerReady(TestingAllFeatures2Test.java:237)
	at com.dashwire.feature.fctnl.test.TestingAllFeatures2Test.isFeatureControllerReady(TestingAllFeatures2Test.java:237)
	at com.dashwire.feature.fctnl.test.TestingAllFeatures2Test.isFeatureControllerReady(TestingAllFeatures2Test.java:237)
	at com.dashwire.feature.fctnl.test.TestingAllFeatures2Test.isFeatureControllerReady(TestingAllFeatures2Test.java:237)
	at com.dashwire.feature.fctnl.test.TestingAllFeatures2Test.isFeatureControllerReady(TestingAllFeatures2Test.java:237)
	at com.dashwire.feature.fctnl.test.TestingAllFeatures2Test.isFeatureControllerReady(TestingAllFeatures2Test.java:237)
	at com.dashwire.feature.fctnl.test.TestingAllFeatures2Test.isFeatureControllerReady(TestingAllFeatures2Test.java:237)
	at com.dashwire.feature.fctnl.test.TestingAllFeatures2Test.isFeatureControllerReady(TestingAllFeatures2Test.java:237)
	at com.dashwire.feature.fctnl.test.TestingAllFeatures2Test.isFeatureControllerReady(TestingAllFeatures2Test.java:237)
	at com.dashwire.feature.fctnl.test.TestingAllFeatures2Test.isFeatureControllerReady(TestingAllFeatures2Test.java:237)
	at com.dashwire.feature.fctnl.test.TestingAllFeatures2Test.isFeatureControllerReady(TestingAllFeatures2Test.java:237)
	at com.dashwire.feature.fctnl.test.TestingAllFeatures2Test.isFeatureControllerReady(TestingAllFeatures2Test.java:237)
	at com.dashwire.feature.fctnl.test.TestingAllFeatures2Test.isFeatureControllerReady(TestingAllFeatures2Test.java:237)
	at com.dashwire.feature.fctnl.test.TestingAllFeatures2Test.isFeatureControllerReady(TestingAllFeatures2Test.java:237)
	at com.dashwire.feature.fctnl.test.TestingAllFeatures2Test.isFeatureControllerReady(TestingAllFeatures2Test.java:237)
	at com.dashwire.feature.fctnl.test.TestingAllFeatures2Test.isFeatureControllerReady(TestingAllFeatures2Test.java:237)
	at com.dashwire.feature.fctnl.test.TestingAllFeatures2Test.isFeatureControllerReady(TestingAllFeatures2Test.java:237)
	at com.dashwire.feature.fctnl.test.TestingAllFeatures2Test.isFeatureControllerReady(TestingAllFeatures2Test.java:237)
	at com.dashwire.feature.fctnl.test.TestingAllFeatures2Test.isFeatureControllerReady(TestingAllFeatures2Test.java:237)
	at com.dashwire.feature.fctnl.test.TestingAllFeatures2Test.isFeatureControllerReady(TestingAllFeatures2Test.java:237)
	at com.dashwire.feature.fctnl.test.TestingAllFeatures2Test.isFeatureControllerReady(TestingAllFeatures2Test.java:237)
	at com.dashwire.feature.fctnl.test.TestingAllFeatures2Test.isFeatureControllerReady(TestingAllFeatures2Test.java:237)
	at com.dashwire.feature.fctnl.test.TestingAllFeatures2Test.isFeatureControllerReady(TestingAllFeatures2Test.java:237)
	at com.dashwire.feature.fctnl.test.TestingAllFeatures2Test.isFeatureControllerReady(TestingAllFeatures2Test.java:237)
	at com.dashwire.feature.fctnl.test.TestingAllFeatures2Test.testingFeatures(TestingAllFeatures2Test.java:163)
	at com.dashwire.feature.fctnl.test.TestingAllFeatures2Test.testingPositiveWifi(TestingAllFeatures2Test.java:139)
	at java.lang.reflect.Method.invokeNative(Native Method)
	at java.lang.reflect.Method.invoke(Method.java:511)
	at junit.framework.TestCase.runTest(TestCase.java:168)
	at junit.framework.TestCase.runBare(TestCase.java:134)
	at junit.framework.TestResult$1.protect(TestResult.java:115)
	at junit.framework.TestResult.runProtected(TestResult.java:133)
	at junit.framework.TestResult.run(TestResult.java:118)
	at junit.framework.TestCase.run(TestCase.java:124)
	at android.test.AndroidTestRunner.runTest(AndroidTestRunner.java:190)
	at android.test.AndroidTestRunner.runTest(AndroidTestRunner.java:175)
	at android.test.InstrumentationTestRunner.onStart(InstrumentationTestRunner.java:555)
	at android.app.Instrumentation$InstrumentationThread.run(Instrumentation.java:1614)
</error>
    </testcase>
    <properties />
    <system-out />
    <system-err />
  </testsuite>
</testsuites>