<?xml version='1.0' encoding='UTF-8' ?>
<testsuites>
  <testsuite errors="1" failures="0" name="com.dashwire.features.testing.fctnl.test.TestingOneWidgetTest" package="com.dashwire.features.testing.fctnl.test" tests="2" time="939.073" timestamp="2013-02-21T01:19:04">
    <testcase classname="com.dashwire.features.testing.fctnl.test.TestingOneWidgetTest" name="testAndroidTestCaseSetupProperly" time="2.009" />
    <testcase classname="com.dashwire.features.testing.fctnl.test.TestingOneWidgetTest" name="testOneWidget" time="937.064">
      <error>java.lang.StackOverflowError
	at com.dashwire.features.testing.fctnl.test.TestingOneWidgetTest.waitTillFeaturesConfigured(TestingOneWidgetTest.java:195)
	at com.dashwire.features.testing.fctnl.test.TestingOneWidgetTest.waitTillFeaturesConfigured(TestingOneWidgetTest.java:204)
	at com.dashwire.features.testing.fctnl.test.TestingOneWidgetTest.waitTillFeaturesConfigured(TestingOneWidgetTest.java:204)
	at com.dashwire.features.testing.fctnl.test.TestingOneWidgetTest.waitTillFeaturesConfigured(TestingOneWidgetTest.java:204)
	at com.dashwire.features.testing.fctnl.test.TestingOneWidgetTest.waitTillFeaturesConfigured(TestingOneWidgetTest.java:204)
	at com.dashwire.features.testing.fctnl.test.TestingOneWidgetTest.waitTillFeaturesConfigured(TestingOneWidgetTest.java:204)
	at com.dashwire.features.testing.fctnl.test.TestingOneWidgetTest.waitTillFeaturesConfigured(TestingOneWidgetTest.java:204)
	at com.dashwire.features.testing.fctnl.test.TestingOneWidgetTest.waitTillFeaturesConfigured(TestingOneWidgetTest.java:204)
	at com.dashwire.features.testing.fctnl.test.TestingOneWidgetTest.waitTillFeaturesConfigured(TestingOneWidgetTest.java:204)
	at com.dashwire.features.testing.fctnl.test.TestingOneWidgetTest.waitTillFeaturesConfigured(TestingOneWidgetTest.java:204)
	at com.dashwire.features.testing.fctnl.test.TestingOneWidgetTest.waitTillFeaturesConfigured(TestingOneWidgetTest.java:204)
	at com.dashwire.features.testing.fctnl.test.TestingOneWidgetTest.waitTillFeaturesConfigured(TestingOneWidgetTest.java:204)
	at com.dashwire.features.testing.fctnl.test.TestingOneWidgetTest.waitTillFeaturesConfigured(TestingOneWidgetTest.java:204)
	at com.dashwire.features.testing.fctnl.test.TestingOneWidgetTest.waitTillFeaturesConfigured(TestingOneWidgetTest.java:204)
	at com.dashwire.features.testing.fctnl.test.TestingOneWidgetTest.waitTillFeaturesConfigured(TestingOneWidgetTest.java:204)
	at com.dashwire.features.testing.fctnl.test.TestingOneWidgetTest.waitTillFeaturesConfigured(TestingOneWidgetTest.java:204)
	at com.dashwire.features.testing.fctnl.test.TestingOneWidgetTest.waitTillFeaturesConfigured(TestingOneWidgetTest.java:204)
	at com.dashwire.features.testing.fctnl.test.TestingOneWidgetTest.waitTillFeaturesConfigured(TestingOneWidgetTest.java:204)
	at com.dashwire.features.testing.fctnl.test.TestingOneWidgetTest.waitTillFeaturesConfigured(TestingOneWidgetTest.java:204)
	at com.dashwire.features.testing.fctnl.test.TestingOneWidgetTest.waitTillFeaturesConfigured(TestingOneWidgetTest.java:204)
	at com.dashwire.features.testing.fctnl.test.TestingOneWidgetTest.waitTillFeaturesConfigured(TestingOneWidgetTest.java:204)
	at com.dashwire.features.testing.fctnl.test.TestingOneWidgetTest.waitTillFeaturesConfigured(TestingOneWidgetTest.java:204)
	at com.dashwire.features.testing.fctnl.test.TestingOneWidgetTest.waitTillFeaturesConfigured(TestingOneWidgetTest.java:204)
	at com.dashwire.features.testing.fctnl.test.TestingOneWidgetTest.waitTillFeaturesConfigured(TestingOneWidgetTest.java:204)
	at com.dashwire.features.testing.fctnl.test.TestingOneWidgetTest.waitTillFeaturesConfigured(TestingOneWidgetTest.java:204)
	at com.dashwire.features.testing.fctnl.test.TestingOneWidgetTest.waitTillFeaturesConfigured(TestingOneWidgetTest.java:204)
	at com.dashwire.features.testing.fctnl.test.TestingOneWidgetTest.waitTillFeaturesConfigured(TestingOneWidgetTest.java:204)
	at com.dashwire.features.testing.fctnl.test.TestingOneWidgetTest.waitTillFeaturesConfigured(TestingOneWidgetTest.java:204)
	at com.dashwire.features.testing.fctnl.test.TestingOneWidgetTest.waitTillFeaturesConfigured(TestingOneWidgetTest.java:204)
	at com.dashwire.features.testing.fctnl.test.TestingOneWidgetTest.waitTillFeaturesConfigured(TestingOneWidgetTest.java:204)
	at com.dashwire.features.testing.fctnl.test.TestingOneWidgetTest.waitTillFeaturesConfigured(TestingOneWidgetTest.java:204)
	at com.dashwire.features.testing.fctnl.test.TestingOneWidgetTest.waitTillFeaturesConfigured(TestingOneWidgetTest.java:204)
	at com.dashwire.features.testing.fctnl.test.TestingOneWidgetTest.waitTillFeaturesConfigured(TestingOneWidgetTest.java:204)
	at com.dashwire.features.testing.fctnl.test.TestingOneWidgetTest.waitTillFeaturesConfigured(TestingOneWidgetTest.java:204)
	at com.dashwire.features.testing.fctnl.test.TestingOneWidgetTest.waitTillFeaturesConfigured(TestingOneWidgetTest.java:204)
	at com.dashwire.features.testing.fctnl.test.TestingOneWidgetTest.waitTillFeaturesConfigured(TestingOneWidgetTest.java:204)
	at com.dashwire.features.testing.fctnl.test.TestingOneWidgetTest.waitTillFeaturesConfigured(TestingOneWidgetTest.java:204)
	at com.dashwire.features.testing.fctnl.test.TestingOneWidgetTest.waitTillFeaturesConfigured(TestingOneWidgetTest.java:204)
	at com.dashwire.features.testing.fctnl.test.TestingOneWidgetTest.waitTillFeaturesConfigured(TestingOneWidgetTest.java:204)
	at com.dashwire.features.testing.fctnl.test.TestingOneWidgetTest.waitTillFeaturesConfigured(TestingOneWidgetTest.java:204)
	at com.dashwire.features.testing.fctnl.test.TestingOneWidgetTest.waitTillFeaturesConfigured(TestingOneWidgetTest.java:204)
	at com.dashwire.features.testing.fctnl.test.TestingOneWidgetTest.waitTillFeaturesConfigured(TestingOneWidgetTest.java:204)
	at com.dashwire.features.testing.fctnl.test.TestingOneWidgetTest.waitTillFeaturesConfigured(TestingOneWidgetTest.java:204)
	at com.dashwire.features.testing.fctnl.test.TestingOneWidgetTest.waitTillFeaturesConfigured(TestingOneWidgetTest.java:204)
	at com.dashwire.features.testing.fctnl.test.TestingOneWidgetTest.waitTillFeaturesConfigured(TestingOneWidgetTest.java:204)
	at com.dashwire.features.testing.fctnl.test.TestingOneWidgetTest.waitTillFeaturesConfigured(TestingOneWidgetTest.java:204)
	at com.dashwire.features.testing.fctnl.test.TestingOneWidgetTest.waitTillFeaturesConfigured(TestingOneWidgetTest.java:204)
	at com.dashwire.features.testing.fctnl.test.TestingOneWidgetTest.waitTillFeaturesConfigured(TestingOneWidgetTest.java:204)
	at com.dashwire.features.testing.fctnl.test.TestingOneWidgetTest.waitTillFeaturesConfigured(TestingOneWidgetTest.java:204)
	at com.dashwire.features.testing.fctnl.test.TestingOneWidgetTest.waitTillFeaturesConfigured(TestingOneWidgetTest.java:204)
	at com.dashwire.features.testing.fctnl.test.TestingOneWidgetTest.waitTillFeaturesConfigured(TestingOneWidgetTest.java:204)
	at com.dashwire.features.testing.fctnl.test.TestingOneWidgetTest.waitTillFeaturesConfigured(TestingOneWidgetTest.java:204)
	at com.dashwire.features.testing.fctnl.test.TestingOneWidgetTest.waitTillFeaturesConfigured(TestingOneWidgetTest.java:204)
	at com.dashwire.features.testing.fctnl.test.TestingOneWidgetTest.waitTillFeaturesConfigured(TestingOneWidgetTest.java:204)
	at com.dashwire.features.testing.fctnl.test.TestingOneWidgetTest.waitTillFeaturesConfigured(TestingOneWidgetTest.java:204)
	at com.dashwire.features.testing.fctnl.test.TestingOneWidgetTest.waitTillFeaturesConfigured(TestingOneWidgetTest.java:204)
	at com.dashwire.features.testing.fctnl.test.TestingOneWidgetTest.waitTillFeaturesConfigured(TestingOneWidgetTest.java:204)
	at com.dashwire.features.testing.fctnl.test.TestingOneWidgetTest.waitTillFeaturesConfigured(TestingOneWidgetTest.java:204)
	at com.dashwire.features.testing.fctnl.test.TestingOneWidgetTest.waitTillFeaturesConfigured(TestingOneWidgetTest.java:204)
	at com.dashwire.features.testing.fctnl.test.TestingOneWidgetTest.waitTillFeaturesConfigured(TestingOneWidgetTest.java:204)
	at com.dashwire.features.testing.fctnl.test.TestingOneWidgetTest.waitTillFeaturesConfigured(TestingOneWidgetTest.java:204)
	at com.dashwire.features.testing.fctnl.test.TestingOneWidgetTest.waitTillFeaturesConfigured(TestingOneWidgetTest.java:204)
	at com.dashwire.features.testing.fctnl.test.TestingOneWidgetTest.waitTillFeaturesConfigured(TestingOneWidgetTest.java:204)
	at com.dashwire.features.testing.fctnl.test.TestingOneWidgetTest.waitTillFeaturesConfigured(TestingOneWidgetTest.java:204)
	at com.dashwire.features.testing.fctnl.test.TestingOneWidgetTest.waitTillFeaturesConfigured(TestingOneWidgetTest.java:204)
	at com.dashwire.features.testing.fctnl.test.TestingOneWidgetTest.waitTillFeaturesConfigured(TestingOneWidgetTest.java:204)
	at com.dashwire.features.testing.fctnl.test.TestingOneWidgetTest.waitTillFeaturesConfigured(TestingOneWidgetTest.java:204)
	at com.dashwire.features.testing.fctnl.test.TestingOneWidgetTest.waitTillFeaturesConfigured(TestingOneWidgetTest.java:204)
	at com.dashwire.features.testing.fctnl.test.TestingOneWidgetTest.waitTillFeaturesConfigured(TestingOneWidgetTest.java:204)
	at com.dashwire.features.testing.fctnl.test.TestingOneWidgetTest.waitTillFeaturesConfigured(TestingOneWidgetTest.java:204)
	at com.dashwire.features.testing.fctnl.test.TestingOneWidgetTest.waitTillFeaturesConfigured(TestingOneWidgetTest.java:204)
	at com.dashwire.features.testing.fctnl.test.TestingOneWidgetTest.waitTillFeaturesConfigured(TestingOneWidgetTest.java:204)
	at com.dashwire.features.testing.fctnl.test.TestingOneWidgetTest.waitTillFeaturesConfigured(TestingOneWidgetTest.java:204)
	at com.dashwire.features.testing.fctnl.test.TestingOneWidgetTest.waitTillFeaturesConfigured(TestingOneWidgetTest.java:204)
	at com.dashwire.features.testing.fctnl.test.TestingOneWidgetTest.waitTillFeaturesConfigured(TestingOneWidgetTest.java:204)
	at com.dashwire.features.testing.fctnl.test.TestingOneWidgetTest.waitTillFeaturesConfigured(TestingOneWidgetTest.java:204)
	at com.dashwire.features.testing.fctnl.test.TestingOneWidgetTest.waitTillFeaturesConfigured(TestingOneWidgetTest.java:204)
	at com.dashwire.features.testing.fctnl.test.TestingOneWidgetTest.waitTillFeaturesConfigured(TestingOneWidgetTest.java:204)
	at com.dashwire.features.testing.fctnl.test.TestingOneWidgetTest.waitTillFeaturesConfigured(TestingOneWidgetTest.java:204)
	at com.dashwire.features.testing.fctnl.test.TestingOneWidgetTest.waitTillFeaturesConfigured(TestingOneWidgetTest.java:204)
	at com.dashwire.features.testing.fctnl.test.TestingOneWidgetTest.waitTillFeaturesConfigured(TestingOneWidgetTest.java:204)
	at com.dashwire.features.testing.fctnl.test.TestingOneWidgetTest.waitTillFeaturesConfigured(TestingOneWidgetTest.java:204)
	at com.dashwire.features.testing.fctnl.test.TestingOneWidgetTest.waitTillFeaturesConfigured(TestingOneWidgetTest.java:204)
	at com.dashwire.features.testing.fctnl.test.TestingOneWidgetTest.waitTillFeaturesConfigured(TestingOneWidgetTest.java:204)
	at com.dashwire.features.testing.fctnl.test.TestingOneWidgetTest.waitTillFeaturesConfigured(TestingOneWidgetTest.java:204)
	at com.dashwire.features.testing.fctnl.test.TestingOneWidgetTest.waitTillFeaturesConfigured(TestingOneWidgetTest.java:204)
	at com.dashwire.features.testing.fctnl.test.TestingOneWidgetTest.waitTillFeaturesConfigured(TestingOneWidgetTest.java:204)
	at com.dashwire.features.testing.fctnl.test.TestingOneWidgetTest.waitTillFeaturesConfigured(TestingOneWidgetTest.java:204)
	at com.dashwire.features.testing.fctnl.test.TestingOneWidgetTest.waitTillFeaturesConfigured(TestingOneWidgetTest.java:204)
	at com.dashwire.features.testing.fctnl.test.TestingOneWidgetTest.waitTillFeaturesConfigured(TestingOneWidgetTest.java:204)
	at com.dashwire.features.testing.fctnl.test.TestingOneWidgetTest.waitTillFeaturesConfigured(TestingOneWidgetTest.java:204)
	at com.dashwire.features.testing.fctnl.test.TestingOneWidgetTest.waitTillFeaturesConfigured(TestingOneWidgetTest.java:204)
	at com.dashwire.features.testing.fctnl.test.TestingOneWidgetTest.waitTillFeaturesConfigured(TestingOneWidgetTest.java:204)
	at com.dashwire.features.testing.fctnl.test.TestingOneWidgetTest.waitTillFeaturesConfigured(TestingOneWidgetTest.java:204)
	at com.dashwire.features.testing.fctnl.test.TestingOneWidgetTest.waitTillFeaturesConfigured(TestingOneWidgetTest.java:204)
	at com.dashwire.features.testing.fctnl.test.TestingOneWidgetTest.waitTillFeaturesConfigured(TestingOneWidgetTest.java:204)
	at com.dashwire.features.testing.fctnl.test.TestingOneWidgetTest.waitTillFeaturesConfigured(TestingOneWidgetTest.java:204)
	at com.dashwire.features.testing.fctnl.test.TestingOneWidgetTest.waitTillFeaturesConfigured(TestingOneWidgetTest.java:204)
	at com.dashwire.features.testing.fctnl.test.TestingOneWidgetTest.waitTillFeaturesConfigured(TestingOneWidgetTest.java:204)
	at com.dashwire.features.testing.fctnl.test.TestingOneWidgetTest.waitTillFeaturesConfigured(TestingOneWidgetTest.java:204)
	at com.dashwire.features.testing.fctnl.test.TestingOneWidgetTest.waitTillFeaturesConfigured(TestingOneWidgetTest.java:204)
	at com.dashwire.features.testing.fctnl.test.TestingOneWidgetTest.waitTillFeaturesConfigured(TestingOneWidgetTest.java:204)
	at com.dashwire.features.testing.fctnl.test.TestingOneWidgetTest.waitTillFeaturesConfigured(TestingOneWidgetTest.java:204)
	at com.dashwire.features.testing.fctnl.test.TestingOneWidgetTest.waitTillFeaturesConfigured(TestingOneWidgetTest.java:204)
	at com.dashwire.features.testing.fctnl.test.TestingOneWidgetTest.waitTillFeaturesConfigured(TestingOneWidgetTest.java:204)
	at com.dashwire.features.testing.fctnl.test.TestingOneWidgetTest.waitTillFeaturesConfigured(TestingOneWidgetTest.java:204)
	at com.dashwire.features.testing.fctnl.test.TestingOneWidgetTest.waitTillFeaturesConfigured(TestingOneWidgetTest.java:204)
	at com.dashwire.features.testing.fctnl.test.TestingOneWidgetTest.waitTillFeaturesConfigured(TestingOneWidgetTest.java:204)
	at com.dashwire.features.testing.fctnl.test.TestingOneWidgetTest.waitTillFeaturesConfigured(TestingOneWidgetTest.java:204)
	at com.dashwire.features.testing.fctnl.test.TestingOneWidgetTest.waitTillFeaturesConfigured(TestingOneWidgetTest.java:204)
	at com.dashwire.features.testing.fctnl.test.TestingOneWidgetTest.waitTillFeaturesConfigured(TestingOneWidgetTest.java:204)
	at com.dashwire.features.testing.fctnl.test.TestingOneWidgetTest.waitTillFeaturesConfigured(TestingOneWidgetTest.java:204)
	at com.dashwire.features.testing.fctnl.test.TestingOneWidgetTest.waitTillFeaturesConfigured(TestingOneWidgetTest.java:204)
	at com.dashwire.features.testing.fctnl.test.TestingOneWidgetTest.waitTillFeaturesConfigured(TestingOneWidgetTest.java:204)
	at com.dashwire.features.testing.fctnl.test.TestingOneWidgetTest.waitTillFeaturesConfigured(TestingOneWidgetTest.java:204)
	at com.dashwire.features.testing.fctnl.test.TestingOneWidgetTest.waitTillFeaturesConfigured(TestingOneWidgetTest.java:204)
	at com.dashwire.features.testing.fctnl.test.TestingOneWidgetTest.waitTillFeaturesConfigured(TestingOneWidgetTest.java:204)
	at com.dashwire.features.testing.fctnl.test.TestingOneWidgetTest.waitTillFeaturesConfigured(TestingOneWidgetTest.java:204)
	at com.dashwire.features.testing.fctnl.test.TestingOneWidgetTest.waitTillFeaturesConfigured(TestingOneWidgetTest.java:204)
	at com.dashwire.features.testing.fctnl.test.TestingOneWidgetTest.waitTillFeaturesConfigured(TestingOneWidgetTest.java:204)
	at com.dashwire.features.testing.fctnl.test.TestingOneWidgetTest.waitTillFeaturesConfigured(TestingOneWidgetTest.java:204)
	at com.dashwire.features.testing.fctnl.test.TestingOneWidgetTest.waitTillFeaturesConfigured(TestingOneWidgetTest.java:204)
	at com.dashwire.features.testing.fctnl.test.TestingOneWidgetTest.waitTillFeaturesConfigured(TestingOneWidgetTest.java:204)
	at com.dashwire.features.testing.fctnl.test.TestingOneWidgetTest.waitTillFeaturesConfigured(TestingOneWidgetTest.java:204)
	at com.dashwire.features.testing.fctnl.test.TestingOneWidgetTest.waitTillFeaturesConfigured(TestingOneWidgetTest.java:204)
	at com.dashwire.features.testing.fctnl.test.TestingOneWidgetTest.waitTillFeaturesConfigured(TestingOneWidgetTest.java:204)
	at com.dashwire.features.testing.fctnl.test.TestingOneWidgetTest.waitTillFeaturesConfigured(TestingOneWidgetTest.java:204)
	at com.dashwire.features.testing.fctnl.test.TestingOneWidgetTest.waitTillFeaturesConfigured(TestingOneWidgetTest.java:204)
	at com.dashwire.features.testing.fctnl.test.TestingOneWidgetTest.waitTillFeaturesConfigured(TestingOneWidgetTest.java:204)
	at com.dashwire.features.testing.fctnl.test.TestingOneWidgetTest.waitTillFeaturesConfigured(TestingOneWidgetTest.java:204)
	at com.dashwire.features.testing.fctnl.test.TestingOneWidgetTest.waitTillFeaturesConfigured(TestingOneWidgetTest.java:204)
	at com.dashwire.features.testing.fctnl.test.TestingOneWidgetTest.waitTillFeaturesConfigured(TestingOneWidgetTest.java:204)
	at com.dashwire.features.testing.fctnl.test.TestingOneWidgetTest.waitTillFeaturesConfigured(TestingOneWidgetTest.java:204)
	at com.dashwire.features.testing.fctnl.test.TestingOneWidgetTest.waitTillFeaturesConfigured(TestingOneWidgetTest.java:204)
	at com.dashwire.features.testing.fctnl.test.TestingOneWidgetTest.waitTillFeaturesConfigured(TestingOneWidgetTest.java:204)
	at com.dashwire.features.testing.fctnl.test.TestingOneWidgetTest.waitTillFeaturesConfigured(TestingOneWidgetTest.java:204)
	at com.dashwire.features.testing.fctnl.test.TestingOneWidgetTest.waitTillFeaturesConfigured(TestingOneWidgetTest.java:204)
	at com.dashwire.features.testing.fctnl.test.TestingOneWidgetTest.waitTillFeaturesConfigured(TestingOneWidgetTest.java:204)
	at com.dashwire.features.testing.fctnl.test.TestingOneWidgetTest.waitTillFeaturesConfigured(TestingOneWidgetTest.java:204)
	at com.dashwire.features.testing.fctnl.test.TestingOneWidgetTest.waitTillFeaturesConfigured(TestingOneWidgetTest.java:204)
	at com.dashwire.features.testing.fctnl.test.TestingOneWidgetTest.waitTillFeaturesConfigured(TestingOneWidgetTest.java:204)
	at com.dashwire.features.testing.fctnl.test.TestingOneWidgetTest.waitTillFeaturesConfigured(TestingOneWidgetTest.java:204)
	at com.dashwire.features.testing.fctnl.test.TestingOneWidgetTest.waitTillFeaturesConfigured(TestingOneWidgetTest.java:204)
	at com.dashwire.features.testing.fctnl.test.TestingOneWidgetTest.waitTillFeaturesConfigured(TestingOneWidgetTest.java:204)
	at com.dashwire.features.testing.fctnl.test.TestingOneWidgetTest.waitTillFeaturesConfigured(TestingOneWidgetTest.java:204)
	at com.dashwire.features.testing.fctnl.test.TestingOneWidgetTest.waitTillFeaturesConfigured(TestingOneWidgetTest.java:204)
	at com.dashwire.features.testing.fctnl.test.TestingOneWidgetTest.waitTillFeaturesConfigured(TestingOneWidgetTest.java:204)
	at com.dashwire.features.testing.fctnl.test.TestingOneWidgetTest.waitTillFeaturesConfigured(TestingOneWidgetTest.java:204)
	at com.dashwire.features.testing.fctnl.test.TestingOneWidgetTest.waitTillFeaturesConfigured(TestingOneWidgetTest.java:204)
	at com.dashwire.features.testing.fctnl.test.TestingOneWidgetTest.waitTillFeaturesConfigured(TestingOneWidgetTest.java:204)
	at com.dashwire.features.testing.fctnl.test.TestingOneWidgetTest.waitTillFeaturesConfigured(TestingOneWidgetTest.java:204)
	at com.dashwire.features.testing.fctnl.test.TestingOneWidgetTest.waitTillFeaturesConfigured(TestingOneWidgetTest.java:204)
	at com.dashwire.features.testing.fctnl.test.TestingOneWidgetTest.waitTillFeaturesConfigured(TestingOneWidgetTest.java:204)
	at com.dashwire.features.testing.fctnl.test.TestingOneWidgetTest.waitTillFeaturesConfigured(TestingOneWidgetTest.java:204)
	at com.dashwire.features.testing.fctnl.test.TestingOneWidgetTest.waitTillFeaturesConfigured(TestingOneWidgetTest.java:204)
	at com.dashwire.features.testing.fctnl.test.TestingOneWidgetTest.waitTillFeaturesConfigured(TestingOneWidgetTest.java:204)
	at com.dashwire.features.testing.fctnl.test.TestingOneWidgetTest.waitTillFeaturesConfigured(TestingOneWidgetTest.java:204)
	at com.dashwire.features.testing.fctnl.test.TestingOneWidgetTest.waitTillFeaturesConfigured(TestingOneWidgetTest.java:204)
	at com.dashwire.features.testing.fctnl.test.TestingOneWidgetTest.waitTillFeaturesConfigured(TestingOneWidgetTest.java:204)
	at com.dashwire.features.testing.fctnl.test.TestingOneWidgetTest.waitTillFeaturesConfigured(TestingOneWidgetTest.java:204)
	at com.dashwire.features.testing.fctnl.test.TestingOneWidgetTest.waitTillFeaturesConfigured(TestingOneWidgetTest.java:204)
	at com.dashwire.features.testing.fctnl.test.TestingOneWidgetTest.waitTillFeaturesConfigured(TestingOneWidgetTest.java:204)
	at com.dashwire.features.testing.fctnl.test.TestingOneWidgetTest.waitTillFeaturesConfigured(TestingOneWidgetTest.java:204)
	at com.dashwire.features.testing.fctnl.test.TestingOneWidgetTest.waitTillFeaturesConfigured(TestingOneWidgetTest.java:204)
	at com.dashwire.features.testing.fctnl.test.TestingOneWidgetTest.waitTillFeaturesConfigured(TestingOneWidgetTest.java:204)
	at com.dashwire.features.testing.fctnl.test.TestingOneWidgetTest.waitTillFeaturesConfigured(TestingOneWidgetTest.java:204)
	at com.dashwire.features.testing.fctnl.test.TestingOneWidgetTest.waitTillFeaturesConfigured(TestingOneWidgetTest.java:204)
	at com.dashwire.features.testing.fctnl.test.TestingOneWidgetTest.waitTillFeaturesConfigured(TestingOneWidgetTest.java:204)
	at com.dashwire.features.testing.fctnl.test.TestingOneWidgetTest.waitTillFeaturesConfigured(TestingOneWidgetTest.java:204)
	at com.dashwire.features.testing.fctnl.test.TestingOneWidgetTest.waitTillFeaturesConfigured(TestingOneWidgetTest.java:204)
	at com.dashwire.features.testing.fctnl.test.TestingOneWidgetTest.waitTillFeaturesConfigured(TestingOneWidgetTest.java:204)
	at com.dashwire.features.testing.fctnl.test.TestingOneWidgetTest.waitTillFeaturesConfigured(TestingOneWidgetTest.java:204)
	at com.dashwire.features.testing.fctnl.test.TestingOneWidgetTest.waitTillFeaturesConfigured(TestingOneWidgetTest.java:204)
	at com.dashwire.features.testing.fctnl.test.TestingOneWidgetTest.waitTillFeaturesConfigured(TestingOneWidgetTest.java:204)
	at com.dashwire.features.testing.fctnl.test.TestingOneWidgetTest.waitTillFeaturesConfigured(TestingOneWidgetTest.java:204)
	at com.dashwire.features.testing.fctnl.test.TestingOneWidgetTest.waitTillFeaturesConfigured(TestingOneWidgetTest.java:204)
	at com.dashwire.features.testing.fctnl.test.TestingOneWidgetTest.waitTillFeaturesConfigured(TestingOneWidgetTest.java:204)
	at com.dashwire.features.testing.fctnl.test.TestingOneWidgetTest.waitTillFeaturesConfigured(TestingOneWidgetTest.java:204)
	at com.dashwire.features.testing.fctnl.test.TestingOneWidgetTest.waitTillFeaturesConfigured(TestingOneWidgetTest.java:204)
	at com.dashwire.features.testing.fctnl.test.TestingOneWidgetTest.waitTillFeaturesConfigured(TestingOneWidgetTest.java:204)
	at com.dashwire.features.testing.fctnl.test.TestingOneWidgetTest.waitTillFeaturesConfigured(TestingOneWidgetTest.java:204)
	at com.dashwire.features.testing.fctnl.test.TestingOneWidgetTest.waitTillFeaturesConfigured(TestingOneWidgetTest.java:204)
	at com.dashwire.features.testing.fctnl.test.TestingOneWidgetTest.waitTillFeaturesConfigured(TestingOneWidgetTest.java:204)
	at com.dashwire.features.testing.fctnl.test.TestingOneWidgetTest.waitTillFeaturesConfigured(TestingOneWidgetTest.java:204)
	at com.dashwire.features.testing.fctnl.test.TestingOneWidgetTest.waitTillFeaturesConfigured(TestingOneWidgetTest.java:204)
	at com.dashwire.features.testing.fctnl.test.TestingOneWidgetTest.waitTillFeaturesConfigured(TestingOneWidgetTest.java:204)
	at com.dashwire.features.testing.fctnl.test.TestingOneWidgetTest.waitTillFeaturesConfigured(TestingOneWidgetTest.java:204)
	at com.dashwire.features.testing.fctnl.test.TestingOneWidgetTest.waitTillFeaturesConfigured(TestingOneWidgetTest.java:204)
	at com.dashwire.features.testing.fctnl.test.TestingOneWidgetTest.waitTillFeaturesConfigured(TestingOneWidgetTest.java:204)
	at com.dashwire.features.testing.fctnl.test.TestingOneWidgetTest.waitTillFeaturesConfigured(TestingOneWidgetTest.java:204)
	at com.dashwire.features.testing.fctnl.test.TestingOneWidgetTest.waitTillFeaturesConfigured(TestingOneWidgetTest.java:204)
	at com.dashwire.features.testing.fctnl.test.TestingOneWidgetTest.waitTillFeaturesConfigured(TestingOneWidgetTest.java:204)
	at com.dashwire.features.testing.fctnl.test.TestingOneWidgetTest.waitTillFeaturesConfigured(TestingOneWidgetTest.java:204)
	at com.dashwire.features.testing.fctnl.test.TestingOneWidgetTest.waitTillFeaturesConfigured(TestingOneWidgetTest.java:204)
	at com.dashwire.features.testing.fctnl.test.TestingOneWidgetTest.waitTillFeaturesConfigured(TestingOneWidgetTest.java:204)
	at com.dashwire.features.testing.fctnl.test.TestingOneWidgetTest.waitTillFeaturesConfigured(TestingOneWidgetTest.java:204)
	at com.dashwire.features.testing.fctnl.test.TestingOneWidgetTest.waitTillFeaturesConfigured(TestingOneWidgetTest.java:204)
	at com.dashwire.features.testing.fctnl.test.TestingOneWidgetTest.waitTillFeaturesConfigured(TestingOneWidgetTest.java:204)
	at com.dashwire.features.testing.fctnl.test.TestingOneWidgetTest.waitTillFeaturesConfigured(TestingOneWidgetTest.java:204)
	at com.dashwire.features.testing.fctnl.test.TestingOneWidgetTest.waitTillFeaturesConfigured(TestingOneWidgetTest.java:204)
	at com.dashwire.features.testing.fctnl.test.TestingOneWidgetTest.waitTillFeaturesConfigured(TestingOneWidgetTest.java:204)
	at com.dashwire.features.testing.fctnl.test.TestingOneWidgetTest.waitTillFeaturesConfigured(TestingOneWidgetTest.java:204)
	at com.dashwire.features.testing.fctnl.test.TestingOneWidgetTest.waitTillFeaturesConfigured(TestingOneWidgetTest.java:204)
	at com.dashwire.features.testing.fctnl.test.TestingOneWidgetTest.waitTillFeaturesConfigured(TestingOneWidgetTest.java:204)
	at com.dashwire.features.testing.fctnl.test.TestingOneWidgetTest.waitTillFeaturesConfigured(TestingOneWidgetTest.java:204)
	at com.dashwire.features.testing.fctnl.test.TestingOneWidgetTest.waitTillFeaturesConfigured(TestingOneWidgetTest.java:204)
	at com.dashwire.features.testing.fctnl.test.TestingOneWidgetTest.waitTillFeaturesConfigured(TestingOneWidgetTest.java:204)
	at com.dashwire.features.testing.fctnl.test.TestingOneWidgetTest.waitTillFeaturesConfigured(TestingOneWidgetTest.java:204)
	at com.dashwire.features.testing.fctnl.test.TestingOneWidgetTest.waitTillFeaturesConfigured(TestingOneWidgetTest.java:204)
	at com.dashwire.features.testing.fctnl.test.TestingOneWidgetTest.waitTillFeaturesConfigured(TestingOneWidgetTest.java:204)
	at com.dashwire.features.testing.fctnl.test.TestingOneWidgetTest.waitTillFeaturesConfigured(TestingOneWidgetTest.java:204)
	at com.dashwire.features.testing.fctnl.test.TestingOneWidgetTest.waitTillFeaturesConfigured(TestingOneWidgetTest.java:204)
	at com.dashwire.features.testing.fctnl.test.TestingOneWidgetTest.waitTillFeaturesConfigured(TestingOneWidgetTest.java:204)
	at com.dashwire.features.testing.fctnl.test.TestingOneWidgetTest.waitTillFeaturesConfigured(TestingOneWidgetTest.java:204)
	at com.dashwire.features.testing.fctnl.test.TestingOneWidgetTest.waitTillFeaturesConfigured(TestingOneWidgetTest.java:204)
	at com.dashwire.features.testing.fctnl.test.TestingOneWidgetTest.waitTillFeaturesConfigured(TestingOneWidgetTest.java:204)
	at com.dashwire.features.testing.fctnl.test.TestingOneWidgetTest.waitTillFeaturesConfigured(TestingOneWidgetTest.java:204)
	at com.dashwire.features.testing.fctnl.test.TestingOneWidgetTest.waitTillFeaturesConfigured(TestingOneWidgetTest.java:204)
	at com.dashwire.features.testing.fctnl.test.TestingOneWidgetTest.waitTillFeaturesConfigured(TestingOneWidgetTest.java:204)
	at com.dashwire.features.testing.fctnl.test.TestingOneWidgetTest.waitTillFeaturesConfigured(TestingOneWidgetTest.java:204)
	at com.dashwire.features.testing.fctnl.test.TestingOneWidgetTest.waitTillFeaturesConfigured(TestingOneWidgetTest.java:204)
	at com.dashwire.features.testing.fctnl.test.TestingOneWidgetTest.waitTillFeaturesConfigured(TestingOneWidgetTest.java:204)
	at com.dashwire.features.testing.fctnl.test.TestingOneWidgetTest.waitTillFeaturesConfigured(TestingOneWidgetTest.java:204)
	at com.dashwire.features.testing.fctnl.test.TestingOneWidgetTest.waitTillFeaturesConfigured(TestingOneWidgetTest.java:204)
	at com.dashwire.features.testing.fctnl.test.TestingOneWidgetTest.waitTillFeaturesConfigured(TestingOneWidgetTest.java:204)
	at com.dashwire.features.testing.fctnl.test.TestingOneWidgetTest.waitTillFeaturesConfigured(TestingOneWidgetTest.java:204)
	at com.dashwire.features.testing.fctnl.test.TestingOneWidgetTest.waitTillFeaturesConfigured(TestingOneWidgetTest.java:204)
	at com.dashwire.features.testing.fctnl.test.TestingOneWidgetTest.waitTillFeaturesConfigured(TestingOneWidgetTest.java:204)
	at com.dashwire.features.testing.fctnl.test.TestingOneWidgetTest.waitTillFeaturesConfigured(TestingOneWidgetTest.java:204)
	at com.dashwire.features.testing.fctnl.test.TestingOneWidgetTest.waitTillFeaturesConfigured(TestingOneWidgetTest.java:204)
	at com.dashwire.features.testing.fctnl.test.TestingOneWidgetTest.waitTillFeaturesConfigured(TestingOneWidgetTest.java:204)
	at com.dashwire.features.testing.fctnl.test.TestingOneWidgetTest.waitTillFeaturesConfigured(TestingOneWidgetTest.java:204)
	at com.dashwire.features.testing.fctnl.test.TestingOneWidgetTest.waitTillFeaturesConfigured(TestingOneWidgetTest.java:204)
	at com.dashwire.features.testing.fctnl.test.TestingOneWidgetTest.waitTillFeaturesConfigured(TestingOneWidgetTest.java:204)
	at com.dashwire.features.testing.fctnl.test.TestingOneWidgetTest.waitTillFeaturesConfigured(TestingOneWidgetTest.java:204)
	at com.dashwire.features.testing.fctnl.test.TestingOneWidgetTest.waitTillFeaturesConfigured(TestingOneWidgetTest.java:204)
	at com.dashwire.features.testing.fctnl.test.TestingOneWidgetTest.waitTillFeaturesConfigured(TestingOneWidgetTest.java:204)
	at com.dashwire.features.testing.fctnl.test.TestingOneWidgetTest.waitTillFeaturesConfigured(TestingOneWidgetTest.java:204)
	at com.dashwire.features.testing.fctnl.test.TestingOneWidgetTest.waitTillFeaturesConfigured(TestingOneWidgetTest.java:204)
	at com.dashwire.features.testing.fctnl.test.TestingOneWidgetTest.waitTillFeaturesConfigured(TestingOneWidgetTest.java:204)
	at com.dashwire.features.testing.fctnl.test.TestingOneWidgetTest.waitTillFeaturesConfigured(TestingOneWidgetTest.java:204)
	at com.dashwire.features.testing.fctnl.test.TestingOneWidgetTest.waitTillFeaturesConfigured(TestingOneWidgetTest.java:204)
	at com.dashwire.features.testing.fctnl.test.TestingOneWidgetTest.waitTillFeaturesConfigured(TestingOneWidgetTest.java:204)
	at com.dashwire.features.testing.fctnl.test.TestingOneWidgetTest.waitTillFeaturesConfigured(TestingOneWidgetTest.java:204)
	at com.dashwire.features.testing.fctnl.test.TestingOneWidgetTest.waitTillFeaturesConfigured(TestingOneWidgetTest.java:204)
	at com.dashwire.features.testing.fctnl.test.TestingOneWidgetTest.waitTillFeaturesConfigured(TestingOneWidgetTest.java:204)
	at com.dashwire.features.testing.fctnl.test.TestingOneWidgetTest.waitTillFeaturesConfigured(TestingOneWidgetTest.java:204)
	at com.dashwire.features.testing.fctnl.test.TestingOneWidgetTest.waitTillFeaturesConfigured(TestingOneWidgetTest.java:204)
	at com.dashwire.features.testing.fctnl.test.TestingOneWidgetTest.waitTillFeaturesConfigured(TestingOneWidgetTest.java:204)
	at com.dashwire.features.testing.fctnl.test.TestingOneWidgetTest.waitTillFeaturesConfigured(TestingOneWidgetTest.java:204)
	at com.dashwire.features.testing.fctnl.test.TestingOneWidgetTest.waitTillFeaturesConfigured(TestingOneWidgetTest.java:204)
	at com.dashwire.features.testing.fctnl.test.TestingOneWidgetTest.waitTillFeaturesConfigured(TestingOneWidgetTest.java:204)
	at com.dashwire.features.testing.fctnl.test.TestingOneWidgetTest.waitTillFeaturesConfigured(TestingOneWidgetTest.java:204)
	at com.dashwire.features.testing.fctnl.test.TestingOneWidgetTest.waitTillFeaturesConfigured(TestingOneWidgetTest.java:204)
	at com.dashwire.features.testing.fctnl.test.TestingOneWidgetTest.waitTillFeaturesConfigured(TestingOneWidgetTest.java:204)
	at com.dashwire.features.testing.fctnl.test.TestingOneWidgetTest.waitTillFeaturesConfigured(TestingOneWidgetTest.java:204)
	at com.dashwire.features.testing.fctnl.test.TestingOneWidgetTest.waitTillFeaturesConfigured(TestingOneWidgetTest.java:204)
	at com.dashwire.features.testing.fctnl.test.TestingOneWidgetTest.waitTillFeaturesConfigured(TestingOneWidgetTest.java:204)
	at com.dashwire.features.testing.fctnl.test.TestingOneWidgetTest.waitTillFeaturesConfigured(TestingOneWidgetTest.java:204)
	at com.dashwire.features.testing.fctnl.test.TestingOneWidgetTest.waitTillFeaturesConfigured(TestingOneWidgetTest.java:204)
	at com.dashwire.features.testing.fctnl.test.TestingOneWidgetTest.waitTillFeaturesConfigured(TestingOneWidgetTest.java:204)
	at com.dashwire.features.testing.fctnl.test.TestingOneWidgetTest.waitTillFeaturesConfigured(TestingOneWidgetTest.java:204)
	at com.dashwire.features.testing.fctnl.test.TestingOneWidgetTest.waitTillFeaturesConfigured(TestingOneWidgetTest.java:204)
	at com.dashwire.features.testing.fctnl.test.TestingOneWidgetTest.waitTillFeaturesConfigured(TestingOneWidgetTest.java:204)
	at com.dashwire.features.testing.fctnl.test.TestingOneWidgetTest.waitTillFeaturesConfigured(TestingOneWidgetTest.java:204)
	at com.dashwire.features.testing.fctnl.test.TestingOneWidgetTest.waitTillFeaturesConfigured(TestingOneWidgetTest.java:204)
	at com.dashwire.features.testing.fctnl.test.TestingOneWidgetTest.waitTillFeaturesConfigured(TestingOneWidgetTest.java:204)
	at com.dashwire.features.testing.fctnl.test.TestingOneWidgetTest.waitTillFeaturesConfigured(TestingOneWidgetTest.java:204)
	at com.dashwire.features.testing.fctnl.test.TestingOneWidgetTest.waitTillFeaturesConfigured(TestingOneWidgetTest.java:204)
	at com.dashwire.features.testing.fctnl.test.TestingOneWidgetTest.waitTillFeaturesConfigured(TestingOneWidgetTest.java:204)
	at com.dashwire.features.testing.fctnl.test.TestingOneWidgetTest.waitTillFeaturesConfigured(TestingOneWidgetTest.java:204)
	at com.dashwire.features.testing.fctnl.test.TestingOneWidgetTest.waitTillFeaturesConfigured(TestingOneWidgetTest.java:204)
	at com.dashwire.features.testing.fctnl.test.TestingOneWidgetTest.waitTillFeaturesConfigured(TestingOneWidgetTest.java:204)
	at com.dashwire.features.testing.fctnl.test.TestingOneWidgetTest.waitTillFeaturesConfigured(TestingOneWidgetTest.java:204)
	at com.dashwire.features.testing.fctnl.test.TestingOneWidgetTest.waitTillFeaturesConfigured(TestingOneWidgetTest.java:204)
	at com.dashwire.features.testing.fctnl.test.TestingOneWidgetTest.waitTillFeaturesConfigured(TestingOneWidgetTest.java:204)
	at com.dashwire.features.testing.fctnl.test.TestingOneWidgetTest.waitTillFeaturesConfigured(TestingOneWidgetTest.java:204)
	at com.dashwire.features.testing.fctnl.test.TestingOneWidgetTest.waitTillFeaturesConfigured(TestingOneWidgetTest.java:204)
	at com.dashwire.features.testing.fctnl.test.TestingOneWidgetTest.waitTillFeaturesConfigured(TestingOneWidgetTest.java:204)
	at com.dashwire.features.testing.fctnl.test.TestingOneWidgetTest.waitTillFeaturesConfigured(TestingOneWidgetTest.java:204)
	at com.dashwire.features.testing.fctnl.test.TestingOneWidgetTest.waitTillFeaturesConfigured(TestingOneWidgetTest.java:204)
	at com.dashwire.features.testing.fctnl.test.TestingOneWidgetTest.waitTillFeaturesConfigured(TestingOneWidgetTest.java:204)
	at com.dashwire.features.testing.fctnl.test.TestingOneWidgetTest.waitTillFeaturesConfigured(TestingOneWidgetTest.java:204)
	at com.dashwire.features.testing.fctnl.test.TestingOneWidgetTest.waitTillFeaturesConfigured(TestingOneWidgetTest.java:204)
	at com.dashwire.features.testing.fctnl.test.TestingOneWidgetTest.waitTillFeaturesConfigured(TestingOneWidgetTest.java:204)
	at com.dashwire.features.testing.fctnl.test.TestingOneWidgetTest.waitTillFeaturesConfigured(TestingOneWidgetTest.java:204)
	at com.dashwire.features.testing.fctnl.test.TestingOneWidgetTest.waitTillFeaturesConfigured(TestingOneWidgetTest.java:204)
	at com.dashwire.features.testing.fctnl.test.TestingOneWidgetTest.waitTillFeaturesConfigured(TestingOneWidgetTest.java:204)
	at com.dashwire.features.testing.fctnl.test.TestingOneWidgetTest.waitTillFeaturesConfigured(TestingOneWidgetTest.java:204)
	at com.dashwire.features.testing.fctnl.test.TestingOneWidgetTest.waitTillFeaturesConfigured(TestingOneWidgetTest.java:204)
	at com.dashwire.features.testing.fctnl.test.TestingOneWidgetTest.waitTillFeaturesConfigured(TestingOneWidgetTest.java:204)
	at com.dashwire.features.testing.fctnl.test.TestingOneWidgetTest.waitTillFeaturesConfigured(TestingOneWidgetTest.java:204)
	at com.dashwire.features.testing.fctnl.test.TestingOneWidgetTest.waitTillFeaturesConfigured(TestingOneWidgetTest.java:204)
	at com.dashwire.features.testing.fctnl.test.TestingOneWidgetTest.waitTillFeaturesConfigured(TestingOneWidgetTest.java:204)
	at com.dashwire.features.testing.fctnl.test.TestingOneWidgetTest.waitTillFeaturesConfigured(TestingOneWidgetTest.java:204)
	at com.dashwire.features.testing.fctnl.test.TestingOneWidgetTest.waitTillFeaturesConfigured(TestingOneWidgetTest.java:204)
	at com.dashwire.features.testing.fctnl.test.TestingOneWidgetTest.waitTillFeaturesConfigured(TestingOneWidgetTest.java:204)
	at com.dashwire.features.testing.fctnl.test.TestingOneWidgetTest.waitTillFeaturesConfigured(TestingOneWidgetTest.java:204)
	at com.dashwire.features.testing.fctnl.test.TestingOneWidgetTest.waitTillFeaturesConfigured(TestingOneWidgetTest.java:204)
	at com.dashwire.features.testing.fctnl.test.TestingOneWidgetTest.waitTillFeaturesConfigured(TestingOneWidgetTest.java:204)
	at com.dashwire.features.testing.fctnl.test.TestingOneWidgetTest.waitTillFeaturesConfigured(TestingOneWidgetTest.java:204)
	at com.dashwire.features.testing.fctnl.test.TestingOneWidgetTest.waitTillFeaturesConfigured(TestingOneWidgetTest.java:204)
	at com.dashwire.features.testing.fctnl.test.TestingOneWidgetTest.waitTillFeaturesConfigured(TestingOneWidgetTest.java:204)
	at com.dashwire.features.testing.fctnl.test.TestingOneWidgetTest.waitTillFeaturesConfigured(TestingOneWidgetTest.java:204)
	at com.dashwire.features.testing.fctnl.test.TestingOneWidgetTest.waitTillFeaturesConfigured(TestingOneWidgetTest.java:204)
	at com.dashwire.features.testing.fctnl.test.TestingOneWidgetTest.waitTillFeaturesConfigured(TestingOneWidgetTest.java:204)
	at com.dashwire.features.testing.fctnl.test.TestingOneWidgetTest.waitTillFeaturesConfigured(TestingOneWidgetTest.java:204)
	at com.dashwire.features.testing.fctnl.test.TestingOneWidgetTest.waitTillFeaturesConfigured(TestingOneWidgetTest.java:204)
	at com.dashwire.features.testing.fctnl.test.TestingOneWidgetTest.waitTillFeaturesConfigured(TestingOneWidgetTest.java:204)
	at com.dashwire.features.testing.fctnl.test.TestingOneWidgetTest.waitTillFeaturesConfigured(TestingOneWidgetTest.java:204)
	at com.dashwire.features.testing.fctnl.test.TestingOneWidgetTest.waitTillFeaturesConfigured(TestingOneWidgetTest.java:204)
	at com.dashwire.features.testing.fctnl.test.TestingOneWidgetTest.waitTillFeaturesConfigured(TestingOneWidgetTest.java:204)
	at com.dashwire.features.testing.fctnl.test.TestingOneWidgetTest.waitTillFeaturesConfigured(TestingOneWidgetTest.java:204)
	at com.dashwire.features.testing.fctnl.test.TestingOneWidgetTest.waitTillFeaturesConfigured(TestingOneWidgetTest.java:204)
	at com.dashwire.features.testing.fctnl.test.TestingOneWidgetTest.waitTillFeaturesConfigured(TestingOneWidgetTest.java:204)
	at com.dashwire.features.testing.fctnl.test.TestingOneWidgetTest.waitTillFeaturesConfigured(TestingOneWidgetTest.java:204)
	at com.dashwire.features.testing.fctnl.test.TestingOneWidgetTest.waitTillFeaturesConfigured(TestingOneWidgetTest.java:204)
	at com.dashwire.features.testing.fctnl.test.TestingOneWidgetTest.waitTillFeaturesConfigured(TestingOneWidgetTest.java:204)
	at com.dashwire.features.testing.fctnl.test.TestingOneWidgetTest.waitTillFeaturesConfigured(TestingOneWidgetTest.java:204)
	at com.dashwire.features.testing.fctnl.test.TestingOneWidgetTest.waitTillFeaturesConfigured(TestingOneWidgetTest.java:204)
	at com.dashwire.features.testing.fctnl.test.TestingOneWidgetTest.waitTillFeaturesConfigured(TestingOneWidgetTest.java:204)
	at com.dashwire.features.testing.fctnl.test.TestingOneWidgetTest.waitTillFeaturesConfigured(TestingOneWidgetTest.java:204)
	at com.dashwire.features.testing.fctnl.test.TestingOneWidgetTest.waitTillFeaturesConfigured(TestingOneWidgetTest.java:204)
	at com.dashwire.features.testing.fctnl.test.TestingOneWidgetTest.waitTillFeaturesConfigured(TestingOneWidgetTest.java:204)
	at com.dashwire.features.testing.fctnl.test.TestingOneWidgetTest.waitTillFeaturesConfigured(TestingOneWidgetTest.java:204)
	at com.dashwire.features.testing.fctnl.test.TestingOneWidgetTest.waitTillFeaturesConfigured(TestingOneWidgetTest.java:204)
	at com.dashwire.features.testing.fctnl.test.TestingOneWidgetTest.waitTillFeaturesConfigured(TestingOneWidgetTest.java:204)
	at com.dashwire.features.testing.fctnl.test.TestingOneWidgetTest.waitTillFeaturesConfigured(TestingOneWidgetTest.java:204)
	at com.dashwire.features.testing.fctnl.test.TestingOneWidgetTest.waitTillFeaturesConfigured(TestingOneWidgetTest.java:204)
	at com.dashwire.features.testing.fctnl.test.TestingOneWidgetTest.waitTillFeaturesConfigured(TestingOneWidgetTest.java:204)
	at com.dashwire.features.testing.fctnl.test.TestingOneWidgetTest.waitTillFeaturesConfigured(TestingOneWidgetTest.java:204)
	at com.dashwire.features.testing.fctnl.test.TestingOneWidgetTest.waitTillFeaturesConfigured(TestingOneWidgetTest.java:204)
	at com.dashwire.features.testing.fctnl.test.TestingOneWidgetTest.waitTillFeaturesConfigured(TestingOneWidgetTest.java:204)
	at com.dashwire.features.testing.fctnl.test.TestingOneWidgetTest.waitTillFeaturesConfigured(TestingOneWidgetTest.java:204)
	at com.dashwire.features.testing.fctnl.test.TestingOneWidgetTest.waitTillFeaturesConfigured(TestingOneWidgetTest.java:204)
	at com.dashwire.features.testing.fctnl.test.TestingOneWidgetTest.waitTillFeaturesConfigured(TestingOneWidgetTest.java:204)
	at com.dashwire.features.testing.fctnl.test.TestingOneWidgetTest.waitTillFeaturesConfigured(TestingOneWidgetTest.java:204)
	at com.dashwire.features.testing.fctnl.test.TestingOneWidgetTest.waitTillFeaturesConfigured(TestingOneWidgetTest.java:204)
	at com.dashwire.features.testing.fctnl.test.TestingOneWidgetTest.waitTillFeaturesConfigured(TestingOneWidgetTest.java:204)
	at com.dashwire.features.testing.fctnl.test.TestingOneWidgetTest.waitTillFeaturesConfigured(TestingOneWidgetTest.java:204)
	at com.dashwire.features.testing.fctnl.test.TestingOneWidgetTest.waitTillFeaturesConfigured(TestingOneWidgetTest.java:204)
	at com.dashwire.features.testing.fctnl.test.TestingOneWidgetTest.waitTillFeaturesConfigured(TestingOneWidgetTest.java:204)
	at com.dashwire.features.testing.fctnl.test.TestingOneWidgetTest.waitTillFeaturesConfigured(TestingOneWidgetTest.java:204)
	at com.dashwire.features.testing.fctnl.test.TestingOneWidgetTest.waitTillFeaturesConfigured(TestingOneWidgetTest.java:204)
	at com.dashwire.features.testing.fctnl.test.TestingOneWidgetTest.waitTillFeaturesConfigured(TestingOneWidgetTest.java:204)
	at com.dashwire.features.testing.fctnl.test.TestingOneWidgetTest.waitTillFeaturesConfigured(TestingOneWidgetTest.java:204)
	at com.dashwire.features.testing.fctnl.test.TestingOneWidgetTest.waitTillFeaturesConfigured(TestingOneWidgetTest.java:204)
	at com.dashwire.features.testing.fctnl.test.TestingOneWidgetTest.waitTillFeaturesConfigured(TestingOneWidgetTest.java:204)
	at com.dashwire.features.testing.fctnl.test.TestingOneWidgetTest.waitTillFeaturesConfigured(TestingOneWidgetTest.java:204)
	at com.dashwire.features.testing.fctnl.test.TestingOneWidgetTest.waitTillFeaturesConfigured(TestingOneWidgetTest.java:204)
	at com.dashwire.features.testing.fctnl.test.TestingOneWidgetTest.waitTillFeaturesConfigured(TestingOneWidgetTest.java:204)
	at com.dashwire.features.testing.fctnl.test.TestingOneWidgetTest.waitTillFeaturesConfigured(TestingOneWidgetTest.java:204)
	at com.dashwire.features.testing.fctnl.test.TestingOneWidgetTest.waitTillFeaturesConfigured(TestingOneWidgetTest.java:204)
	at com.dashwire.features.testing.fctnl.test.TestingOneWidgetTest.waitTillFeaturesConfigured(TestingOneWidgetTest.java:204)
	at com.dashwire.features.testing.fctnl.test.TestingOneWidgetTest.waitTillFeaturesConfigured(TestingOneWidgetTest.java:204)
	at com.dashwire.features.testing.fctnl.test.TestingOneWidgetTest.waitTillFeaturesConfigured(TestingOneWidgetTest.java:204)
	at com.dashwire.features.testing.fctnl.test.TestingOneWidgetTest.waitTillFeaturesConfigured(TestingOneWidgetTest.java:204)
	at com.dashwire.features.testing.fctnl.test.TestingOneWidgetTest.waitTillFeaturesConfigured(TestingOneWidgetTest.java:204)
	at com.dashwire.features.testing.fctnl.test.TestingOneWidgetTest.waitTillFeaturesConfigured(TestingOneWidgetTest.java:204)
	at com.dashwire.features.testing.fctnl.test.TestingOneWidgetTest.waitTillFeaturesConfigured(TestingOneWidgetTest.java:204)
	at com.dashwire.features.testing.fctnl.test.TestingOneWidgetTest.waitTillFeaturesConfigured(TestingOneWidgetTest.java:204)
	at com.dashwire.features.testing.fctnl.test.TestingOneWidgetTest.waitTillFeaturesConfigured(TestingOneWidgetTest.java:204)
	at com.dashwire.features.testing.fctnl.test.TestingOneWidgetTest.waitTillFeaturesConfigured(TestingOneWidgetTest.java:204)
	at com.dashwire.features.testing.fctnl.test.TestingOneWidgetTest.waitTillFeaturesConfigured(TestingOneWidgetTest.java:204)
	at com.dashwire.features.testing.fctnl.test.TestingOneWidgetTest.waitTillFeaturesConfigured(TestingOneWidgetTest.java:204)
	at com.dashwire.features.testing.fctnl.test.TestingOneWidgetTest.waitTillFeaturesConfigured(TestingOneWidgetTest.java:204)
	at com.dashwire.features.testing.fctnl.test.TestingOneWidgetTest.waitTillFeaturesConfigured(TestingOneWidgetTest.java:204)
	at com.dashwire.features.testing.fctnl.test.TestingOneWidgetTest.waitTillFeaturesConfigured(TestingOneWidgetTest.java:204)
	at com.dashwire.features.testing.fctnl.test.TestingOneWidgetTest.waitTillFeaturesConfigured(TestingOneWidgetTest.java:204)
	at com.dashwire.features.testing.fctnl.test.TestingOneWidgetTest.waitTillFeaturesConfigured(TestingOneWidgetTest.java:204)
	at com.dashwire.features.testing.fctnl.test.TestingOneWidgetTest.waitTillFeaturesConfigured(TestingOneWidgetTest.java:204)
	at com.dashwire.features.testing.fctnl.test.TestingOneWidgetTest.waitTillFeaturesConfigured(TestingOneWidgetTest.java:204)
	at com.dashwire.features.testing.fctnl.test.TestingOneWidgetTest.waitTillFeaturesConfigured(TestingOneWidgetTest.java:204)
	at com.dashwire.features.testing.fctnl.test.TestingOneWidgetTest.waitTillFeaturesConfigured(TestingOneWidgetTest.java:204)
	at com.dashwire.features.testing.fctnl.test.TestingOneWidgetTest.waitTillFeaturesConfigured(TestingOneWidgetTest.java:204)
	at com.dashwire.features.testing.fctnl.test.TestingOneWidgetTest.waitTillFeaturesConfigured(TestingOneWidgetTest.java:204)
	at com.dashwire.features.testing.fctnl.test.TestingOneWidgetTest.waitTillFeaturesConfigured(TestingOneWidgetTest.java:204)
	at com.dashwire.features.testing.fctnl.test.TestingOneWidgetTest.waitTillFeaturesConfigured(TestingOneWidgetTest.java:204)
	at com.dashwire.features.testing.fctnl.test.TestingOneWidgetTest.waitTillFeaturesConfigured(TestingOneWidgetTest.java:204)
	at com.dashwire.features.testing.fctnl.test.TestingOneWidgetTest.waitTillFeaturesConfigured(TestingOneWidgetTest.java:204)
	at com.dashwire.features.testing.fctnl.test.TestingOneWidgetTest.waitTillFeaturesConfigured(TestingOneWidgetTest.java:204)
	at com.dashwire.features.testing.fctnl.test.TestingOneWidgetTest.waitTillFeaturesConfigured(TestingOneWidgetTest.java:204)
	at com.dashwire.features.testing.fctnl.test.TestingOneWidgetTest.waitTillFeaturesConfigured(TestingOneWidgetTest.java:204)
	at com.dashwire.features.testing.fctnl.test.TestingOneWidgetTest.waitTillFeaturesConfigured(TestingOneWidgetTest.java:204)
	at com.dashwire.features.testing.fctnl.test.TestingOneWidgetTest.waitTillFeaturesConfigured(TestingOneWidgetTest.java:204)
	at com.dashwire.features.testing.fctnl.test.TestingOneWidgetTest.waitTillFeaturesConfigured(TestingOneWidgetTest.java:204)
	at com.dashwire.features.testing.fctnl.test.TestingOneWidgetTest.waitTillFeaturesConfigured(TestingOneWidgetTest.java:204)
	at com.dashwire.features.testing.fctnl.test.TestingOneWidgetTest.waitTillFeaturesConfigured(TestingOneWidgetTest.java:204)
	at com.dashwire.features.testing.fctnl.test.TestingOneWidgetTest.waitTillFeaturesConfigured(TestingOneWidgetTest.java:204)
	at com.dashwire.features.testing.fctnl.test.TestingOneWidgetTest.waitTillFeaturesConfigured(TestingOneWidgetTest.java:204)
	at com.dashwire.features.testing.fctnl.test.TestingOneWidgetTest.waitTillFeaturesConfigured(TestingOneWidgetTest.java:204)
	at com.dashwire.features.testing.fctnl.test.TestingOneWidgetTest.waitTillFeaturesConfigured(TestingOneWidgetTest.java:204)
	at com.dashwire.features.testing.fctnl.test.TestingOneWidgetTest.waitTillFeaturesConfigured(TestingOneWidgetTest.java:204)
	at com.dashwire.features.testing.fctnl.test.TestingOneWidgetTest.waitTillFeaturesConfigured(TestingOneWidgetTest.java:204)
	at com.dashwire.features.testing.fctnl.test.TestingOneWidgetTest.waitTillFeaturesConfigured(TestingOneWidgetTest.java:204)
	at com.dashwire.features.testing.fctnl.test.TestingOneWidgetTest.waitTillFeaturesConfigured(TestingOneWidgetTest.java:204)
	at com.dashwire.features.testing.fctnl.test.TestingOneWidgetTest.waitTillFeaturesConfigured(TestingOneWidgetTest.java:204)
	at com.dashwire.features.testing.fctnl.test.TestingOneWidgetTest.waitTillFeaturesConfigured(TestingOneWidgetTest.java:204)
	at com.dashwire.features.testing.fctnl.test.TestingOneWidgetTest.waitTillFeaturesConfigured(TestingOneWidgetTest.java:204)
	at com.dashwire.features.testing.fctnl.test.TestingOneWidgetTest.waitTillFeaturesConfigured(TestingOneWidgetTest.java:204)
	at com.dashwire.features.testing.fctnl.test.TestingOneWidgetTest.waitTillFeaturesConfigured(TestingOneWidgetTest.java:204)
	at com.dashwire.features.testing.fctnl.test.TestingOneWidgetTest.waitTillFeaturesConfigured(TestingOneWidgetTest.java:204)
	at com.dashwire.features.testing.fctnl.test.TestingOneWidgetTest.waitTillFeaturesConfigured(TestingOneWidgetTest.java:204)
	at com.dashwire.features.testing.fctnl.test.TestingOneWidgetTest.waitTillFeaturesConfigured(TestingOneWidgetTest.java:204)
	at com.dashwire.features.testing.fctnl.test.TestingOneWidgetTest.waitTillFeaturesConfigured(TestingOneWidgetTest.java:204)
	at com.dashwire.features.testing.fctnl.test.TestingOneWidgetTest.waitTillFeaturesConfigured(TestingOneWidgetTest.java:204)
	at com.dashwire.features.testing.fctnl.test.TestingOneWidgetTest.waitTillFeaturesConfigured(TestingOneWidgetTest.java:204)
	at com.dashwire.features.testing.fctnl.test.TestingOneWidgetTest.waitTillFeaturesConfigured(TestingOneWidgetTest.java:204)
	at com.dashwire.features.testing.fctnl.test.TestingOneWidgetTest.waitTillFeaturesConfigured(TestingOneWidgetTest.java:204)
	at com.dashwire.features.testing.fctnl.test.TestingOneWidgetTest.waitTillFeaturesConfigured(TestingOneWidgetTest.java:204)
	at com.dashwire.features.testing.fctnl.test.TestingOneWidgetTest.waitTillFeaturesConfigured(TestingOneWidgetTest.java:204)
	at com.dashwire.features.testing.fctnl.test.TestingOneWidgetTest.waitTillFeaturesConfigured(TestingOneWidgetTest.java:204)
	at com.dashwire.features.testing.fctnl.test.TestingOneWidgetTest.waitTillFeaturesConfigured(TestingOneWidgetTest.java:204)
	at com.dashwire.features.testing.fctnl.test.TestingOneWidgetTest.waitTillFeaturesConfigured(TestingOneWidgetTest.java:204)
	at com.dashwire.features.testing.fctnl.test.TestingOneWidgetTest.waitTillFeaturesConfigured(TestingOneWidgetTest.java:204)
	at com.dashwire.features.testing.fctnl.test.TestingOneWidgetTest.waitTillFeaturesConfigured(TestingOneWidgetTest.java:204)
	at com.dashwire.features.testing.fctnl.test.TestingOneWidgetTest.waitTillFeaturesConfigured(TestingOneWidgetTest.java:204)
	at com.dashwire.features.testing.fctnl.test.TestingOneWidgetTest.waitTillFeaturesConfigured(TestingOneWidgetTest.java:204)
	at com.dashwire.features.testing.fctnl.test.TestingOneWidgetTest.waitTillFeaturesConfigured(TestingOneWidgetTest.java:204)
	at com.dashwire.features.testing.fctnl.test.TestingOneWidgetTest.waitTillFeaturesConfigured(TestingOneWidgetTest.java:204)
	at com.dashwire.features.testing.fctnl.test.TestingOneWidgetTest.waitTillFeaturesConfigured(TestingOneWidgetTest.java:204)
	at com.dashwire.features.testing.fctnl.test.TestingOneWidgetTest.waitTillFeaturesConfigured(TestingOneWidgetTest.java:204)
	at com.dashwire.features.testing.fctnl.test.TestingOneWidgetTest.waitTillFeaturesConfigured(TestingOneWidgetTest.java:204)
	at com.dashwire.features.testing.fctnl.test.TestingOneWidgetTest.waitTillFeaturesConfigured(TestingOneWidgetTest.java:204)
	at com.dashwire.features.testing.fctnl.test.TestingOneWidgetTest.waitTillFeaturesConfigured(TestingOneWidgetTest.java:204)
	at com.dashwire.features.testing.fctnl.test.TestingOneWidgetTest.waitTillFeaturesConfigured(TestingOneWidgetTest.java:204)
	at com.dashwire.features.testing.fctnl.test.TestingOneWidgetTest.waitTillFeaturesConfigured(TestingOneWidgetTest.java:204)
	at com.dashwire.features.testing.fctnl.test.TestingOneWidgetTest.waitTillFeaturesConfigured(TestingOneWidgetTest.java:204)
	at com.dashwire.features.testing.fctnl.test.TestingOneWidgetTest.waitTillFeaturesConfigured(TestingOneWidgetTest.java:204)
	at com.dashwire.features.testing.fctnl.test.TestingOneWidgetTest.waitTillFeaturesConfigured(TestingOneWidgetTest.java:204)
	at com.dashwire.features.testing.fctnl.test.TestingOneWidgetTest.waitTillFeaturesConfigured(TestingOneWidgetTest.java:204)
	at com.dashwire.features.testing.fctnl.test.TestingOneWidgetTest.waitTillFeaturesConfigured(TestingOneWidgetTest.java:204)
	at com.dashwire.features.testing.fctnl.test.TestingOneWidgetTest.waitTillFeaturesConfigured(TestingOneWidgetTest.java:204)
	at com.dashwire.features.testing.fctnl.test.TestingOneWidgetTest.waitTillFeaturesConfigured(TestingOneWidgetTest.java:204)
	at com.dashwire.features.testing.fctnl.test.TestingOneWidgetTest.waitTillFeaturesConfigured(TestingOneWidgetTest.java:204)
	at com.dashwire.features.testing.fctnl.test.TestingOneWidgetTest.waitTillFeaturesConfigured(TestingOneWidgetTest.java:204)
	at com.dashwire.features.testing.fctnl.test.TestingOneWidgetTest.waitTillFeaturesConfigured(TestingOneWidgetTest.java:204)
	at com.dashwire.features.testing.fctnl.test.TestingOneWidgetTest.waitTillFeaturesConfigured(TestingOneWidgetTest.java:204)
	at com.dashwire.features.testing.fctnl.test.TestingOneWidgetTest.waitTillFeaturesConfigured(TestingOneWidgetTest.java:204)
	at com.dashwire.features.testing.fctnl.test.TestingOneWidgetTest.waitTillFeaturesConfigured(TestingOneWidgetTest.java:204)
	at com.dashwire.features.testing.fctnl.test.TestingOneWidgetTest.waitTillFeaturesConfigured(TestingOneWidgetTest.java:204)
	at com.dashwire.features.testing.fctnl.test.TestingOneWidgetTest.waitTillFeaturesConfigured(TestingOneWidgetTest.java:204)
	at com.dashwire.features.testing.fctnl.test.TestingOneWidgetTest.waitTillFeaturesConfigured(TestingOneWidgetTest.java:204)
	at com.dashwire.features.testing.fctnl.test.TestingOneWidgetTest.waitTillFeaturesConfigured(TestingOneWidgetTest.java:204)
	at com.dashwire.features.testing.fctnl.test.TestingOneWidgetTest.waitTillFeaturesConfigured(TestingOneWidgetTest.java:204)
	at com.dashwire.features.testing.fctnl.test.TestingOneWidgetTest.waitTillFeaturesConfigured(TestingOneWidgetTest.java:204)
	at com.dashwire.features.testing.fctnl.test.TestingOneWidgetTest.waitTillFeaturesConfigured(TestingOneWidgetTest.java:204)
	at com.dashwire.features.testing.fctnl.test.TestingOneWidgetTest.waitTillFeaturesConfigured(TestingOneWidgetTest.java:204)
	at com.dashwire.features.testing.fctnl.test.TestingOneWidgetTest.waitTillFeaturesConfigured(TestingOneWidgetTest.java:204)
	at com.dashwire.features.testing.fctnl.test.TestingOneWidgetTest.waitTillFeaturesConfigured(TestingOneWidgetTest.java:204)
	at com.dashwire.features.testing.fctnl.test.TestingOneWidgetTest.waitTillFeaturesConfigured(TestingOneWidgetTest.java:204)
	at com.dashwire.features.testing.fctnl.test.TestingOneWidgetTest.waitTillFeaturesConfigured(TestingOneWidgetTest.java:204)
	at com.dashwire.features.testing.fctnl.test.TestingOneWidgetTest.waitTillFeaturesConfigured(TestingOneWidgetTest.java:204)
	at com.dashwire.features.testing.fctnl.test.TestingOneWidgetTest.waitTillFeaturesConfigured(TestingOneWidgetTest.java:204)
	at com.dashwire.features.testing.fctnl.test.TestingOneWidgetTest.waitTillFeaturesConfigured(TestingOneWidgetTest.java:204)
	at com.dashwire.features.testing.fctnl.test.TestingOneWidgetTest.waitTillFeaturesConfigured(TestingOneWidgetTest.java:204)
	at com.dashwire.features.testing.fctnl.test.TestingOneWidgetTest.waitTillFeaturesConfigured(TestingOneWidgetTest.java:204)
	at com.dashwire.features.testing.fctnl.test.TestingOneWidgetTest.waitTillFeaturesConfigured(TestingOneWidgetTest.java:204)
	at com.dashwire.features.testing.fctnl.test.TestingOneWidgetTest.waitTillFeaturesConfigured(TestingOneWidgetTest.java:204)
	at com.dashwire.features.testing.fctnl.test.TestingOneWidgetTest.waitTillFeaturesConfigured(TestingOneWidgetTest.java:204)
	at com.dashwire.features.testing.fctnl.test.TestingOneWidgetTest.waitTillFeaturesConfigured(TestingOneWidgetTest.java:204)
	at com.dashwire.features.testing.fctnl.test.TestingOneWidgetTest.waitTillFeaturesConfigured(TestingOneWidgetTest.java:204)
	at com.dashwire.features.testing.fctnl.test.TestingOneWidgetTest.waitTillFeaturesConfigured(TestingOneWidgetTest.java:204)
	at com.dashwire.features.testing.fctnl.test.TestingOneWidgetTest.testingFeatures(TestingOneWidgetTest.java:164)
	at com.dashwire.features.testing.fctnl.test.TestingOneWidgetTest.testOneWidget(TestingOneWidgetTest.java:128)
	at java.lang.reflect.Method.invokeNative(Native Method)
	at java.lang.reflect.Method.invoke(Method.java:511)
	at junit.framework.TestCase.runTest(TestCase.java:168)
	at junit.framework.TestCase.runBare(TestCase.java:134)
	at junit.framework.TestResult$1.protect(TestResult.java:115)
	at junit.framework.TestResult.runProtected(TestResult.java:133)
	at junit.framework.TestResult.run(TestResult.java:118)
	at junit.framework.TestCase.run(TestCase.java:124)
	at android.test.AndroidTestRunner.runTest(AndroidTestRunner.java:190)
	at android.test.AndroidTestRunner.runTest(AndroidTestRunner.java:175)
	at android.test.InstrumentationTestRunner.onStart(InstrumentationTestRunner.java:555)
	at android.app.Instrumentation$InstrumentationThread.run(Instrumentation.java:1661)
</error>
    </testcase>
    <properties />
    <system-out />
    <system-err />
  </testsuite>
</testsuites>