<?xml version="1.0" encoding="UTF-8" ?>
<testsuite errors="0" failures="0" hostname="Tejus-Kudaris-MacBook-Pro.local" name="com.dashwire.wallpaper.WallpaperConfiguratorTest" tests="5" time="2.638" timestamp="2013-01-09T00:56:47">
  <properties>
[...]
</properties>
  <testcase classname="com.dashwire.wallpaper.WallpaperConfiguratorTest" name="invalidFileUriShouldCauseFailureInSetFileWallpaper" time="0.038" />
  <testcase classname="com.dashwire.wallpaper.WallpaperConfiguratorTest" name="invalidResourceUriShouldCauseFailureInSetResourceWallpaper" time="0.0080" />
  <testcase classname="com.dashwire.wallpaper.WallpaperConfiguratorTest" name="configResultShouldBeSentForFileUri" time="0.0090" />
  <testcase classname="com.dashwire.wallpaper.WallpaperConfiguratorTest" name="configResultShouldBeSentForResourceUri" time="0.0050" />
  <testcase classname="com.dashwire.wallpaper.WallpaperConfiguratorTest" name="configResultShouldBeSentForAnyOtherUriScheme" time="0.0020" />
  <system-out><![CDATA[Warning: an error occurred while binding shadow class: ShadowGeoPoint
Warning: an error occurred while binding shadow class: ShadowItemizedOverlay
Warning: an error occurred while binding shadow class: ShadowMapController
Warning: an error occurred while binding shadow class: ShadowMapActivity
Warning: an error occurred while binding shadow class: ShadowMapView
Warning: an error occurred while binding shadow class: ShadowOverlayItem
WallpaperConfigurator Message : featureDataJSONArray : [{"uri":"file:///Users/tejuskudari/dashconfig_12_28_2012/dashconfig_android/ra/wallpaper/android/main/a/non-existent/file"}]
ConfiguratorBaseIntentService Message : null failed because : WallpaperConfigurator Exception : null
WallpaperConfigurator Message : featureDataJSONArray : [{"uri":"android.resource://some/path/to/resource"}]
ConfiguratorBaseIntentService Message : null failed because : WallpaperConfigurator Exception : null
WallpaperConfigurator Message : featureDataJSONArray : [{"uri":"file:///Users/tejuskudari/dashconfig_12_28_2012/dashconfig_android/ra/wallpaper/android/main/a/non-existent/file"}]
ConfiguratorBaseIntentService Message : null failed because : WallpaperConfigurator Exception : null
WallpaperConfigurator Message : featureDataJSONArray : [{"uri":"android.resource://some/path/to/resource"}]
ConfiguratorBaseIntentService Message : null failed because : WallpaperConfigurator Exception : null
WallpaperConfigurator Message : featureDataJSONArray : [{"uri":"some.generic.scheme://some/path/to/resource"}]
]]></system-out>
  <system-err><![CDATA[java.lang.NullPointerException
	at com.dashwire.wallpaper.WallpaperConfigurator.setFileWallpaper(WallpaperConfigurator.java:61)
	at com.dashwire.wallpaper.WallpaperConfigurator.onConfigFeature(WallpaperConfigurator.java:39)
	at com.dashwire.wallpaper.WallpaperConfigurator.onConfigFeatureWrapper(WallpaperConfigurator.java:129)
	at com.dashwire.wallpaper.WallpaperConfiguratorTest.invalidFileUriShouldCauseFailureInSetFileWallpaper(WallpaperConfiguratorTest.java:60)
	at sun.reflect.NativeMethodAccessorImpl.invoke0(Native Method)
	at sun.reflect.NativeMethodAccessorImpl.invoke(NativeMethodAccessorImpl.java:39)
	at sun.reflect.DelegatingMethodAccessorImpl.invoke(DelegatingMethodAccessorImpl.java:25)
	at java.lang.reflect.Method.invoke(Method.java:597)
	at org.junit.runners.model.FrameworkMethod$1.runReflectiveCall(FrameworkMethod.java:45)
	at org.junit.internal.runners.model.ReflectiveCallable.run(ReflectiveCallable.java:15)
	at org.junit.runners.model.FrameworkMethod.invokeExplosively(FrameworkMethod.java:42)
	at org.junit.internal.runners.statements.InvokeMethod.evaluate(InvokeMethod.java:20)
	at org.junit.internal.runners.statements.RunBefores.evaluate(RunBefores.java:28)
	at com.xtremelabs.robolectric.RobolectricTestRunner$1.evaluate(RobolectricTestRunner.java:288)
	at org.junit.runners.ParentRunner.runLeaf(ParentRunner.java:263)
	at org.junit.runners.BlockJUnit4ClassRunner.runChild(BlockJUnit4ClassRunner.java:68)
	at org.junit.runners.BlockJUnit4ClassRunner.runChild(BlockJUnit4ClassRunner.java:47)
	at org.junit.runners.ParentRunner$3.run(ParentRunner.java:231)
	at org.junit.runners.ParentRunner$1.schedule(ParentRunner.java:60)
	at org.junit.runners.ParentRunner.runChildren(ParentRunner.java:229)
	at org.junit.runners.ParentRunner.access$000(ParentRunner.java:50)
	at org.junit.runners.ParentRunner$2.evaluate(ParentRunner.java:222)
	at org.junit.runners.ParentRunner.run(ParentRunner.java:300)
	at junit.framework.JUnit4TestAdapter.run(JUnit4TestAdapter.java:39)
	at org.apache.tools.ant.taskdefs.optional.junit.JUnitTestRunner.run(JUnitTestRunner.java:518)
	at org.apache.tools.ant.taskdefs.optional.junit.JUnitTestRunner.launch(JUnitTestRunner.java:1052)
	at org.apache.tools.ant.taskdefs.optional.junit.JUnitTestRunner.main(JUnitTestRunner.java:906)
java.lang.NullPointerException
	at com.dashwire.wallpaper.WallpaperConfigurator.setResourceWallpaper(WallpaperConfigurator.java:104)
	at com.dashwire.wallpaper.WallpaperConfigurator.onConfigFeature(WallpaperConfigurator.java:42)
	at com.dashwire.wallpaper.WallpaperConfigurator.onConfigFeatureWrapper(WallpaperConfigurator.java:129)
	at com.dashwire.wallpaper.WallpaperConfiguratorTest.invalidResourceUriShouldCauseFailureInSetResourceWallpaper(WallpaperConfiguratorTest.java:77)
	at sun.reflect.NativeMethodAccessorImpl.invoke0(Native Method)
	at sun.reflect.NativeMethodAccessorImpl.invoke(NativeMethodAccessorImpl.java:39)
	at sun.reflect.DelegatingMethodAccessorImpl.invoke(DelegatingMethodAccessorImpl.java:25)
	at java.lang.reflect.Method.invoke(Method.java:597)
	at org.junit.runners.model.FrameworkMethod$1.runReflectiveCall(FrameworkMethod.java:45)
	at org.junit.internal.runners.model.ReflectiveCallable.run(ReflectiveCallable.java:15)
	at org.junit.runners.model.FrameworkMethod.invokeExplosively(FrameworkMethod.java:42)
	at org.junit.internal.runners.statements.InvokeMethod.evaluate(InvokeMethod.java:20)
	at org.junit.internal.runners.statements.RunBefores.evaluate(RunBefores.java:28)
	at com.xtremelabs.robolectric.RobolectricTestRunner$1.evaluate(RobolectricTestRunner.java:288)
	at org.junit.runners.ParentRunner.runLeaf(ParentRunner.java:263)
	at org.junit.runners.BlockJUnit4ClassRunner.runChild(BlockJUnit4ClassRunner.java:68)
	at org.junit.runners.BlockJUnit4ClassRunner.runChild(BlockJUnit4ClassRunner.java:47)
	at org.junit.runners.ParentRunner$3.run(ParentRunner.java:231)
	at org.junit.runners.ParentRunner$1.schedule(ParentRunner.java:60)
	at org.junit.runners.ParentRunner.runChildren(ParentRunner.java:229)
	at org.junit.runners.ParentRunner.access$000(ParentRunner.java:50)
	at org.junit.runners.ParentRunner$2.evaluate(ParentRunner.java:222)
	at org.junit.runners.ParentRunner.run(ParentRunner.java:300)
	at junit.framework.JUnit4TestAdapter.run(JUnit4TestAdapter.java:39)
	at org.apache.tools.ant.taskdefs.optional.junit.JUnitTestRunner.run(JUnitTestRunner.java:518)
	at org.apache.tools.ant.taskdefs.optional.junit.JUnitTestRunner.launch(JUnitTestRunner.java:1052)
	at org.apache.tools.ant.taskdefs.optional.junit.JUnitTestRunner.main(JUnitTestRunner.java:906)
java.lang.NullPointerException
	at com.dashwire.wallpaper.WallpaperConfigurator.setFileWallpaper(WallpaperConfigurator.java:61)
	at com.dashwire.wallpaper.WallpaperConfigurator.onConfigFeature(WallpaperConfigurator.java:39)
	at com.dashwire.wallpaper.WallpaperConfigurator.onConfigFeatureWrapper(WallpaperConfigurator.java:129)
	at com.dashwire.wallpaper.WallpaperConfiguratorTest.configResultShouldBeSentForFileUri(WallpaperConfiguratorTest.java:98)
	at sun.reflect.NativeMethodAccessorImpl.invoke0(Native Method)
	at sun.reflect.NativeMethodAccessorImpl.invoke(NativeMethodAccessorImpl.java:39)
	at sun.reflect.DelegatingMethodAccessorImpl.invoke(DelegatingMethodAccessorImpl.java:25)
	at java.lang.reflect.Method.invoke(Method.java:597)
	at org.junit.runners.model.FrameworkMethod$1.runReflectiveCall(FrameworkMethod.java:45)
	at org.junit.internal.runners.model.ReflectiveCallable.run(ReflectiveCallable.java:15)
	at org.junit.runners.model.FrameworkMethod.invokeExplosively(FrameworkMethod.java:42)
	at org.junit.internal.runners.statements.InvokeMethod.evaluate(InvokeMethod.java:20)
	at org.junit.internal.runners.statements.RunBefores.evaluate(RunBefores.java:28)
	at com.xtremelabs.robolectric.RobolectricTestRunner$1.evaluate(RobolectricTestRunner.java:288)
	at org.junit.runners.ParentRunner.runLeaf(ParentRunner.java:263)
	at org.junit.runners.BlockJUnit4ClassRunner.runChild(BlockJUnit4ClassRunner.java:68)
	at org.junit.runners.BlockJUnit4ClassRunner.runChild(BlockJUnit4ClassRunner.java:47)
	at org.junit.runners.ParentRunner$3.run(ParentRunner.java:231)
	at org.junit.runners.ParentRunner$1.schedule(ParentRunner.java:60)
	at org.junit.runners.ParentRunner.runChildren(ParentRunner.java:229)
	at org.junit.runners.ParentRunner.access$000(ParentRunner.java:50)
	at org.junit.runners.ParentRunner$2.evaluate(ParentRunner.java:222)
	at org.junit.runners.ParentRunner.run(ParentRunner.java:300)
	at junit.framework.JUnit4TestAdapter.run(JUnit4TestAdapter.java:39)
	at org.apache.tools.ant.taskdefs.optional.junit.JUnitTestRunner.run(JUnitTestRunner.java:518)
	at org.apache.tools.ant.taskdefs.optional.junit.JUnitTestRunner.launch(JUnitTestRunner.java:1052)
	at org.apache.tools.ant.taskdefs.optional.junit.JUnitTestRunner.main(JUnitTestRunner.java:906)
java.lang.NullPointerException
	at com.dashwire.wallpaper.WallpaperConfigurator.setResourceWallpaper(WallpaperConfigurator.java:104)
	at com.dashwire.wallpaper.WallpaperConfigurator.onConfigFeature(WallpaperConfigurator.java:42)
	at com.dashwire.wallpaper.WallpaperConfigurator.onConfigFeatureWrapper(WallpaperConfigurator.java:129)
	at com.dashwire.wallpaper.WallpaperConfiguratorTest.configResultShouldBeSentForResourceUri(WallpaperConfiguratorTest.java:118)
	at sun.reflect.NativeMethodAccessorImpl.invoke0(Native Method)
	at sun.reflect.NativeMethodAccessorImpl.invoke(NativeMethodAccessorImpl.java:39)
	at sun.reflect.DelegatingMethodAccessorImpl.invoke(DelegatingMethodAccessorImpl.java:25)
	at java.lang.reflect.Method.invoke(Method.java:597)
	at org.junit.runners.model.FrameworkMethod$1.runReflectiveCall(FrameworkMethod.java:45)
	at org.junit.internal.runners.model.ReflectiveCallable.run(ReflectiveCallable.java:15)
	at org.junit.runners.model.FrameworkMethod.invokeExplosively(FrameworkMethod.java:42)
	at org.junit.internal.runners.statements.InvokeMethod.evaluate(InvokeMethod.java:20)
	at org.junit.internal.runners.statements.RunBefores.evaluate(RunBefores.java:28)
	at com.xtremelabs.robolectric.RobolectricTestRunner$1.evaluate(RobolectricTestRunner.java:288)
	at org.junit.runners.ParentRunner.runLeaf(ParentRunner.java:263)
	at org.junit.runners.BlockJUnit4ClassRunner.runChild(BlockJUnit4ClassRunner.java:68)
	at org.junit.runners.BlockJUnit4ClassRunner.runChild(BlockJUnit4ClassRunner.java:47)
	at org.junit.runners.ParentRunner$3.run(ParentRunner.java:231)
	at org.junit.runners.ParentRunner$1.schedule(ParentRunner.java:60)
	at org.junit.runners.ParentRunner.runChildren(ParentRunner.java:229)
	at org.junit.runners.ParentRunner.access$000(ParentRunner.java:50)
	at org.junit.runners.ParentRunner$2.evaluate(ParentRunner.java:222)
	at org.junit.runners.ParentRunner.run(ParentRunner.java:300)
	at junit.framework.JUnit4TestAdapter.run(JUnit4TestAdapter.java:39)
	at org.apache.tools.ant.taskdefs.optional.junit.JUnitTestRunner.run(JUnitTestRunner.java:518)
	at org.apache.tools.ant.taskdefs.optional.junit.JUnitTestRunner.launch(JUnitTestRunner.java:1052)
	at org.apache.tools.ant.taskdefs.optional.junit.JUnitTestRunner.main(JUnitTestRunner.java:906)
]]></system-err>
</testsuite>
